[0.015s] Invoking command in '/home/datvu/robot_arm506_ws/build/arduinobot_bringup': CMAKE_PREFIX_PATH=${CMAKE_PREFIX_PATH}:/home/datvu/ros2_ws/install/my_py_pkg:/opt/ros/humble /usr/bin/cmake /home/datvu/robot_arm506_ws/src/arduinobot_bringup -DCMAKE_INSTALL_PREFIX=/home/datvu/robot_arm506_ws/install/arduinobot_bringup
[0.051s] -- The C compiler identification is GNU 11.4.0
[0.090s] -- The CXX compiler identification is GNU 11.4.0
[0.096s] -- Detecting C compiler ABI info
[0.153s] -- Detecting C compiler ABI info - done
[0.160s] -- Check for working C compiler: /usr/bin/cc - skipped
[0.160s] -- Detecting C compile features
[0.160s] -- Detecting C compile features - done
[0.162s] -- Detecting CXX compiler ABI info
[0.215s] -- Detecting CXX compiler ABI info - done
[0.223s] -- Check for working CXX compiler: /usr/bin/c++ - skipped
[0.223s] -- Detecting CXX compile features
[0.223s] -- Detecting CXX compile features - done
[0.225s] -- Found ament_cmake: 1.3.10 (/opt/ros/humble/share/ament_cmake/cmake)
[0.344s] -- Found Python3: /usr/bin/python3 (found version "3.10.12") found components: Interpreter 
[0.453s] -- Configuring done
[0.455s] -- Generating done
[0.456s] -- Build files have been written to: /home/datvu/robot_arm506_ws/build/arduinobot_bringup
[0.460s] Invoked command in '/home/datvu/robot_arm506_ws/build/arduinobot_bringup' returned '0': CMAKE_PREFIX_PATH=${CMAKE_PREFIX_PATH}:/home/datvu/ros2_ws/install/my_py_pkg:/opt/ros/humble /usr/bin/cmake /home/datvu/robot_arm506_ws/src/arduinobot_bringup -DCMAKE_INSTALL_PREFIX=/home/datvu/robot_arm506_ws/install/arduinobot_bringup
[0.462s] Invoking command in '/home/datvu/robot_arm506_ws/build/arduinobot_bringup': CMAKE_PREFIX_PATH=${CMAKE_PREFIX_PATH}:/home/datvu/ros2_ws/install/my_py_pkg:/opt/ros/humble /usr/bin/cmake --build /home/datvu/robot_arm506_ws/build/arduinobot_bringup -- -j16 -l16
[0.498s] Invoked command in '/home/datvu/robot_arm506_ws/build/arduinobot_bringup' returned '0': CMAKE_PREFIX_PATH=${CMAKE_PREFIX_PATH}:/home/datvu/ros2_ws/install/my_py_pkg:/opt/ros/humble /usr/bin/cmake --build /home/datvu/robot_arm506_ws/build/arduinobot_bringup -- -j16 -l16
[0.527s] Invoking command in '/home/datvu/robot_arm506_ws/build/arduinobot_bringup': CMAKE_PREFIX_PATH=${CMAKE_PREFIX_PATH}:/home/datvu/ros2_ws/install/my_py_pkg:/opt/ros/humble /usr/bin/cmake --install /home/datvu/robot_arm506_ws/build/arduinobot_bringup
[0.533s] -- Install configuration: ""
[0.533s] -- Installing: /home/datvu/robot_arm506_ws/install/arduinobot_bringup/share/arduinobot_bringup/launch
[0.533s] -- Installing: /home/datvu/robot_arm506_ws/install/arduinobot_bringup/share/arduinobot_bringup/launch/real_robot.launch.py
[0.533s] -- Installing: /home/datvu/robot_arm506_ws/install/arduinobot_bringup/share/arduinobot_bringup/launch/simulated_robot.launch.py
[0.533s] -- Installing: /home/datvu/robot_arm506_ws/install/arduinobot_bringup/share/ament_index/resource_index/package_run_dependencies/arduinobot_bringup
[0.533s] -- Installing: /home/datvu/robot_arm506_ws/install/arduinobot_bringup/share/ament_index/resource_index/parent_prefix_path/arduinobot_bringup
[0.533s] -- Installing: /home/datvu/robot_arm506_ws/install/arduinobot_bringup/share/arduinobot_bringup/environment/ament_prefix_path.sh
[0.533s] -- Installing: /home/datvu/robot_arm506_ws/install/arduinobot_bringup/share/arduinobot_bringup/environment/ament_prefix_path.dsv
[0.533s] -- Installing: /home/datvu/robot_arm506_ws/install/arduinobot_bringup/share/arduinobot_bringup/environment/path.sh
[0.533s] -- Installing: /home/datvu/robot_arm506_ws/install/arduinobot_bringup/share/arduinobot_bringup/environment/path.dsv
[0.533s] -- Installing: /home/datvu/robot_arm506_ws/install/arduinobot_bringup/share/arduinobot_bringup/local_setup.bash
[0.533s] -- Installing: /home/datvu/robot_arm506_ws/install/arduinobot_bringup/share/arduinobot_bringup/local_setup.sh
[0.533s] -- Installing: /home/datvu/robot_arm506_ws/install/arduinobot_bringup/share/arduinobot_bringup/local_setup.zsh
[0.533s] -- Installing: /home/datvu/robot_arm506_ws/install/arduinobot_bringup/share/arduinobot_bringup/local_setup.dsv
[0.533s] -- Installing: /home/datvu/robot_arm506_ws/install/arduinobot_bringup/share/arduinobot_bringup/package.dsv
[0.533s] -- Installing: /home/datvu/robot_arm506_ws/install/arduinobot_bringup/share/ament_index/resource_index/packages/arduinobot_bringup
[0.533s] -- Installing: /home/datvu/robot_arm506_ws/install/arduinobot_bringup/share/arduinobot_bringup/cmake/arduinobot_bringupConfig.cmake
[0.534s] -- Installing: /home/datvu/robot_arm506_ws/install/arduinobot_bringup/share/arduinobot_bringup/cmake/arduinobot_bringupConfig-version.cmake
[0.534s] -- Installing: /home/datvu/robot_arm506_ws/install/arduinobot_bringup/share/arduinobot_bringup/package.xml
[0.535s] Invoked command in '/home/datvu/robot_arm506_ws/build/arduinobot_bringup' returned '0': CMAKE_PREFIX_PATH=${CMAKE_PREFIX_PATH}:/home/datvu/ros2_ws/install/my_py_pkg:/opt/ros/humble /usr/bin/cmake --install /home/datvu/robot_arm506_ws/build/arduinobot_bringup
