[0.015s] Invoking command in '/home/datvu/robot_arm506_ws/build/arduinobot_firmware': CMAKE_PREFIX_PATH=${CMAKE_PREFIX_PATH}:/home/datvu/ros2_ws/install/my_py_pkg:/opt/ros/humble /usr/bin/cmake /home/datvu/robot_arm506_ws/src/arduinobot_firmware -DCMAKE_INSTALL_PREFIX=/home/datvu/robot_arm506_ws/install/arduinobot_firmware
[0.060s] -- The C compiler identification is GNU 11.4.0
[0.105s] -- The CXX compiler identification is GNU 11.4.0
[0.111s] -- Detecting C compiler ABI info
[0.156s] -- Detecting C compiler ABI info - done
[0.161s] -- Check for working C compiler: /usr/bin/cc - skipped
[0.161s] -- Detecting C compile features
[0.161s] -- Detecting C compile features - done
[0.163s] -- Detecting CXX compiler ABI info
[0.216s] -- Detecting CXX compiler ABI info - done
[0.225s] -- Check for working CXX compiler: /usr/bin/c++ - skipped
[0.225s] -- Detecting CXX compile features
[0.226s] -- Detecting CXX compile features - done
[0.229s] -- Found ament_cmake: 1.3.10 (/opt/ros/humble/share/ament_cmake/cmake)
[0.341s] -- Found Python3: /usr/bin/python3 (found version "3.10.12") found components: Interpreter 
[0.411s] -- Found rclcpp: 16.0.10 (/opt/ros/humble/share/rclcpp/cmake)
[0.456s] -- Found rosidl_generator_c: 3.1.5 (/opt/ros/humble/share/rosidl_generator_c/cmake)
[0.460s] -- Found rosidl_adapter: 3.1.5 (/opt/ros/humble/share/rosidl_adapter/cmake)
[0.469s] -- Found rosidl_generator_cpp: 3.1.5 (/opt/ros/humble/share/rosidl_generator_cpp/cmake)
[0.482s] -- Using all available rosidl_typesupport_c: rosidl_typesupport_fastrtps_c;rosidl_typesupport_introspection_c
[0.500s] -- Using all available rosidl_typesupport_cpp: rosidl_typesupport_fastrtps_cpp;rosidl_typesupport_introspection_cpp
[0.550s] -- Found rmw_implementation_cmake: 6.1.2 (/opt/ros/humble/share/rmw_implementation_cmake/cmake)
[0.553s] -- Found rmw_cyclonedds_cpp: 1.3.4 (/opt/ros/humble/share/rmw_cyclonedds_cpp/cmake)
[0.577s] -- Using RMW implementation 'rmw_cyclonedds_cpp' as default
[0.587s] -- Looking for pthread.h
[0.649s] -- Looking for pthread.h - found
[0.649s] -- Performing Test CMAKE_HAVE_LIBC_PTHREAD
[0.703s] -- Performing Test CMAKE_HAVE_LIBC_PTHREAD - Success
[0.704s] -- Found Threads: TRUE  
[0.741s] -- Found rclpy: 3.3.14 (/opt/ros/humble/share/rclpy/cmake)
[0.744s] -- Found PkgConfig: /usr/bin/pkg-config (found version "0.29.2") 
[0.744s] -- Checking for module 'libserial'
[0.754s] --   Found libserial, version 1.0.0
[0.880s] -- Configuring done
[0.887s] -- Generating done
[0.888s] -- Build files have been written to: /home/datvu/robot_arm506_ws/build/arduinobot_firmware
[0.893s] Invoked command in '/home/datvu/robot_arm506_ws/build/arduinobot_firmware' returned '0': CMAKE_PREFIX_PATH=${CMAKE_PREFIX_PATH}:/home/datvu/ros2_ws/install/my_py_pkg:/opt/ros/humble /usr/bin/cmake /home/datvu/robot_arm506_ws/src/arduinobot_firmware -DCMAKE_INSTALL_PREFIX=/home/datvu/robot_arm506_ws/install/arduinobot_firmware
[0.895s] Invoking command in '/home/datvu/robot_arm506_ws/build/arduinobot_firmware': CMAKE_PREFIX_PATH=${CMAKE_PREFIX_PATH}:/home/datvu/ros2_ws/install/my_py_pkg:/opt/ros/humble /usr/bin/cmake --build /home/datvu/robot_arm506_ws/build/arduinobot_firmware -- -j16 -l16
[0.933s] [ 25%] [32mBuilding CXX object CMakeFiles/simple_serial_receiver.dir/src/simple_serial_receiver.cpp.o[0m
[0.933s] [ 50%] [32mBuilding CXX object CMakeFiles/simple_serial_transmitter.dir/src/simple_serial_transmitter.cpp.o[0m
[0.938s] [ 50%] Built target ament_cmake_python_copy_arduinobot_firmware
[1.103s] running egg_info
[1.103s] creating arduinobot_firmware.egg-info
[1.103s] writing arduinobot_firmware.egg-info/PKG-INFO
[1.103s] writing dependency_links to arduinobot_firmware.egg-info/dependency_links.txt
[1.103s] writing top-level names to arduinobot_firmware.egg-info/top_level.txt
[1.104s] writing manifest file 'arduinobot_firmware.egg-info/SOURCES.txt'
[1.105s] reading manifest file 'arduinobot_firmware.egg-info/SOURCES.txt'
[1.105s] writing manifest file 'arduinobot_firmware.egg-info/SOURCES.txt'
[1.128s] [ 50%] Built target ament_cmake_python_build_arduinobot_firmware_egg
[4.519s] [ 75%] [32m[1mLinking CXX executable simple_serial_receiver[0m
[4.655s] [ 75%] Built target simple_serial_receiver
[6.520s] [100%] [32m[1mLinking CXX executable simple_serial_transmitter[0m
[6.744s] [100%] Built target simple_serial_transmitter
[6.751s] Invoked command in '/home/datvu/robot_arm506_ws/build/arduinobot_firmware' returned '0': CMAKE_PREFIX_PATH=${CMAKE_PREFIX_PATH}:/home/datvu/ros2_ws/install/my_py_pkg:/opt/ros/humble /usr/bin/cmake --build /home/datvu/robot_arm506_ws/build/arduinobot_firmware -- -j16 -l16
[6.778s] Invoking command in '/home/datvu/robot_arm506_ws/build/arduinobot_firmware': CMAKE_PREFIX_PATH=${CMAKE_PREFIX_PATH}:/home/datvu/ros2_ws/install/my_py_pkg:/opt/ros/humble /usr/bin/cmake --install /home/datvu/robot_arm506_ws/build/arduinobot_firmware
[6.784s] -- Install configuration: ""
[6.784s] -- Installing: /home/datvu/robot_arm506_ws/install/arduinobot_firmware/share/arduinobot_firmware/environment/pythonpath.sh
[6.784s] -- Installing: /home/datvu/robot_arm506_ws/install/arduinobot_firmware/share/arduinobot_firmware/environment/pythonpath.dsv
[6.784s] -- Installing: /home/datvu/robot_arm506_ws/install/arduinobot_firmware/local/lib/python3.10/dist-packages/arduinobot_firmware-0.0.0-py3.10.egg-info
[6.785s] -- Installing: /home/datvu/robot_arm506_ws/install/arduinobot_firmware/local/lib/python3.10/dist-packages/arduinobot_firmware-0.0.0-py3.10.egg-info/top_level.txt
[6.785s] -- Installing: /home/datvu/robot_arm506_ws/install/arduinobot_firmware/local/lib/python3.10/dist-packages/arduinobot_firmware-0.0.0-py3.10.egg-info/PKG-INFO
[6.785s] -- Installing: /home/datvu/robot_arm506_ws/install/arduinobot_firmware/local/lib/python3.10/dist-packages/arduinobot_firmware-0.0.0-py3.10.egg-info/SOURCES.txt
[6.785s] -- Installing: /home/datvu/robot_arm506_ws/install/arduinobot_firmware/local/lib/python3.10/dist-packages/arduinobot_firmware-0.0.0-py3.10.egg-info/dependency_links.txt
[6.785s] -- Installing: /home/datvu/robot_arm506_ws/install/arduinobot_firmware/local/lib/python3.10/dist-packages/arduinobot_firmware
[6.785s] -- Installing: /home/datvu/robot_arm506_ws/install/arduinobot_firmware/local/lib/python3.10/dist-packages/arduinobot_firmware/__init__.py
[6.785s] -- Installing: /home/datvu/robot_arm506_ws/install/arduinobot_firmware/local/lib/python3.10/dist-packages/arduinobot_firmware/simple_serial_receiver.py
[6.785s] -- Installing: /home/datvu/robot_arm506_ws/install/arduinobot_firmware/local/lib/python3.10/dist-packages/arduinobot_firmware/simple_serial_transmitter.py
[6.807s] Listing '/home/datvu/robot_arm506_ws/install/arduinobot_firmware/local/lib/python3.10/dist-packages/arduinobot_firmware'...
[6.807s] Compiling '/home/datvu/robot_arm506_ws/install/arduinobot_firmware/local/lib/python3.10/dist-packages/arduinobot_firmware/__init__.py'...
[6.807s] Compiling '/home/datvu/robot_arm506_ws/install/arduinobot_firmware/local/lib/python3.10/dist-packages/arduinobot_firmware/simple_serial_receiver.py'...
[6.807s] Compiling '/home/datvu/robot_arm506_ws/install/arduinobot_firmware/local/lib/python3.10/dist-packages/arduinobot_firmware/simple_serial_transmitter.py'...
[6.810s] -- Installing: /home/datvu/robot_arm506_ws/install/arduinobot_firmware/lib/arduinobot_firmware/simple_serial_receiver
[6.811s] -- Set runtime path of "/home/datvu/robot_arm506_ws/install/arduinobot_firmware/lib/arduinobot_firmware/simple_serial_receiver" to ""
[6.811s] -- Installing: /home/datvu/robot_arm506_ws/install/arduinobot_firmware/lib/arduinobot_firmware/simple_serial_transmitter
[6.813s] -- Set runtime path of "/home/datvu/robot_arm506_ws/install/arduinobot_firmware/lib/arduinobot_firmware/simple_serial_transmitter" to ""
[6.813s] -- Installing: /home/datvu/robot_arm506_ws/install/arduinobot_firmware/lib/arduinobot_firmware/simple_serial_transmitter.py
[6.814s] -- Installing: /home/datvu/robot_arm506_ws/install/arduinobot_firmware/lib/arduinobot_firmware/simple_serial_receiver.py
[6.814s] -- Installing: /home/datvu/robot_arm506_ws/install/arduinobot_firmware/share/ament_index/resource_index/package_run_dependencies/arduinobot_firmware
[6.814s] -- Installing: /home/datvu/robot_arm506_ws/install/arduinobot_firmware/share/ament_index/resource_index/parent_prefix_path/arduinobot_firmware
[6.814s] -- Installing: /home/datvu/robot_arm506_ws/install/arduinobot_firmware/share/arduinobot_firmware/environment/ament_prefix_path.sh
[6.814s] -- Installing: /home/datvu/robot_arm506_ws/install/arduinobot_firmware/share/arduinobot_firmware/environment/ament_prefix_path.dsv
[6.814s] -- Installing: /home/datvu/robot_arm506_ws/install/arduinobot_firmware/share/arduinobot_firmware/environment/path.sh
[6.814s] -- Installing: /home/datvu/robot_arm506_ws/install/arduinobot_firmware/share/arduinobot_firmware/environment/path.dsv
[6.814s] -- Installing: /home/datvu/robot_arm506_ws/install/arduinobot_firmware/share/arduinobot_firmware/local_setup.bash
[6.814s] -- Installing: /home/datvu/robot_arm506_ws/install/arduinobot_firmware/share/arduinobot_firmware/local_setup.sh
[6.814s] -- Installing: /home/datvu/robot_arm506_ws/install/arduinobot_firmware/share/arduinobot_firmware/local_setup.zsh
[6.815s] -- Installing: /home/datvu/robot_arm506_ws/install/arduinobot_firmware/share/arduinobot_firmware/local_setup.dsv
[6.815s] -- Installing: /home/datvu/robot_arm506_ws/install/arduinobot_firmware/share/arduinobot_firmware/package.dsv
[6.815s] -- Installing: /home/datvu/robot_arm506_ws/install/arduinobot_firmware/share/ament_index/resource_index/packages/arduinobot_firmware
[6.815s] -- Installing: /home/datvu/robot_arm506_ws/install/arduinobot_firmware/share/arduinobot_firmware/cmake/arduinobot_firmwareConfig.cmake
[6.815s] -- Installing: /home/datvu/robot_arm506_ws/install/arduinobot_firmware/share/arduinobot_firmware/cmake/arduinobot_firmwareConfig-version.cmake
[6.815s] -- Installing: /home/datvu/robot_arm506_ws/install/arduinobot_firmware/share/arduinobot_firmware/package.xml
[6.817s] Invoked command in '/home/datvu/robot_arm506_ws/build/arduinobot_firmware' returned '0': CMAKE_PREFIX_PATH=${CMAKE_PREFIX_PATH}:/home/datvu/ros2_ws/install/my_py_pkg:/opt/ros/humble /usr/bin/cmake --install /home/datvu/robot_arm506_ws/build/arduinobot_firmware
