[0.015s] Invoking command in '/home/datvu/robot_arm506_ws/build/arduinobot_description': CMAKE_PREFIX_PATH=${CMAKE_PREFIX_PATH}:/home/datvu/ros2_ws/install/my_py_pkg:/opt/ros/humble /usr/bin/cmake /home/datvu/robot_arm506_ws/src/arduinobot_description -DCMAKE_INSTALL_PREFIX=/home/datvu/robot_arm506_ws/install/arduinobot_description
[0.061s] -- The C compiler identification is GNU 11.4.0
[0.112s] -- The CXX compiler identification is GNU 11.4.0
[0.118s] -- Detecting C compiler ABI info
[0.175s] -- Detecting C compiler ABI info - done
[0.183s] -- Check for working C compiler: /usr/bin/cc - skipped
[0.183s] -- Detecting C compile features
[0.183s] -- Detecting C compile features - done
[0.186s] -- Detecting CXX compiler ABI info
[0.244s] -- Detecting CXX compiler ABI info - done
[0.250s] -- Check for working CXX compiler: /usr/bin/c++ - skipped
[0.250s] -- Detecting CXX compile features
[0.250s] -- Detecting CXX compile features - done
[0.252s] -- Found ament_cmake: 1.3.10 (/opt/ros/humble/share/ament_cmake/cmake)
[0.364s] -- Found Python3: /usr/bin/python3 (found version "3.10.12") found components: Interpreter 
[0.454s] -- Found urdf: 2.6.1 (/opt/ros/humble/share/urdf/cmake)
[0.487s] -- Found ament_lint_auto: 0.12.11 (/opt/ros/humble/share/ament_lint_auto/cmake)
[0.551s] -- Added test 'copyright' to check source files copyright and LICENSE
[0.555s] -- Added test 'flake8' to check Python code syntax and style conventions
[0.556s] -- Added test 'lint_cmake' to check CMake code style
[0.556s] -- Added test 'pep257' to check Python code against some of the docstring style conventions in PEP 257
[0.559s] -- Added test 'xmllint' to check XML markup files
[0.561s] -- Configuring done
[0.563s] -- Generating done
[0.564s] -- Build files have been written to: /home/datvu/robot_arm506_ws/build/arduinobot_description
[0.569s] Invoked command in '/home/datvu/robot_arm506_ws/build/arduinobot_description' returned '0': CMAKE_PREFIX_PATH=${CMAKE_PREFIX_PATH}:/home/datvu/ros2_ws/install/my_py_pkg:/opt/ros/humble /usr/bin/cmake /home/datvu/robot_arm506_ws/src/arduinobot_description -DCMAKE_INSTALL_PREFIX=/home/datvu/robot_arm506_ws/install/arduinobot_description
[0.571s] Invoking command in '/home/datvu/robot_arm506_ws/build/arduinobot_description': CMAKE_PREFIX_PATH=${CMAKE_PREFIX_PATH}:/home/datvu/ros2_ws/install/my_py_pkg:/opt/ros/humble /usr/bin/cmake --build /home/datvu/robot_arm506_ws/build/arduinobot_description -- -j16 -l16
[0.597s] Invoked command in '/home/datvu/robot_arm506_ws/build/arduinobot_description' returned '0': CMAKE_PREFIX_PATH=${CMAKE_PREFIX_PATH}:/home/datvu/ros2_ws/install/my_py_pkg:/opt/ros/humble /usr/bin/cmake --build /home/datvu/robot_arm506_ws/build/arduinobot_description -- -j16 -l16
[0.616s] Invoking command in '/home/datvu/robot_arm506_ws/build/arduinobot_description': CMAKE_PREFIX_PATH=${CMAKE_PREFIX_PATH}:/home/datvu/ros2_ws/install/my_py_pkg:/opt/ros/humble /usr/bin/cmake --install /home/datvu/robot_arm506_ws/build/arduinobot_description
[0.624s] -- Install configuration: ""
[0.624s] -- Installing: /home/datvu/robot_arm506_ws/install/arduinobot_description/share/arduinobot_description/launch
[0.624s] -- Installing: /home/datvu/robot_arm506_ws/install/arduinobot_description/share/arduinobot_description/launch/gazebo.launch.py
[0.624s] -- Installing: /home/datvu/robot_arm506_ws/install/arduinobot_description/share/arduinobot_description/launch/display.launch.py
[0.624s] -- Installing: /home/datvu/robot_arm506_ws/install/arduinobot_description/share/arduinobot_description/meshes
[0.624s] -- Installing: /home/datvu/robot_arm506_ws/install/arduinobot_description/share/arduinobot_description/meshes/Joint3.STL
[0.625s] -- Installing: /home/datvu/robot_arm506_ws/install/arduinobot_description/share/arduinobot_description/meshes/Joint_2.STL
[0.625s] -- Installing: /home/datvu/robot_arm506_ws/install/arduinobot_description/share/arduinobot_description/meshes/Joint_3.STL
[0.625s] -- Installing: /home/datvu/robot_arm506_ws/install/arduinobot_description/share/arduinobot_description/meshes/Joint_1.STL
[0.625s] -- Installing: /home/datvu/robot_arm506_ws/install/arduinobot_description/share/arduinobot_description/meshes/Base.STL
[0.625s] -- Installing: /home/datvu/robot_arm506_ws/install/arduinobot_description/share/arduinobot_description/meshes/left_finger.STL
[0.625s] -- Installing: /home/datvu/robot_arm506_ws/install/arduinobot_description/share/arduinobot_description/meshes/right_finger.STL
[0.625s] -- Installing: /home/datvu/robot_arm506_ws/install/arduinobot_description/share/arduinobot_description/meshes/Arm_To_Gripper.STL
[0.625s] -- Installing: /home/datvu/robot_arm506_ws/install/arduinobot_description/share/arduinobot_description/models
[0.625s] -- Installing: /home/datvu/robot_arm506_ws/install/arduinobot_description/share/arduinobot_description/models/ground_plane
[0.625s] -- Installing: /home/datvu/robot_arm506_ws/install/arduinobot_description/share/arduinobot_description/models/ground_plane/model-1_3.sdf
[0.626s] -- Installing: /home/datvu/robot_arm506_ws/install/arduinobot_description/share/arduinobot_description/models/ground_plane/model-1_2.sdf
[0.626s] -- Installing: /home/datvu/robot_arm506_ws/install/arduinobot_description/share/arduinobot_description/models/ground_plane/model.sdf
[0.626s] -- Installing: /home/datvu/robot_arm506_ws/install/arduinobot_description/share/arduinobot_description/models/ground_plane/model-1_4.sdf
[0.626s] -- Installing: /home/datvu/robot_arm506_ws/install/arduinobot_description/share/arduinobot_description/models/ground_plane/model.config
[0.626s] -- Installing: /home/datvu/robot_arm506_ws/install/arduinobot_description/share/arduinobot_description/models/sun
[0.626s] -- Installing: /home/datvu/robot_arm506_ws/install/arduinobot_description/share/arduinobot_description/models/sun/model-1_3.sdf
[0.626s] -- Installing: /home/datvu/robot_arm506_ws/install/arduinobot_description/share/arduinobot_description/models/sun/model-1_2.sdf
[0.626s] -- Installing: /home/datvu/robot_arm506_ws/install/arduinobot_description/share/arduinobot_description/models/sun/model.sdf
[0.626s] -- Installing: /home/datvu/robot_arm506_ws/install/arduinobot_description/share/arduinobot_description/models/sun/model-1_4.sdf
[0.626s] -- Installing: /home/datvu/robot_arm506_ws/install/arduinobot_description/share/arduinobot_description/models/sun/model.config
[0.626s] -- Installing: /home/datvu/robot_arm506_ws/install/arduinobot_description/share/arduinobot_description/urdf
[0.626s] -- Installing: /home/datvu/robot_arm506_ws/install/arduinobot_description/share/arduinobot_description/urdf/arduinobot.urdf.xacro
[0.626s] -- Installing: /home/datvu/robot_arm506_ws/install/arduinobot_description/share/arduinobot_description/urdf/arduinobot_ros2_control.xacro
[0.626s] -- Installing: /home/datvu/robot_arm506_ws/install/arduinobot_description/share/arduinobot_description/urdf/arduinobot_gazebo.xacro
[0.626s] -- Installing: /home/datvu/robot_arm506_ws/install/arduinobot_description/share/arduinobot_description/rvizdisplay
[0.626s] -- Installing: /home/datvu/robot_arm506_ws/install/arduinobot_description/share/arduinobot_description/rvizdisplay/rvizdisplay1.rviz
[0.626s] -- Installing: /home/datvu/robot_arm506_ws/install/arduinobot_description/share/ament_index/resource_index/package_run_dependencies/arduinobot_description
[0.626s] -- Installing: /home/datvu/robot_arm506_ws/install/arduinobot_description/share/ament_index/resource_index/parent_prefix_path/arduinobot_description
[0.626s] -- Installing: /home/datvu/robot_arm506_ws/install/arduinobot_description/share/arduinobot_description/environment/ament_prefix_path.sh
[0.626s] -- Installing: /home/datvu/robot_arm506_ws/install/arduinobot_description/share/arduinobot_description/environment/ament_prefix_path.dsv
[0.626s] -- Installing: /home/datvu/robot_arm506_ws/install/arduinobot_description/share/arduinobot_description/environment/path.sh
[0.626s] -- Installing: /home/datvu/robot_arm506_ws/install/arduinobot_description/share/arduinobot_description/environment/path.dsv
[0.626s] -- Installing: /home/datvu/robot_arm506_ws/install/arduinobot_description/share/arduinobot_description/local_setup.bash
[0.626s] -- Installing: /home/datvu/robot_arm506_ws/install/arduinobot_description/share/arduinobot_description/local_setup.sh
[0.626s] -- Installing: /home/datvu/robot_arm506_ws/install/arduinobot_description/share/arduinobot_description/local_setup.zsh
[0.626s] -- Installing: /home/datvu/robot_arm506_ws/install/arduinobot_description/share/arduinobot_description/local_setup.dsv
[0.626s] -- Installing: /home/datvu/robot_arm506_ws/install/arduinobot_description/share/arduinobot_description/package.dsv
[0.626s] -- Installing: /home/datvu/robot_arm506_ws/install/arduinobot_description/share/ament_index/resource_index/packages/arduinobot_description
[0.627s] -- Installing: /home/datvu/robot_arm506_ws/install/arduinobot_description/share/arduinobot_description/cmake/arduinobot_descriptionConfig.cmake
[0.627s] -- Installing: /home/datvu/robot_arm506_ws/install/arduinobot_description/share/arduinobot_description/cmake/arduinobot_descriptionConfig-version.cmake
[0.627s] -- Installing: /home/datvu/robot_arm506_ws/install/arduinobot_description/share/arduinobot_description/package.xml
[0.628s] Invoked command in '/home/datvu/robot_arm506_ws/build/arduinobot_description' returned '0': CMAKE_PREFIX_PATH=${CMAKE_PREFIX_PATH}:/home/datvu/ros2_ws/install/my_py_pkg:/opt/ros/humble /usr/bin/cmake --install /home/datvu/robot_arm506_ws/build/arduinobot_description
