[0.007s] Invoking command in '/home/datvu/robot_arm506_ws/build/arduinobot_remote': CMAKE_PREFIX_PATH=/home/datvu/robot_arm506_ws/install/arduinobot_msgs:/home/datvu/robot_arm506_ws/install/arduinobot_remote:/home/datvu/robot_arm506_ws/install/arduinobot_moveit:/home/datvu/robot_arm506_ws/install/arduinobot_firmware:/home/datvu/robot_arm506_ws/install/arduinobot_description:/home/datvu/robot_arm506_ws/install/arduinobot_controller:/home/datvu/robot_arm506_ws/install/arduinobot_bringup:/home/datvu/ros2_ws/install/my_cpp_pkg:/home/datvu/ros2_ws/install/my_py_pkg:/opt/ros/humble LD_LIBRARY_PATH=/home/datvu/robot_arm506_ws/install/arduinobot_msgs/lib:/home/datvu/robot_arm506_ws/install/arduinobot_remote/lib:/home/datvu/robot_arm506_ws/install/arduinobot_controller/lib:/usr/lib/x86_64-linux-gnu/gazebo-11/plugins:/opt/ros/humble/opt/rviz_ogre_vendor/lib:/opt/ros/humble/lib/x86_64-linux-gnu:/opt/ros/humble/lib:/usr/lib/x86_64-linux-gnu/gazebo-11/plugins /usr/bin/cmake /home/datvu/robot_arm506_ws/src/arduinobot_remote -DCMAKE_INSTALL_PREFIX=/home/datvu/robot_arm506_ws/install/arduinobot_remote
[0.047s] -- The C compiler identification is GNU 11.4.0
[0.086s] -- The CXX compiler identification is GNU 11.4.0
[0.091s] -- Detecting C compiler ABI info
[0.142s] -- Detecting C compiler ABI info - done
[0.149s] -- Check for working C compiler: /usr/bin/cc - skipped
[0.149s] -- Detecting C compile features
[0.150s] -- Detecting C compile features - done
[0.152s] -- Detecting CXX compiler ABI info
[0.217s] -- Detecting CXX compiler ABI info - done
[0.224s] -- Check for working CXX compiler: /usr/bin/c++ - skipped
[0.224s] -- Detecting CXX compile features
[0.224s] -- Detecting CXX compile features - done
[0.226s] -- Found ament_cmake: 1.3.10 (/opt/ros/humble/share/ament_cmake/cmake)
[0.338s] -- Found Python3: /usr/bin/python3 (found version "3.10.12") found components: Interpreter 
[0.398s] -- Found rclcpp: 16.0.10 (/opt/ros/humble/share/rclcpp/cmake)
[0.433s] -- Found rosidl_generator_c: 3.1.5 (/opt/ros/humble/share/rosidl_generator_c/cmake)
[0.437s] -- Found rosidl_adapter: 3.1.5 (/opt/ros/humble/share/rosidl_adapter/cmake)
[0.442s] -- Found rosidl_generator_cpp: 3.1.5 (/opt/ros/humble/share/rosidl_generator_cpp/cmake)
[0.450s] -- Using all available rosidl_typesupport_c: rosidl_typesupport_fastrtps_c;rosidl_typesupport_introspection_c
[0.460s] -- Using all available rosidl_typesupport_cpp: rosidl_typesupport_fastrtps_cpp;rosidl_typesupport_introspection_cpp
[0.489s] -- Found rmw_implementation_cmake: 6.1.2 (/opt/ros/humble/share/rmw_implementation_cmake/cmake)
[0.491s] -- Found rmw_cyclonedds_cpp: 1.3.4 (/opt/ros/humble/share/rmw_cyclonedds_cpp/cmake)
[0.505s] -- Using RMW implementation 'rmw_cyclonedds_cpp' as default
[0.510s] -- Looking for pthread.h
[0.564s] -- Looking for pthread.h - found
[0.564s] -- Performing Test CMAKE_HAVE_LIBC_PTHREAD
[0.624s] -- Performing Test CMAKE_HAVE_LIBC_PTHREAD - Success
[0.625s] -- Found Threads: TRUE  
[0.664s] -- Found rclcpp_action: 16.0.10 (/opt/ros/humble/share/rclcpp_action/cmake)
[0.686s] -- Found rclcpp_components: 16.0.10 (/opt/ros/humble/share/rclcpp_components/cmake)
[0.703s] -- Found arduinobot_msgs: 0.0.0 (/home/datvu/robot_arm506_ws/install/arduinobot_msgs/share/arduinobot_msgs/cmake)
[0.712s] -- Found moveit_ros_planning_interface: 2.5.5 (/opt/ros/humble/share/moveit_ros_planning_interface/cmake)
[0.729s] -- Found Boost: /usr/lib/x86_64-linux-gnu/cmake/Boost-1.74.0/BoostConfig.cmake (found version "1.74.0") found components: date_time filesystem program_options system thread 
[0.825s] -- Found Boost: /usr/lib/x86_64-linux-gnu/cmake/Boost-1.74.0/BoostConfig.cmake (found version "1.74.0") found components: chrono date_time filesystem iostreams program_options regex serialization system thread 
[0.834s] -- Found parameter_traits: 0.3.8 (/opt/ros/humble/share/parameter_traits/cmake)
[0.846s] -- Found rclcpp_lifecycle: 16.0.10 (/opt/ros/humble/share/rclcpp_lifecycle/cmake)
[0.862s] -- Found Boost: /usr/lib/x86_64-linux-gnu/cmake/Boost-1.74.0/BoostConfig.cmake (found version "1.74.0") found components: filesystem 
[0.933s] -- library: /usr/lib/x86_64-linux-gnu/libcurl.so
[0.955s] -- Found Eigen3: TRUE (found version "3.4.0") 
[0.955s] -- Ensuring Eigen3 include directory is part of orocos-kdl CMake target
[1.027s] -- Found Boost: /usr/lib/x86_64-linux-gnu/cmake/Boost-1.74.0/BoostConfig.cmake (found version "1.74.0") found components: system filesystem date_time program_options thread chrono 
[1.049s] -- Found Boost: /usr/lib/x86_64-linux-gnu/cmake/Boost-1.74.0/BoostConfig.cmake (found version "1.74.0") found components: thread system filesystem regex date_time program_options 
[1.109s] -- Found Boost: /usr/lib/x86_64-linux-gnu/cmake/Boost-1.74.0/BoostConfig.cmake (found version "1.74.0") found components: system filesystem date_time program_options thread 
[1.129s] -- Found rclpy: 3.3.14 (/opt/ros/humble/share/rclpy/cmake)
[1.241s] -- Configuring done
[1.259s] -- Generating done
[1.260s] -- Build files have been written to: /home/datvu/robot_arm506_ws/build/arduinobot_remote
[1.269s] Invoked command in '/home/datvu/robot_arm506_ws/build/arduinobot_remote' returned '0': CMAKE_PREFIX_PATH=/home/datvu/robot_arm506_ws/install/arduinobot_msgs:/home/datvu/robot_arm506_ws/install/arduinobot_remote:/home/datvu/robot_arm506_ws/install/arduinobot_moveit:/home/datvu/robot_arm506_ws/install/arduinobot_firmware:/home/datvu/robot_arm506_ws/install/arduinobot_description:/home/datvu/robot_arm506_ws/install/arduinobot_controller:/home/datvu/robot_arm506_ws/install/arduinobot_bringup:/home/datvu/ros2_ws/install/my_cpp_pkg:/home/datvu/ros2_ws/install/my_py_pkg:/opt/ros/humble LD_LIBRARY_PATH=/home/datvu/robot_arm506_ws/install/arduinobot_msgs/lib:/home/datvu/robot_arm506_ws/install/arduinobot_remote/lib:/home/datvu/robot_arm506_ws/install/arduinobot_controller/lib:/usr/lib/x86_64-linux-gnu/gazebo-11/plugins:/opt/ros/humble/opt/rviz_ogre_vendor/lib:/opt/ros/humble/lib/x86_64-linux-gnu:/opt/ros/humble/lib:/usr/lib/x86_64-linux-gnu/gazebo-11/plugins /usr/bin/cmake /home/datvu/robot_arm506_ws/src/arduinobot_remote -DCMAKE_INSTALL_PREFIX=/home/datvu/robot_arm506_ws/install/arduinobot_remote
[1.271s] Invoking command in '/home/datvu/robot_arm506_ws/build/arduinobot_remote': CMAKE_PREFIX_PATH=/home/datvu/robot_arm506_ws/install/arduinobot_msgs:/home/datvu/robot_arm506_ws/install/arduinobot_remote:/home/datvu/robot_arm506_ws/install/arduinobot_moveit:/home/datvu/robot_arm506_ws/install/arduinobot_firmware:/home/datvu/robot_arm506_ws/install/arduinobot_description:/home/datvu/robot_arm506_ws/install/arduinobot_controller:/home/datvu/robot_arm506_ws/install/arduinobot_bringup:/home/datvu/ros2_ws/install/my_cpp_pkg:/home/datvu/ros2_ws/install/my_py_pkg:/opt/ros/humble LD_LIBRARY_PATH=/home/datvu/robot_arm506_ws/install/arduinobot_msgs/lib:/home/datvu/robot_arm506_ws/install/arduinobot_remote/lib:/home/datvu/robot_arm506_ws/install/arduinobot_controller/lib:/usr/lib/x86_64-linux-gnu/gazebo-11/plugins:/opt/ros/humble/opt/rviz_ogre_vendor/lib:/opt/ros/humble/lib/x86_64-linux-gnu:/opt/ros/humble/lib:/usr/lib/x86_64-linux-gnu/gazebo-11/plugins /usr/bin/cmake --build /home/datvu/robot_arm506_ws/build/arduinobot_remote -- -j16 -l16
[1.309s] [ 25%] [32mBuilding CXX object CMakeFiles/task_server_node.dir/rclcpp_components/node_main_task_server_node.cpp.o[0m
[1.311s] [ 50%] [32mBuilding CXX object CMakeFiles/task_server.dir/src/task_server.cpp.o[0m
[1.318s] [ 50%] Built target ament_cmake_python_copy_arduinobot_remote
[1.493s] running egg_info
[1.493s] creating arduinobot_remote.egg-info
[1.493s] writing arduinobot_remote.egg-info/PKG-INFO
[1.493s] writing dependency_links to arduinobot_remote.egg-info/dependency_links.txt
[1.493s] writing top-level names to arduinobot_remote.egg-info/top_level.txt
[1.494s] writing manifest file 'arduinobot_remote.egg-info/SOURCES.txt'
[1.495s] reading manifest file 'arduinobot_remote.egg-info/SOURCES.txt'
[1.495s] writing manifest file 'arduinobot_remote.egg-info/SOURCES.txt'
[1.513s] [ 50%] Built target ament_cmake_python_build_arduinobot_remote_egg
[3.106s] [ 75%] [32m[1mLinking CXX executable task_server_node[0m
[3.183s] [ 75%] Built target task_server_node
[5.973s] [100%] [32m[1mLinking CXX shared library libtask_server.so[0m
[6.126s] [100%] Built target task_server
[6.135s] Invoked command in '/home/datvu/robot_arm506_ws/build/arduinobot_remote' returned '0': CMAKE_PREFIX_PATH=/home/datvu/robot_arm506_ws/install/arduinobot_msgs:/home/datvu/robot_arm506_ws/install/arduinobot_remote:/home/datvu/robot_arm506_ws/install/arduinobot_moveit:/home/datvu/robot_arm506_ws/install/arduinobot_firmware:/home/datvu/robot_arm506_ws/install/arduinobot_description:/home/datvu/robot_arm506_ws/install/arduinobot_controller:/home/datvu/robot_arm506_ws/install/arduinobot_bringup:/home/datvu/ros2_ws/install/my_cpp_pkg:/home/datvu/ros2_ws/install/my_py_pkg:/opt/ros/humble LD_LIBRARY_PATH=/home/datvu/robot_arm506_ws/install/arduinobot_msgs/lib:/home/datvu/robot_arm506_ws/install/arduinobot_remote/lib:/home/datvu/robot_arm506_ws/install/arduinobot_controller/lib:/usr/lib/x86_64-linux-gnu/gazebo-11/plugins:/opt/ros/humble/opt/rviz_ogre_vendor/lib:/opt/ros/humble/lib/x86_64-linux-gnu:/opt/ros/humble/lib:/usr/lib/x86_64-linux-gnu/gazebo-11/plugins /usr/bin/cmake --build /home/datvu/robot_arm506_ws/build/arduinobot_remote -- -j16 -l16
[6.170s] Invoking command in '/home/datvu/robot_arm506_ws/build/arduinobot_remote': CMAKE_PREFIX_PATH=/home/datvu/robot_arm506_ws/install/arduinobot_msgs:/home/datvu/robot_arm506_ws/install/arduinobot_remote:/home/datvu/robot_arm506_ws/install/arduinobot_moveit:/home/datvu/robot_arm506_ws/install/arduinobot_firmware:/home/datvu/robot_arm506_ws/install/arduinobot_description:/home/datvu/robot_arm506_ws/install/arduinobot_controller:/home/datvu/robot_arm506_ws/install/arduinobot_bringup:/home/datvu/ros2_ws/install/my_cpp_pkg:/home/datvu/ros2_ws/install/my_py_pkg:/opt/ros/humble LD_LIBRARY_PATH=/home/datvu/robot_arm506_ws/install/arduinobot_msgs/lib:/home/datvu/robot_arm506_ws/install/arduinobot_remote/lib:/home/datvu/robot_arm506_ws/install/arduinobot_controller/lib:/usr/lib/x86_64-linux-gnu/gazebo-11/plugins:/opt/ros/humble/opt/rviz_ogre_vendor/lib:/opt/ros/humble/lib/x86_64-linux-gnu:/opt/ros/humble/lib:/usr/lib/x86_64-linux-gnu/gazebo-11/plugins /usr/bin/cmake --install /home/datvu/robot_arm506_ws/build/arduinobot_remote
[6.175s] -- Install configuration: ""
[6.175s] -- Installing: /home/datvu/robot_arm506_ws/install/arduinobot_remote/lib/arduinobot_remote/task_server_node
[6.175s] -- Set runtime path of "/home/datvu/robot_arm506_ws/install/arduinobot_remote/lib/arduinobot_remote/task_server_node" to ""
[6.175s] -- Installing: /home/datvu/robot_arm506_ws/install/arduinobot_remote/share/arduinobot_remote/environment/pythonpath.sh
[6.175s] -- Installing: /home/datvu/robot_arm506_ws/install/arduinobot_remote/share/arduinobot_remote/environment/pythonpath.dsv
[6.175s] -- Installing: /home/datvu/robot_arm506_ws/install/arduinobot_remote/local/lib/python3.10/dist-packages/arduinobot_remote-0.0.0-py3.10.egg-info
[6.175s] -- Installing: /home/datvu/robot_arm506_ws/install/arduinobot_remote/local/lib/python3.10/dist-packages/arduinobot_remote-0.0.0-py3.10.egg-info/top_level.txt
[6.175s] -- Installing: /home/datvu/robot_arm506_ws/install/arduinobot_remote/local/lib/python3.10/dist-packages/arduinobot_remote-0.0.0-py3.10.egg-info/PKG-INFO
[6.176s] -- Installing: /home/datvu/robot_arm506_ws/install/arduinobot_remote/local/lib/python3.10/dist-packages/arduinobot_remote-0.0.0-py3.10.egg-info/SOURCES.txt
[6.176s] -- Installing: /home/datvu/robot_arm506_ws/install/arduinobot_remote/local/lib/python3.10/dist-packages/arduinobot_remote-0.0.0-py3.10.egg-info/dependency_links.txt
[6.176s] -- Installing: /home/datvu/robot_arm506_ws/install/arduinobot_remote/local/lib/python3.10/dist-packages/arduinobot_remote
[6.176s] -- Installing: /home/datvu/robot_arm506_ws/install/arduinobot_remote/local/lib/python3.10/dist-packages/arduinobot_remote/alexa_interface.py
[6.176s] -- Installing: /home/datvu/robot_arm506_ws/install/arduinobot_remote/local/lib/python3.10/dist-packages/arduinobot_remote/__init__.py
[6.197s] Listing '/home/datvu/robot_arm506_ws/install/arduinobot_remote/local/lib/python3.10/dist-packages/arduinobot_remote'...
[6.197s] Compiling '/home/datvu/robot_arm506_ws/install/arduinobot_remote/local/lib/python3.10/dist-packages/arduinobot_remote/__init__.py'...
[6.197s] Compiling '/home/datvu/robot_arm506_ws/install/arduinobot_remote/local/lib/python3.10/dist-packages/arduinobot_remote/alexa_interface.py'...
[6.200s] -- Installing: /home/datvu/robot_arm506_ws/install/arduinobot_remote/share/arduinobot_remote/launch
[6.200s] -- Installing: /home/datvu/robot_arm506_ws/install/arduinobot_remote/share/arduinobot_remote/launch/remote_interface.launch.py
[6.200s] -- Installing: /home/datvu/robot_arm506_ws/install/arduinobot_remote/lib/libtask_server.so
[6.201s] -- Set runtime path of "/home/datvu/robot_arm506_ws/install/arduinobot_remote/lib/libtask_server.so" to ""
[6.201s] -- Installing: /home/datvu/robot_arm506_ws/install/arduinobot_remote/lib/arduinobot_remote/alexa_interface.py
[6.201s] -- Installing: /home/datvu/robot_arm506_ws/install/arduinobot_remote/share/ament_index/resource_index/package_run_dependencies/arduinobot_remote
[6.201s] -- Installing: /home/datvu/robot_arm506_ws/install/arduinobot_remote/share/ament_index/resource_index/parent_prefix_path/arduinobot_remote
[6.201s] -- Installing: /home/datvu/robot_arm506_ws/install/arduinobot_remote/share/arduinobot_remote/environment/ament_prefix_path.sh
[6.201s] -- Installing: /home/datvu/robot_arm506_ws/install/arduinobot_remote/share/arduinobot_remote/environment/ament_prefix_path.dsv
[6.201s] -- Installing: /home/datvu/robot_arm506_ws/install/arduinobot_remote/share/arduinobot_remote/environment/path.sh
[6.201s] -- Installing: /home/datvu/robot_arm506_ws/install/arduinobot_remote/share/arduinobot_remote/environment/path.dsv
[6.201s] -- Installing: /home/datvu/robot_arm506_ws/install/arduinobot_remote/share/arduinobot_remote/local_setup.bash
[6.202s] -- Installing: /home/datvu/robot_arm506_ws/install/arduinobot_remote/share/arduinobot_remote/local_setup.sh
[6.202s] -- Installing: /home/datvu/robot_arm506_ws/install/arduinobot_remote/share/arduinobot_remote/local_setup.zsh
[6.202s] -- Installing: /home/datvu/robot_arm506_ws/install/arduinobot_remote/share/arduinobot_remote/local_setup.dsv
[6.202s] -- Installing: /home/datvu/robot_arm506_ws/install/arduinobot_remote/share/arduinobot_remote/package.dsv
[6.202s] -- Installing: /home/datvu/robot_arm506_ws/install/arduinobot_remote/share/ament_index/resource_index/packages/arduinobot_remote
[6.202s] -- Installing: /home/datvu/robot_arm506_ws/install/arduinobot_remote/share/ament_index/resource_index/rclcpp_components/arduinobot_remote
[6.202s] -- Installing: /home/datvu/robot_arm506_ws/install/arduinobot_remote/share/arduinobot_remote/cmake/arduinobot_remoteConfig.cmake
[6.202s] -- Installing: /home/datvu/robot_arm506_ws/install/arduinobot_remote/share/arduinobot_remote/cmake/arduinobot_remoteConfig-version.cmake
[6.202s] -- Installing: /home/datvu/robot_arm506_ws/install/arduinobot_remote/share/arduinobot_remote/package.xml
[6.203s] Invoked command in '/home/datvu/robot_arm506_ws/build/arduinobot_remote' returned '0': CMAKE_PREFIX_PATH=/home/datvu/robot_arm506_ws/install/arduinobot_msgs:/home/datvu/robot_arm506_ws/install/arduinobot_remote:/home/datvu/robot_arm506_ws/install/arduinobot_moveit:/home/datvu/robot_arm506_ws/install/arduinobot_firmware:/home/datvu/robot_arm506_ws/install/arduinobot_description:/home/datvu/robot_arm506_ws/install/arduinobot_controller:/home/datvu/robot_arm506_ws/install/arduinobot_bringup:/home/datvu/ros2_ws/install/my_cpp_pkg:/home/datvu/ros2_ws/install/my_py_pkg:/opt/ros/humble LD_LIBRARY_PATH=/home/datvu/robot_arm506_ws/install/arduinobot_msgs/lib:/home/datvu/robot_arm506_ws/install/arduinobot_remote/lib:/home/datvu/robot_arm506_ws/install/arduinobot_controller/lib:/usr/lib/x86_64-linux-gnu/gazebo-11/plugins:/opt/ros/humble/opt/rviz_ogre_vendor/lib:/opt/ros/humble/lib/x86_64-linux-gnu:/opt/ros/humble/lib:/usr/lib/x86_64-linux-gnu/gazebo-11/plugins /usr/bin/cmake --install /home/datvu/robot_arm506_ws/build/arduinobot_remote
