[0.013s] Invoking command in '/home/datvu/robot_arm506_ws/build/arduinobot_moveit': CMAKE_PREFIX_PATH=${CMAKE_PREFIX_PATH}:/home/datvu/ros2_ws/install/my_py_pkg:/opt/ros/humble /usr/bin/cmake /home/datvu/robot_arm506_ws/src/arduinobot_moveit -DCMAKE_INSTALL_PREFIX=/home/datvu/robot_arm506_ws/install/arduinobot_moveit
[0.052s] -- The C compiler identification is GNU 11.4.0
[0.096s] -- The CXX compiler identification is GNU 11.4.0
[0.100s] -- Detecting C compiler ABI info
[0.159s] -- Detecting C compiler ABI info - done
[0.168s] -- Check for working C compiler: /usr/bin/cc - skipped
[0.168s] -- Detecting C compile features
[0.168s] -- Detecting C compile features - done
[0.171s] -- Detecting CXX compiler ABI info
[0.235s] -- Detecting CXX compiler ABI info - done
[0.239s] -- Check for working CXX compiler: /usr/bin/c++ - skipped
[0.240s] -- Detecting CXX compile features
[0.240s] -- Detecting CXX compile features - done
[0.241s] -- Found ament_cmake: 1.3.10 (/opt/ros/humble/share/ament_cmake/cmake)
[0.361s] -- Found Python3: /usr/bin/python3 (found version "3.10.12") found components: Interpreter 
[0.428s] -- Found ament_lint_auto: 0.12.11 (/opt/ros/humble/share/ament_lint_auto/cmake)
[0.493s] -- Added test 'copyright' to check source files copyright and LICENSE
[0.495s] -- Added test 'flake8' to check Python code syntax and style conventions
[0.496s] -- Added test 'lint_cmake' to check CMake code style
[0.496s] -- Added test 'pep257' to check Python code against some of the docstring style conventions in PEP 257
[0.498s] -- Added test 'xmllint' to check XML markup files
[0.499s] -- Configuring done
[0.502s] -- Generating done
[0.502s] -- Build files have been written to: /home/datvu/robot_arm506_ws/build/arduinobot_moveit
[0.506s] Invoked command in '/home/datvu/robot_arm506_ws/build/arduinobot_moveit' returned '0': CMAKE_PREFIX_PATH=${CMAKE_PREFIX_PATH}:/home/datvu/ros2_ws/install/my_py_pkg:/opt/ros/humble /usr/bin/cmake /home/datvu/robot_arm506_ws/src/arduinobot_moveit -DCMAKE_INSTALL_PREFIX=/home/datvu/robot_arm506_ws/install/arduinobot_moveit
[0.508s] Invoking command in '/home/datvu/robot_arm506_ws/build/arduinobot_moveit': CMAKE_PREFIX_PATH=${CMAKE_PREFIX_PATH}:/home/datvu/ros2_ws/install/my_py_pkg:/opt/ros/humble /usr/bin/cmake --build /home/datvu/robot_arm506_ws/build/arduinobot_moveit -- -j16 -l16
[0.540s] Invoked command in '/home/datvu/robot_arm506_ws/build/arduinobot_moveit' returned '0': CMAKE_PREFIX_PATH=${CMAKE_PREFIX_PATH}:/home/datvu/ros2_ws/install/my_py_pkg:/opt/ros/humble /usr/bin/cmake --build /home/datvu/robot_arm506_ws/build/arduinobot_moveit -- -j16 -l16
[0.561s] Invoking command in '/home/datvu/robot_arm506_ws/build/arduinobot_moveit': CMAKE_PREFIX_PATH=${CMAKE_PREFIX_PATH}:/home/datvu/ros2_ws/install/my_py_pkg:/opt/ros/humble /usr/bin/cmake --install /home/datvu/robot_arm506_ws/build/arduinobot_moveit
[0.567s] -- Install configuration: ""
[0.567s] -- Installing: /home/datvu/robot_arm506_ws/install/arduinobot_moveit/share/arduinobot_moveit/launch
[0.568s] -- Installing: /home/datvu/robot_arm506_ws/install/arduinobot_moveit/share/arduinobot_moveit/launch/moveit.launch.py
[0.568s] -- Installing: /home/datvu/robot_arm506_ws/install/arduinobot_moveit/share/arduinobot_moveit/launch/__pycache__
[0.568s] -- Installing: /home/datvu/robot_arm506_ws/install/arduinobot_moveit/share/arduinobot_moveit/launch/__pycache__/moveit.launch.cpython-310.pyc
[0.568s] -- Installing: /home/datvu/robot_arm506_ws/install/arduinobot_moveit/share/arduinobot_moveit/config
[0.568s] -- Installing: /home/datvu/robot_arm506_ws/install/arduinobot_moveit/share/arduinobot_moveit/config/pilz_cartesian_limits.yaml
[0.568s] -- Installing: /home/datvu/robot_arm506_ws/install/arduinobot_moveit/share/arduinobot_moveit/config/joint_limits.yaml
[0.568s] -- Installing: /home/datvu/robot_arm506_ws/install/arduinobot_moveit/share/arduinobot_moveit/config/moveit_controllers.yaml
[0.568s] -- Installing: /home/datvu/robot_arm506_ws/install/arduinobot_moveit/share/arduinobot_moveit/config/initial_positions.yaml
[0.568s] -- Installing: /home/datvu/robot_arm506_ws/install/arduinobot_moveit/share/arduinobot_moveit/config/kinematics.yaml
[0.568s] -- Installing: /home/datvu/robot_arm506_ws/install/arduinobot_moveit/share/arduinobot_moveit/config/moveit.rviz
[0.568s] -- Installing: /home/datvu/robot_arm506_ws/install/arduinobot_moveit/share/arduinobot_moveit/config/arduinobot.srdf
[0.568s] -- Installing: /home/datvu/robot_arm506_ws/install/arduinobot_moveit/share/ament_index/resource_index/package_run_dependencies/arduinobot_moveit
[0.568s] -- Installing: /home/datvu/robot_arm506_ws/install/arduinobot_moveit/share/ament_index/resource_index/parent_prefix_path/arduinobot_moveit
[0.568s] -- Installing: /home/datvu/robot_arm506_ws/install/arduinobot_moveit/share/arduinobot_moveit/environment/ament_prefix_path.sh
[0.569s] -- Installing: /home/datvu/robot_arm506_ws/install/arduinobot_moveit/share/arduinobot_moveit/environment/ament_prefix_path.dsv
[0.569s] -- Installing: /home/datvu/robot_arm506_ws/install/arduinobot_moveit/share/arduinobot_moveit/environment/path.sh
[0.569s] -- Installing: /home/datvu/robot_arm506_ws/install/arduinobot_moveit/share/arduinobot_moveit/environment/path.dsv
[0.569s] -- Installing: /home/datvu/robot_arm506_ws/install/arduinobot_moveit/share/arduinobot_moveit/local_setup.bash
[0.569s] -- Installing: /home/datvu/robot_arm506_ws/install/arduinobot_moveit/share/arduinobot_moveit/local_setup.sh
[0.569s] -- Installing: /home/datvu/robot_arm506_ws/install/arduinobot_moveit/share/arduinobot_moveit/local_setup.zsh
[0.569s] -- Installing: /home/datvu/robot_arm506_ws/install/arduinobot_moveit/share/arduinobot_moveit/local_setup.dsv
[0.569s] -- Installing: /home/datvu/robot_arm506_ws/install/arduinobot_moveit/share/arduinobot_moveit/package.dsv
[0.569s] -- Installing: /home/datvu/robot_arm506_ws/install/arduinobot_moveit/share/ament_index/resource_index/packages/arduinobot_moveit
[0.569s] -- Installing: /home/datvu/robot_arm506_ws/install/arduinobot_moveit/share/arduinobot_moveit/cmake/arduinobot_moveitConfig.cmake
[0.569s] -- Installing: /home/datvu/robot_arm506_ws/install/arduinobot_moveit/share/arduinobot_moveit/cmake/arduinobot_moveitConfig-version.cmake
[0.569s] -- Installing: /home/datvu/robot_arm506_ws/install/arduinobot_moveit/share/arduinobot_moveit/package.xml
[0.570s] Invoked command in '/home/datvu/robot_arm506_ws/build/arduinobot_moveit' returned '0': CMAKE_PREFIX_PATH=${CMAKE_PREFIX_PATH}:/home/datvu/ros2_ws/install/my_py_pkg:/opt/ros/humble /usr/bin/cmake --install /home/datvu/robot_arm506_ws/build/arduinobot_moveit
