[0.015s] Invoking command in '/home/datvu/robot_arm506_ws/build/arduinobot_controller': CMAKE_PREFIX_PATH=${CMAKE_PREFIX_PATH}:/home/datvu/ros2_ws/install/my_py_pkg:/opt/ros/humble /usr/bin/cmake /home/datvu/robot_arm506_ws/src/arduinobot_controller -DCMAKE_INSTALL_PREFIX=/home/datvu/robot_arm506_ws/install/arduinobot_controller
[0.053s] -- The C compiler identification is GNU 11.4.0
[0.091s] -- The CXX compiler identification is GNU 11.4.0
[0.098s] -- Detecting C compiler ABI info
[0.149s] -- Detecting C compiler ABI info - done
[0.157s] -- Check for working C compiler: /usr/bin/cc - skipped
[0.157s] -- Detecting C compile features
[0.158s] -- Detecting C compile features - done
[0.161s] -- Detecting CXX compiler ABI info
[0.226s] -- Detecting CXX compiler ABI info - done
[0.231s] -- Check for working CXX compiler: /usr/bin/c++ - skipped
[0.231s] -- Detecting CXX compile features
[0.231s] -- Detecting CXX compile features - done
[0.233s] -- Found ament_cmake: 1.3.10 (/opt/ros/humble/share/ament_cmake/cmake)
[0.350s] -- Found Python3: /usr/bin/python3 (found version "3.10.12") found components: Interpreter 
[0.413s] -- Found trajectory_msgs: 4.2.4 (/opt/ros/humble/share/trajectory_msgs/cmake)
[0.434s] -- Found rosidl_generator_c: 3.1.5 (/opt/ros/humble/share/rosidl_generator_c/cmake)
[0.437s] -- Found rosidl_adapter: 3.1.5 (/opt/ros/humble/share/rosidl_adapter/cmake)
[0.443s] -- Found rosidl_generator_cpp: 3.1.5 (/opt/ros/humble/share/rosidl_generator_cpp/cmake)
[0.450s] -- Using all available rosidl_typesupport_c: rosidl_typesupport_fastrtps_c;rosidl_typesupport_introspection_c
[0.461s] -- Using all available rosidl_typesupport_cpp: rosidl_typesupport_fastrtps_cpp;rosidl_typesupport_introspection_cpp
[0.498s] -- Found sensor_msgs: 4.2.4 (/opt/ros/humble/share/sensor_msgs/cmake)
[0.510s] -- Found rclcpp: 16.0.10 (/opt/ros/humble/share/rclcpp/cmake)
[0.536s] -- Found rmw_implementation_cmake: 6.1.2 (/opt/ros/humble/share/rmw_implementation_cmake/cmake)
[0.538s] -- Found rmw_cyclonedds_cpp: 1.3.4 (/opt/ros/humble/share/rmw_cyclonedds_cpp/cmake)
[0.552s] -- Using RMW implementation 'rmw_cyclonedds_cpp' as default
[0.557s] -- Looking for pthread.h
[0.609s] -- Looking for pthread.h - found
[0.609s] -- Performing Test CMAKE_HAVE_LIBC_PTHREAD
[0.668s] -- Performing Test CMAKE_HAVE_LIBC_PTHREAD - Success
[0.668s] -- Found Threads: TRUE  
[0.692s] -- Found rclpy: 3.3.14 (/opt/ros/humble/share/rclpy/cmake)
[0.693s] -- Found hardware_interface: 2.43.1 (/opt/ros/humble/share/hardware_interface/cmake)
[0.760s] -- Found PkgConfig: /usr/bin/pkg-config (found version "0.29.2") 
[0.760s] -- Checking for module 'libserial'
[0.771s] --   Found libserial, version 1.0.0
[0.904s] -- Configuring done
[0.920s] -- Generating done
[0.921s] -- Build files have been written to: /home/datvu/robot_arm506_ws/build/arduinobot_controller
[0.928s] Invoked command in '/home/datvu/robot_arm506_ws/build/arduinobot_controller' returned '0': CMAKE_PREFIX_PATH=${CMAKE_PREFIX_PATH}:/home/datvu/ros2_ws/install/my_py_pkg:/opt/ros/humble /usr/bin/cmake /home/datvu/robot_arm506_ws/src/arduinobot_controller -DCMAKE_INSTALL_PREFIX=/home/datvu/robot_arm506_ws/install/arduinobot_controller
[0.929s] Invoking command in '/home/datvu/robot_arm506_ws/build/arduinobot_controller': CMAKE_PREFIX_PATH=${CMAKE_PREFIX_PATH}:/home/datvu/ros2_ws/install/my_py_pkg:/opt/ros/humble /usr/bin/cmake --build /home/datvu/robot_arm506_ws/build/arduinobot_controller -- -j16 -l16
[0.971s] [ 25%] [32mBuilding CXX object CMakeFiles/arduinobot_controller.dir/src/arduinobot_interface.cpp.o[0m
[0.972s] [ 50%] [32mBuilding CXX object CMakeFiles/slider_control.dir/src/slider_control.cpp.o[0m
[0.980s] [ 50%] Built target ament_cmake_python_copy_arduinobot_controller
[1.277s] running egg_info
[1.278s] creating arduinobot_controller.egg-info
[1.278s] writing arduinobot_controller.egg-info/PKG-INFO
[1.278s] writing dependency_links to arduinobot_controller.egg-info/dependency_links.txt
[1.278s] writing top-level names to arduinobot_controller.egg-info/top_level.txt
[1.278s] writing manifest file 'arduinobot_controller.egg-info/SOURCES.txt'
[1.281s] reading manifest file 'arduinobot_controller.egg-info/SOURCES.txt'
[1.281s] writing manifest file 'arduinobot_controller.egg-info/SOURCES.txt'
[1.311s] [ 50%] Built target ament_cmake_python_build_arduinobot_controller_egg
[4.004s] [ 75%] [32m[1mLinking CXX shared library libarduinobot_controller.so[0m
[4.149s] [ 75%] Built target arduinobot_controller
[6.990s] [100%] [32m[1mLinking CXX executable slider_control[0m
[7.240s] [100%] Built target slider_control
[7.247s] Invoked command in '/home/datvu/robot_arm506_ws/build/arduinobot_controller' returned '0': CMAKE_PREFIX_PATH=${CMAKE_PREFIX_PATH}:/home/datvu/ros2_ws/install/my_py_pkg:/opt/ros/humble /usr/bin/cmake --build /home/datvu/robot_arm506_ws/build/arduinobot_controller -- -j16 -l16
[7.275s] Invoking command in '/home/datvu/robot_arm506_ws/build/arduinobot_controller': CMAKE_PREFIX_PATH=${CMAKE_PREFIX_PATH}:/home/datvu/ros2_ws/install/my_py_pkg:/opt/ros/humble /usr/bin/cmake --install /home/datvu/robot_arm506_ws/build/arduinobot_controller
[7.279s] -- Install configuration: ""
[7.279s] -- Installing: /home/datvu/robot_arm506_ws/install/arduinobot_controller/share/arduinobot_controller/arduinobot_controller.xml
[7.279s] -- Installing: /home/datvu/robot_arm506_ws/install/arduinobot_controller/share/arduinobot_controller/environment/pythonpath.sh
[7.279s] -- Installing: /home/datvu/robot_arm506_ws/install/arduinobot_controller/share/arduinobot_controller/environment/pythonpath.dsv
[7.279s] -- Installing: /home/datvu/robot_arm506_ws/install/arduinobot_controller/local/lib/python3.10/dist-packages/arduinobot_controller-0.0.0-py3.10.egg-info
[7.279s] -- Installing: /home/datvu/robot_arm506_ws/install/arduinobot_controller/local/lib/python3.10/dist-packages/arduinobot_controller-0.0.0-py3.10.egg-info/top_level.txt
[7.279s] -- Installing: /home/datvu/robot_arm506_ws/install/arduinobot_controller/local/lib/python3.10/dist-packages/arduinobot_controller-0.0.0-py3.10.egg-info/PKG-INFO
[7.279s] -- Installing: /home/datvu/robot_arm506_ws/install/arduinobot_controller/local/lib/python3.10/dist-packages/arduinobot_controller-0.0.0-py3.10.egg-info/SOURCES.txt
[7.279s] -- Installing: /home/datvu/robot_arm506_ws/install/arduinobot_controller/local/lib/python3.10/dist-packages/arduinobot_controller-0.0.0-py3.10.egg-info/dependency_links.txt
[7.279s] -- Installing: /home/datvu/robot_arm506_ws/install/arduinobot_controller/local/lib/python3.10/dist-packages/arduinobot_controller
[7.279s] -- Installing: /home/datvu/robot_arm506_ws/install/arduinobot_controller/local/lib/python3.10/dist-packages/arduinobot_controller/slider_control.py
[7.279s] -- Installing: /home/datvu/robot_arm506_ws/install/arduinobot_controller/local/lib/python3.10/dist-packages/arduinobot_controller/__init__.py
[7.303s] Listing '/home/datvu/robot_arm506_ws/install/arduinobot_controller/local/lib/python3.10/dist-packages/arduinobot_controller'...
[7.303s] Compiling '/home/datvu/robot_arm506_ws/install/arduinobot_controller/local/lib/python3.10/dist-packages/arduinobot_controller/__init__.py'...
[7.303s] Compiling '/home/datvu/robot_arm506_ws/install/arduinobot_controller/local/lib/python3.10/dist-packages/arduinobot_controller/slider_control.py'...
[7.306s] -- Installing: /home/datvu/robot_arm506_ws/install/arduinobot_controller/lib/arduinobot_controller/slider_control
[7.308s] -- Set runtime path of "/home/datvu/robot_arm506_ws/install/arduinobot_controller/lib/arduinobot_controller/slider_control" to ""
[7.308s] -- Installing: /home/datvu/robot_arm506_ws/install/arduinobot_controller/lib/libarduinobot_controller.so
[7.308s] -- Set runtime path of "/home/datvu/robot_arm506_ws/install/arduinobot_controller/lib/libarduinobot_controller.so" to ""
[7.308s] -- Installing: /home/datvu/robot_arm506_ws/install/arduinobot_controller/include/include
[7.308s] -- Installing: /home/datvu/robot_arm506_ws/install/arduinobot_controller/include/include/arduinobot_controller
[7.308s] -- Installing: /home/datvu/robot_arm506_ws/install/arduinobot_controller/include/include/arduinobot_controller/arduinobot_interface.hpp
[7.309s] -- Installing: /home/datvu/robot_arm506_ws/install/arduinobot_controller/share/arduinobot_controller/launch
[7.309s] -- Installing: /home/datvu/robot_arm506_ws/install/arduinobot_controller/share/arduinobot_controller/launch/slider_controller.launch.py
[7.309s] -- Installing: /home/datvu/robot_arm506_ws/install/arduinobot_controller/share/arduinobot_controller/launch/controller.launch.py
[7.309s] -- Installing: /home/datvu/robot_arm506_ws/install/arduinobot_controller/share/arduinobot_controller/config
[7.309s] -- Installing: /home/datvu/robot_arm506_ws/install/arduinobot_controller/share/arduinobot_controller/config/arduinobot_controllers.yaml
[7.309s] -- Installing: /home/datvu/robot_arm506_ws/install/arduinobot_controller/lib/arduinobot_controller/slider_control.py
[7.309s] -- Installing: /home/datvu/robot_arm506_ws/install/arduinobot_controller/share/arduinobot_controller/environment/library_path.sh
[7.309s] -- Installing: /home/datvu/robot_arm506_ws/install/arduinobot_controller/share/arduinobot_controller/environment/library_path.dsv
[7.309s] -- Installing: /home/datvu/robot_arm506_ws/install/arduinobot_controller/share/ament_index/resource_index/package_run_dependencies/arduinobot_controller
[7.309s] -- Installing: /home/datvu/robot_arm506_ws/install/arduinobot_controller/share/ament_index/resource_index/parent_prefix_path/arduinobot_controller
[7.309s] -- Installing: /home/datvu/robot_arm506_ws/install/arduinobot_controller/share/arduinobot_controller/environment/ament_prefix_path.sh
[7.309s] -- Installing: /home/datvu/robot_arm506_ws/install/arduinobot_controller/share/arduinobot_controller/environment/ament_prefix_path.dsv
[7.309s] -- Installing: /home/datvu/robot_arm506_ws/install/arduinobot_controller/share/arduinobot_controller/environment/path.sh
[7.309s] -- Installing: /home/datvu/robot_arm506_ws/install/arduinobot_controller/share/arduinobot_controller/environment/path.dsv
[7.309s] -- Installing: /home/datvu/robot_arm506_ws/install/arduinobot_controller/share/arduinobot_controller/local_setup.bash
[7.309s] -- Installing: /home/datvu/robot_arm506_ws/install/arduinobot_controller/share/arduinobot_controller/local_setup.sh
[7.309s] -- Installing: /home/datvu/robot_arm506_ws/install/arduinobot_controller/share/arduinobot_controller/local_setup.zsh
[7.309s] -- Installing: /home/datvu/robot_arm506_ws/install/arduinobot_controller/share/arduinobot_controller/local_setup.dsv
[7.309s] -- Installing: /home/datvu/robot_arm506_ws/install/arduinobot_controller/share/arduinobot_controller/package.dsv
[7.309s] -- Installing: /home/datvu/robot_arm506_ws/install/arduinobot_controller/share/ament_index/resource_index/packages/arduinobot_controller
[7.309s] -- Installing: /home/datvu/robot_arm506_ws/install/arduinobot_controller/share/ament_index/resource_index/hardware_interface__pluginlib__plugin/arduinobot_controller
[7.309s] -- Installing: /home/datvu/robot_arm506_ws/install/arduinobot_controller/share/arduinobot_controller/cmake/ament_cmake_export_include_directories-extras.cmake
[7.309s] -- Installing: /home/datvu/robot_arm506_ws/install/arduinobot_controller/share/arduinobot_controller/cmake/ament_cmake_export_libraries-extras.cmake
[7.309s] -- Installing: /home/datvu/robot_arm506_ws/install/arduinobot_controller/share/arduinobot_controller/cmake/ament_cmake_export_dependencies-extras.cmake
[7.309s] -- Installing: /home/datvu/robot_arm506_ws/install/arduinobot_controller/share/arduinobot_controller/cmake/arduinobot_controllerConfig.cmake
[7.310s] -- Installing: /home/datvu/robot_arm506_ws/install/arduinobot_controller/share/arduinobot_controller/cmake/arduinobot_controllerConfig-version.cmake
[7.310s] -- Installing: /home/datvu/robot_arm506_ws/install/arduinobot_controller/share/arduinobot_controller/package.xml
[7.312s] Invoked command in '/home/datvu/robot_arm506_ws/build/arduinobot_controller' returned '0': CMAKE_PREFIX_PATH=${CMAKE_PREFIX_PATH}:/home/datvu/ros2_ws/install/my_py_pkg:/opt/ros/humble /usr/bin/cmake --install /home/datvu/robot_arm506_ws/build/arduinobot_controller
