[0.068s] DEBUG:colcon:Command line arguments: ['/usr/bin/colcon', 'build']
[0.068s] DEBUG:colcon:Parsed command line arguments: Namespace(log_base=None, log_level=None, verb_name='build', build_base='build', install_base='install', merge_install=False, symlink_install=False, test_result_base=None, continue_on_error=False, executor='parallel', parallel_workers=16, event_handlers=None, ignore_user_meta=False, metas=['./colcon.meta'], base_paths=['.'], packages_ignore=None, packages_ignore_regex=None, paths=None, packages_up_to=None, packages_up_to_regex=None, packages_above=None, packages_above_and_dependencies=None, packages_above_depth=None, packages_select_by_dep=None, packages_skip_by_dep=None, packages_skip_up_to=None, packages_select_build_failed=False, packages_skip_build_finished=False, packages_select_test_failures=False, packages_skip_test_passed=False, packages_select=None, packages_skip=None, packages_select_regex=None, packages_skip_regex=None, packages_start=None, packages_end=None, allow_overriding=[], cmake_args=None, cmake_target=None, cmake_target_skip_unavailable=False, cmake_clean_cache=False, cmake_clean_first=False, cmake_force_configure=False, ament_cmake_args=None, catkin_cmake_args=None, catkin_skip_building_tests=False, mixin_files=None, mixin=None, verb_parser=<colcon_mixin.mixin.mixin_argument.MixinArgumentDecorator object at 0x71c760a78e20>, verb_extension=<colcon_core.verb.build.BuildVerb object at 0x71c760b7d630>, main=<bound method BuildVerb.main of <colcon_core.verb.build.BuildVerb object at 0x71c760b7d630>>, mixin_verb=('build',))
[0.172s] Level 1:colcon.colcon_core.package_discovery:discover_packages(colcon_meta) check parameters
[0.172s] Level 1:colcon.colcon_core.package_discovery:discover_packages(recursive) check parameters
[0.172s] Level 1:colcon.colcon_core.package_discovery:discover_packages(ignore) check parameters
[0.172s] Level 1:colcon.colcon_core.package_discovery:discover_packages(path) check parameters
[0.172s] Level 1:colcon.colcon_core.package_discovery:discover_packages(colcon_meta) discover
[0.173s] Level 1:colcon.colcon_core.package_discovery:discover_packages(recursive) discover
[0.173s] INFO:colcon.colcon_core.package_discovery:Crawling recursively for packages in '/home/datvu/robot_arm506_ws'
[0.173s] Level 1:colcon.colcon_core.package_identification:_identify(.) by extensions ['ignore', 'ignore_ament_install']
[0.173s] Level 1:colcon.colcon_core.package_identification:_identify(.) by extension 'ignore'
[0.173s] Level 1:colcon.colcon_core.package_identification:_identify(.) by extension 'ignore_ament_install'
[0.173s] Level 1:colcon.colcon_core.package_identification:_identify(.) by extensions ['colcon_pkg']
[0.173s] Level 1:colcon.colcon_core.package_identification:_identify(.) by extension 'colcon_pkg'
[0.173s] Level 1:colcon.colcon_core.package_identification:_identify(.) by extensions ['colcon_meta']
[0.173s] Level 1:colcon.colcon_core.package_identification:_identify(.) by extension 'colcon_meta'
[0.173s] Level 1:colcon.colcon_core.package_identification:_identify(.) by extensions ['ros']
[0.173s] Level 1:colcon.colcon_core.package_identification:_identify(.) by extension 'ros'
[0.187s] Level 1:colcon.colcon_core.package_identification:_identify(.) by extensions ['cmake', 'python']
[0.188s] Level 1:colcon.colcon_core.package_identification:_identify(.) by extension 'cmake'
[0.188s] Level 1:colcon.colcon_core.package_identification:_identify(.) by extension 'python'
[0.188s] Level 1:colcon.colcon_core.package_identification:_identify(.) by extensions ['python_setup_py']
[0.188s] Level 1:colcon.colcon_core.package_identification:_identify(.) by extension 'python_setup_py'
[0.188s] Level 1:colcon.colcon_core.package_identification:_identify(build) by extensions ['ignore', 'ignore_ament_install']
[0.188s] Level 1:colcon.colcon_core.package_identification:_identify(build) by extension 'ignore'
[0.188s] Level 1:colcon.colcon_core.package_identification:_identify(build) ignored
[0.188s] Level 1:colcon.colcon_core.package_identification:_identify(install) by extensions ['ignore', 'ignore_ament_install']
[0.188s] Level 1:colcon.colcon_core.package_identification:_identify(install) by extension 'ignore'
[0.188s] Level 1:colcon.colcon_core.package_identification:_identify(install) ignored
[0.188s] Level 1:colcon.colcon_core.package_identification:_identify(log) by extensions ['ignore', 'ignore_ament_install']
[0.188s] Level 1:colcon.colcon_core.package_identification:_identify(log) by extension 'ignore'
[0.188s] Level 1:colcon.colcon_core.package_identification:_identify(log) ignored
[0.188s] Level 1:colcon.colcon_core.package_identification:_identify(src) by extensions ['ignore', 'ignore_ament_install']
[0.188s] Level 1:colcon.colcon_core.package_identification:_identify(src) by extension 'ignore'
[0.188s] Level 1:colcon.colcon_core.package_identification:_identify(src) by extension 'ignore_ament_install'
[0.188s] Level 1:colcon.colcon_core.package_identification:_identify(src) by extensions ['colcon_pkg']
[0.188s] Level 1:colcon.colcon_core.package_identification:_identify(src) by extension 'colcon_pkg'
[0.188s] Level 1:colcon.colcon_core.package_identification:_identify(src) by extensions ['colcon_meta']
[0.188s] Level 1:colcon.colcon_core.package_identification:_identify(src) by extension 'colcon_meta'
[0.188s] Level 1:colcon.colcon_core.package_identification:_identify(src) by extensions ['ros']
[0.188s] Level 1:colcon.colcon_core.package_identification:_identify(src) by extension 'ros'
[0.188s] Level 1:colcon.colcon_core.package_identification:_identify(src) by extensions ['cmake', 'python']
[0.188s] Level 1:colcon.colcon_core.package_identification:_identify(src) by extension 'cmake'
[0.188s] Level 1:colcon.colcon_core.package_identification:_identify(src) by extension 'python'
[0.188s] Level 1:colcon.colcon_core.package_identification:_identify(src) by extensions ['python_setup_py']
[0.188s] Level 1:colcon.colcon_core.package_identification:_identify(src) by extension 'python_setup_py'
[0.188s] Level 1:colcon.colcon_core.package_identification:_identify(src/arduinobot_bringup) by extensions ['ignore', 'ignore_ament_install']
[0.188s] Level 1:colcon.colcon_core.package_identification:_identify(src/arduinobot_bringup) by extension 'ignore'
[0.188s] Level 1:colcon.colcon_core.package_identification:_identify(src/arduinobot_bringup) by extension 'ignore_ament_install'
[0.188s] Level 1:colcon.colcon_core.package_identification:_identify(src/arduinobot_bringup) by extensions ['colcon_pkg']
[0.189s] Level 1:colcon.colcon_core.package_identification:_identify(src/arduinobot_bringup) by extension 'colcon_pkg'
[0.189s] Level 1:colcon.colcon_core.package_identification:_identify(src/arduinobot_bringup) by extensions ['colcon_meta']
[0.189s] Level 1:colcon.colcon_core.package_identification:_identify(src/arduinobot_bringup) by extension 'colcon_meta'
[0.189s] Level 1:colcon.colcon_core.package_identification:_identify(src/arduinobot_bringup) by extensions ['ros']
[0.189s] Level 1:colcon.colcon_core.package_identification:_identify(src/arduinobot_bringup) by extension 'ros'
[0.190s] DEBUG:colcon.colcon_core.package_identification:Package 'src/arduinobot_bringup' with type 'ros.ament_cmake' and name 'arduinobot_bringup'
[0.190s] Level 1:colcon.colcon_core.package_identification:_identify(src/arduinobot_controller) by extensions ['ignore', 'ignore_ament_install']
[0.190s] Level 1:colcon.colcon_core.package_identification:_identify(src/arduinobot_controller) by extension 'ignore'
[0.190s] Level 1:colcon.colcon_core.package_identification:_identify(src/arduinobot_controller) by extension 'ignore_ament_install'
[0.191s] Level 1:colcon.colcon_core.package_identification:_identify(src/arduinobot_controller) by extensions ['colcon_pkg']
[0.191s] Level 1:colcon.colcon_core.package_identification:_identify(src/arduinobot_controller) by extension 'colcon_pkg'
[0.191s] Level 1:colcon.colcon_core.package_identification:_identify(src/arduinobot_controller) by extensions ['colcon_meta']
[0.191s] Level 1:colcon.colcon_core.package_identification:_identify(src/arduinobot_controller) by extension 'colcon_meta'
[0.191s] Level 1:colcon.colcon_core.package_identification:_identify(src/arduinobot_controller) by extensions ['ros']
[0.191s] Level 1:colcon.colcon_core.package_identification:_identify(src/arduinobot_controller) by extension 'ros'
[0.191s] DEBUG:colcon.colcon_core.package_identification:Package 'src/arduinobot_controller' with type 'ros.ament_cmake' and name 'arduinobot_controller'
[0.191s] Level 1:colcon.colcon_core.package_identification:_identify(src/arduinobot_description) by extensions ['ignore', 'ignore_ament_install']
[0.191s] Level 1:colcon.colcon_core.package_identification:_identify(src/arduinobot_description) by extension 'ignore'
[0.191s] Level 1:colcon.colcon_core.package_identification:_identify(src/arduinobot_description) by extension 'ignore_ament_install'
[0.191s] Level 1:colcon.colcon_core.package_identification:_identify(src/arduinobot_description) by extensions ['colcon_pkg']
[0.191s] Level 1:colcon.colcon_core.package_identification:_identify(src/arduinobot_description) by extension 'colcon_pkg'
[0.191s] Level 1:colcon.colcon_core.package_identification:_identify(src/arduinobot_description) by extensions ['colcon_meta']
[0.192s] Level 1:colcon.colcon_core.package_identification:_identify(src/arduinobot_description) by extension 'colcon_meta'
[0.192s] Level 1:colcon.colcon_core.package_identification:_identify(src/arduinobot_description) by extensions ['ros']
[0.192s] Level 1:colcon.colcon_core.package_identification:_identify(src/arduinobot_description) by extension 'ros'
[0.192s] DEBUG:colcon.colcon_core.package_identification:Package 'src/arduinobot_description' with type 'ros.ament_cmake' and name 'arduinobot_description'
[0.192s] Level 1:colcon.colcon_core.package_identification:_identify(src/arduinobot_firmware) by extensions ['ignore', 'ignore_ament_install']
[0.192s] Level 1:colcon.colcon_core.package_identification:_identify(src/arduinobot_firmware) by extension 'ignore'
[0.192s] Level 1:colcon.colcon_core.package_identification:_identify(src/arduinobot_firmware) by extension 'ignore_ament_install'
[0.192s] Level 1:colcon.colcon_core.package_identification:_identify(src/arduinobot_firmware) by extensions ['colcon_pkg']
[0.192s] Level 1:colcon.colcon_core.package_identification:_identify(src/arduinobot_firmware) by extension 'colcon_pkg'
[0.192s] Level 1:colcon.colcon_core.package_identification:_identify(src/arduinobot_firmware) by extensions ['colcon_meta']
[0.192s] Level 1:colcon.colcon_core.package_identification:_identify(src/arduinobot_firmware) by extension 'colcon_meta'
[0.192s] Level 1:colcon.colcon_core.package_identification:_identify(src/arduinobot_firmware) by extensions ['ros']
[0.192s] Level 1:colcon.colcon_core.package_identification:_identify(src/arduinobot_firmware) by extension 'ros'
[0.193s] DEBUG:colcon.colcon_core.package_identification:Package 'src/arduinobot_firmware' with type 'ros.ament_cmake' and name 'arduinobot_firmware'
[0.193s] Level 1:colcon.colcon_core.package_identification:_identify(src/arduinobot_moveit) by extensions ['ignore', 'ignore_ament_install']
[0.193s] Level 1:colcon.colcon_core.package_identification:_identify(src/arduinobot_moveit) by extension 'ignore'
[0.193s] Level 1:colcon.colcon_core.package_identification:_identify(src/arduinobot_moveit) by extension 'ignore_ament_install'
[0.193s] Level 1:colcon.colcon_core.package_identification:_identify(src/arduinobot_moveit) by extensions ['colcon_pkg']
[0.193s] Level 1:colcon.colcon_core.package_identification:_identify(src/arduinobot_moveit) by extension 'colcon_pkg'
[0.193s] Level 1:colcon.colcon_core.package_identification:_identify(src/arduinobot_moveit) by extensions ['colcon_meta']
[0.193s] Level 1:colcon.colcon_core.package_identification:_identify(src/arduinobot_moveit) by extension 'colcon_meta'
[0.193s] Level 1:colcon.colcon_core.package_identification:_identify(src/arduinobot_moveit) by extensions ['ros']
[0.193s] Level 1:colcon.colcon_core.package_identification:_identify(src/arduinobot_moveit) by extension 'ros'
[0.193s] DEBUG:colcon.colcon_core.package_identification:Package 'src/arduinobot_moveit' with type 'ros.ament_cmake' and name 'arduinobot_moveit'
[0.193s] Level 1:colcon.colcon_core.package_identification:_identify(src/arduinobot_msgs) by extensions ['ignore', 'ignore_ament_install']
[0.193s] Level 1:colcon.colcon_core.package_identification:_identify(src/arduinobot_msgs) by extension 'ignore'
[0.193s] Level 1:colcon.colcon_core.package_identification:_identify(src/arduinobot_msgs) by extension 'ignore_ament_install'
[0.193s] Level 1:colcon.colcon_core.package_identification:_identify(src/arduinobot_msgs) by extensions ['colcon_pkg']
[0.193s] Level 1:colcon.colcon_core.package_identification:_identify(src/arduinobot_msgs) by extension 'colcon_pkg'
[0.193s] Level 1:colcon.colcon_core.package_identification:_identify(src/arduinobot_msgs) by extensions ['colcon_meta']
[0.193s] Level 1:colcon.colcon_core.package_identification:_identify(src/arduinobot_msgs) by extension 'colcon_meta'
[0.193s] Level 1:colcon.colcon_core.package_identification:_identify(src/arduinobot_msgs) by extensions ['ros']
[0.193s] Level 1:colcon.colcon_core.package_identification:_identify(src/arduinobot_msgs) by extension 'ros'
[0.194s] DEBUG:colcon.colcon_core.package_identification:Package 'src/arduinobot_msgs' with type 'ros.ament_cmake' and name 'arduinobot_msgs'
[0.194s] Level 1:colcon.colcon_core.package_identification:_identify(src/arduinobot_remote) by extensions ['ignore', 'ignore_ament_install']
[0.194s] Level 1:colcon.colcon_core.package_identification:_identify(src/arduinobot_remote) by extension 'ignore'
[0.194s] Level 1:colcon.colcon_core.package_identification:_identify(src/arduinobot_remote) by extension 'ignore_ament_install'
[0.194s] Level 1:colcon.colcon_core.package_identification:_identify(src/arduinobot_remote) by extensions ['colcon_pkg']
[0.194s] Level 1:colcon.colcon_core.package_identification:_identify(src/arduinobot_remote) by extension 'colcon_pkg'
[0.194s] Level 1:colcon.colcon_core.package_identification:_identify(src/arduinobot_remote) by extensions ['colcon_meta']
[0.194s] Level 1:colcon.colcon_core.package_identification:_identify(src/arduinobot_remote) by extension 'colcon_meta'
[0.194s] Level 1:colcon.colcon_core.package_identification:_identify(src/arduinobot_remote) by extensions ['ros']
[0.194s] Level 1:colcon.colcon_core.package_identification:_identify(src/arduinobot_remote) by extension 'ros'
[0.194s] DEBUG:colcon.colcon_core.package_identification:Package 'src/arduinobot_remote' with type 'ros.ament_cmake' and name 'arduinobot_remote'
[0.195s] Level 1:colcon.colcon_core.package_discovery:discover_packages(recursive) using defaults
[0.195s] Level 1:colcon.colcon_core.package_discovery:discover_packages(ignore) discover
[0.195s] Level 1:colcon.colcon_core.package_discovery:discover_packages(ignore) using defaults
[0.195s] Level 1:colcon.colcon_core.package_discovery:discover_packages(path) discover
[0.195s] Level 1:colcon.colcon_core.package_discovery:discover_packages(path) using defaults
[0.208s] Level 1:colcon.colcon_core.package_discovery:discover_packages(prefix_path) check parameters
[0.208s] Level 1:colcon.colcon_core.package_discovery:discover_packages(prefix_path) discover
[0.208s] WARNING:colcon.colcon_ros.prefix_path.ament:The path '/home/datvu/robot_arm506_ws/install/arduinobot_remote' in the environment variable AMENT_PREFIX_PATH doesn't exist
[0.208s] WARNING:colcon.colcon_ros.prefix_path.ament:The path '/home/datvu/robot_arm506_ws/install/arduinobot_msgs' in the environment variable AMENT_PREFIX_PATH doesn't exist
[0.208s] WARNING:colcon.colcon_ros.prefix_path.ament:The path '/home/datvu/robot_arm506_ws/install/arduinobot_moveit' in the environment variable AMENT_PREFIX_PATH doesn't exist
[0.208s] WARNING:colcon.colcon_ros.prefix_path.ament:The path '/home/datvu/robot_arm506_ws/install/arduinobot_firmware' in the environment variable AMENT_PREFIX_PATH doesn't exist
[0.208s] WARNING:colcon.colcon_ros.prefix_path.ament:The path '/home/datvu/robot_arm506_ws/install/arduinobot_description' in the environment variable AMENT_PREFIX_PATH doesn't exist
[0.208s] WARNING:colcon.colcon_ros.prefix_path.ament:The path '/home/datvu/robot_arm506_ws/install/arduinobot_controller' in the environment variable AMENT_PREFIX_PATH doesn't exist
[0.208s] WARNING:colcon.colcon_ros.prefix_path.ament:The path '/home/datvu/robot_arm506_ws/install/arduinobot_bringup' in the environment variable AMENT_PREFIX_PATH doesn't exist
[0.208s] WARNING:colcon.colcon_ros.prefix_path.catkin:The path '/home/datvu/robot_arm506_ws/install/arduinobot_remote' in the environment variable CMAKE_PREFIX_PATH doesn't exist
[0.208s] WARNING:colcon.colcon_ros.prefix_path.catkin:The path '/home/datvu/robot_arm506_ws/install/arduinobot_msgs' in the environment variable CMAKE_PREFIX_PATH doesn't exist
[0.208s] WARNING:colcon.colcon_ros.prefix_path.catkin:The path '/home/datvu/robot_arm506_ws/install/arduinobot_moveit' in the environment variable CMAKE_PREFIX_PATH doesn't exist
[0.208s] WARNING:colcon.colcon_ros.prefix_path.catkin:The path '/home/datvu/robot_arm506_ws/install/arduinobot_firmware' in the environment variable CMAKE_PREFIX_PATH doesn't exist
[0.208s] WARNING:colcon.colcon_ros.prefix_path.catkin:The path '/home/datvu/robot_arm506_ws/install/arduinobot_description' in the environment variable CMAKE_PREFIX_PATH doesn't exist
[0.208s] WARNING:colcon.colcon_ros.prefix_path.catkin:The path '/home/datvu/robot_arm506_ws/install/arduinobot_controller' in the environment variable CMAKE_PREFIX_PATH doesn't exist
[0.208s] WARNING:colcon.colcon_ros.prefix_path.catkin:The path '/home/datvu/robot_arm506_ws/install/arduinobot_bringup' in the environment variable CMAKE_PREFIX_PATH doesn't exist
[0.209s] DEBUG:colcon.colcon_installed_package_information.package_discovery:Found 0 installed packages in /home/datvu/robot_arm506_ws/install
[0.209s] DEBUG:colcon.colcon_installed_package_information.package_discovery:Found 2 installed packages in /home/datvu/ros2_ws/install
[0.210s] DEBUG:colcon.colcon_installed_package_information.package_discovery:Found 397 installed packages in /opt/ros/humble
[0.211s] Level 1:colcon.colcon_core.package_discovery:discover_packages(prefix_path) using defaults
[0.236s] Level 5:colcon.colcon_core.verb:set package 'arduinobot_bringup' build argument 'cmake_args' from command line to 'None'
[0.236s] Level 5:colcon.colcon_core.verb:set package 'arduinobot_bringup' build argument 'cmake_target' from command line to 'None'
[0.236s] Level 5:colcon.colcon_core.verb:set package 'arduinobot_bringup' build argument 'cmake_target_skip_unavailable' from command line to 'False'
[0.236s] Level 5:colcon.colcon_core.verb:set package 'arduinobot_bringup' build argument 'cmake_clean_cache' from command line to 'False'
[0.236s] Level 5:colcon.colcon_core.verb:set package 'arduinobot_bringup' build argument 'cmake_clean_first' from command line to 'False'
[0.236s] Level 5:colcon.colcon_core.verb:set package 'arduinobot_bringup' build argument 'cmake_force_configure' from command line to 'False'
[0.236s] Level 5:colcon.colcon_core.verb:set package 'arduinobot_bringup' build argument 'ament_cmake_args' from command line to 'None'
[0.236s] Level 5:colcon.colcon_core.verb:set package 'arduinobot_bringup' build argument 'catkin_cmake_args' from command line to 'None'
[0.236s] Level 5:colcon.colcon_core.verb:set package 'arduinobot_bringup' build argument 'catkin_skip_building_tests' from command line to 'False'
[0.236s] DEBUG:colcon.colcon_core.verb:Building package 'arduinobot_bringup' with the following arguments: {'ament_cmake_args': None, 'build_base': '/home/datvu/robot_arm506_ws/build/arduinobot_bringup', 'catkin_cmake_args': None, 'catkin_skip_building_tests': False, 'cmake_args': None, 'cmake_clean_cache': False, 'cmake_clean_first': False, 'cmake_force_configure': False, 'cmake_target': None, 'cmake_target_skip_unavailable': False, 'install_base': '/home/datvu/robot_arm506_ws/install/arduinobot_bringup', 'merge_install': False, 'path': '/home/datvu/robot_arm506_ws/src/arduinobot_bringup', 'symlink_install': False, 'test_result_base': None}
[0.236s] Level 5:colcon.colcon_core.verb:set package 'arduinobot_controller' build argument 'cmake_args' from command line to 'None'
[0.236s] Level 5:colcon.colcon_core.verb:set package 'arduinobot_controller' build argument 'cmake_target' from command line to 'None'
[0.236s] Level 5:colcon.colcon_core.verb:set package 'arduinobot_controller' build argument 'cmake_target_skip_unavailable' from command line to 'False'
[0.236s] Level 5:colcon.colcon_core.verb:set package 'arduinobot_controller' build argument 'cmake_clean_cache' from command line to 'False'
[0.236s] Level 5:colcon.colcon_core.verb:set package 'arduinobot_controller' build argument 'cmake_clean_first' from command line to 'False'
[0.236s] Level 5:colcon.colcon_core.verb:set package 'arduinobot_controller' build argument 'cmake_force_configure' from command line to 'False'
[0.236s] Level 5:colcon.colcon_core.verb:set package 'arduinobot_controller' build argument 'ament_cmake_args' from command line to 'None'
[0.236s] Level 5:colcon.colcon_core.verb:set package 'arduinobot_controller' build argument 'catkin_cmake_args' from command line to 'None'
[0.236s] Level 5:colcon.colcon_core.verb:set package 'arduinobot_controller' build argument 'catkin_skip_building_tests' from command line to 'False'
[0.236s] DEBUG:colcon.colcon_core.verb:Building package 'arduinobot_controller' with the following arguments: {'ament_cmake_args': None, 'build_base': '/home/datvu/robot_arm506_ws/build/arduinobot_controller', 'catkin_cmake_args': None, 'catkin_skip_building_tests': False, 'cmake_args': None, 'cmake_clean_cache': False, 'cmake_clean_first': False, 'cmake_force_configure': False, 'cmake_target': None, 'cmake_target_skip_unavailable': False, 'install_base': '/home/datvu/robot_arm506_ws/install/arduinobot_controller', 'merge_install': False, 'path': '/home/datvu/robot_arm506_ws/src/arduinobot_controller', 'symlink_install': False, 'test_result_base': None}
[0.236s] Level 5:colcon.colcon_core.verb:set package 'arduinobot_description' build argument 'cmake_args' from command line to 'None'
[0.236s] Level 5:colcon.colcon_core.verb:set package 'arduinobot_description' build argument 'cmake_target' from command line to 'None'
[0.236s] Level 5:colcon.colcon_core.verb:set package 'arduinobot_description' build argument 'cmake_target_skip_unavailable' from command line to 'False'
[0.236s] Level 5:colcon.colcon_core.verb:set package 'arduinobot_description' build argument 'cmake_clean_cache' from command line to 'False'
[0.236s] Level 5:colcon.colcon_core.verb:set package 'arduinobot_description' build argument 'cmake_clean_first' from command line to 'False'
[0.236s] Level 5:colcon.colcon_core.verb:set package 'arduinobot_description' build argument 'cmake_force_configure' from command line to 'False'
[0.236s] Level 5:colcon.colcon_core.verb:set package 'arduinobot_description' build argument 'ament_cmake_args' from command line to 'None'
[0.236s] Level 5:colcon.colcon_core.verb:set package 'arduinobot_description' build argument 'catkin_cmake_args' from command line to 'None'
[0.236s] Level 5:colcon.colcon_core.verb:set package 'arduinobot_description' build argument 'catkin_skip_building_tests' from command line to 'False'
[0.236s] DEBUG:colcon.colcon_core.verb:Building package 'arduinobot_description' with the following arguments: {'ament_cmake_args': None, 'build_base': '/home/datvu/robot_arm506_ws/build/arduinobot_description', 'catkin_cmake_args': None, 'catkin_skip_building_tests': False, 'cmake_args': None, 'cmake_clean_cache': False, 'cmake_clean_first': False, 'cmake_force_configure': False, 'cmake_target': None, 'cmake_target_skip_unavailable': False, 'install_base': '/home/datvu/robot_arm506_ws/install/arduinobot_description', 'merge_install': False, 'path': '/home/datvu/robot_arm506_ws/src/arduinobot_description', 'symlink_install': False, 'test_result_base': None}
[0.237s] Level 5:colcon.colcon_core.verb:set package 'arduinobot_firmware' build argument 'cmake_args' from command line to 'None'
[0.237s] Level 5:colcon.colcon_core.verb:set package 'arduinobot_firmware' build argument 'cmake_target' from command line to 'None'
[0.237s] Level 5:colcon.colcon_core.verb:set package 'arduinobot_firmware' build argument 'cmake_target_skip_unavailable' from command line to 'False'
[0.237s] Level 5:colcon.colcon_core.verb:set package 'arduinobot_firmware' build argument 'cmake_clean_cache' from command line to 'False'
[0.237s] Level 5:colcon.colcon_core.verb:set package 'arduinobot_firmware' build argument 'cmake_clean_first' from command line to 'False'
[0.237s] Level 5:colcon.colcon_core.verb:set package 'arduinobot_firmware' build argument 'cmake_force_configure' from command line to 'False'
[0.237s] Level 5:colcon.colcon_core.verb:set package 'arduinobot_firmware' build argument 'ament_cmake_args' from command line to 'None'
[0.237s] Level 5:colcon.colcon_core.verb:set package 'arduinobot_firmware' build argument 'catkin_cmake_args' from command line to 'None'
[0.237s] Level 5:colcon.colcon_core.verb:set package 'arduinobot_firmware' build argument 'catkin_skip_building_tests' from command line to 'False'
[0.237s] DEBUG:colcon.colcon_core.verb:Building package 'arduinobot_firmware' with the following arguments: {'ament_cmake_args': None, 'build_base': '/home/datvu/robot_arm506_ws/build/arduinobot_firmware', 'catkin_cmake_args': None, 'catkin_skip_building_tests': False, 'cmake_args': None, 'cmake_clean_cache': False, 'cmake_clean_first': False, 'cmake_force_configure': False, 'cmake_target': None, 'cmake_target_skip_unavailable': False, 'install_base': '/home/datvu/robot_arm506_ws/install/arduinobot_firmware', 'merge_install': False, 'path': '/home/datvu/robot_arm506_ws/src/arduinobot_firmware', 'symlink_install': False, 'test_result_base': None}
[0.237s] Level 5:colcon.colcon_core.verb:set package 'arduinobot_moveit' build argument 'cmake_args' from command line to 'None'
[0.237s] Level 5:colcon.colcon_core.verb:set package 'arduinobot_moveit' build argument 'cmake_target' from command line to 'None'
[0.237s] Level 5:colcon.colcon_core.verb:set package 'arduinobot_moveit' build argument 'cmake_target_skip_unavailable' from command line to 'False'
[0.237s] Level 5:colcon.colcon_core.verb:set package 'arduinobot_moveit' build argument 'cmake_clean_cache' from command line to 'False'
[0.237s] Level 5:colcon.colcon_core.verb:set package 'arduinobot_moveit' build argument 'cmake_clean_first' from command line to 'False'
[0.237s] Level 5:colcon.colcon_core.verb:set package 'arduinobot_moveit' build argument 'cmake_force_configure' from command line to 'False'
[0.237s] Level 5:colcon.colcon_core.verb:set package 'arduinobot_moveit' build argument 'ament_cmake_args' from command line to 'None'
[0.237s] Level 5:colcon.colcon_core.verb:set package 'arduinobot_moveit' build argument 'catkin_cmake_args' from command line to 'None'
[0.237s] Level 5:colcon.colcon_core.verb:set package 'arduinobot_moveit' build argument 'catkin_skip_building_tests' from command line to 'False'
[0.237s] DEBUG:colcon.colcon_core.verb:Building package 'arduinobot_moveit' with the following arguments: {'ament_cmake_args': None, 'build_base': '/home/datvu/robot_arm506_ws/build/arduinobot_moveit', 'catkin_cmake_args': None, 'catkin_skip_building_tests': False, 'cmake_args': None, 'cmake_clean_cache': False, 'cmake_clean_first': False, 'cmake_force_configure': False, 'cmake_target': None, 'cmake_target_skip_unavailable': False, 'install_base': '/home/datvu/robot_arm506_ws/install/arduinobot_moveit', 'merge_install': False, 'path': '/home/datvu/robot_arm506_ws/src/arduinobot_moveit', 'symlink_install': False, 'test_result_base': None}
[0.237s] Level 5:colcon.colcon_core.verb:set package 'arduinobot_msgs' build argument 'cmake_args' from command line to 'None'
[0.237s] Level 5:colcon.colcon_core.verb:set package 'arduinobot_msgs' build argument 'cmake_target' from command line to 'None'
[0.237s] Level 5:colcon.colcon_core.verb:set package 'arduinobot_msgs' build argument 'cmake_target_skip_unavailable' from command line to 'False'
[0.237s] Level 5:colcon.colcon_core.verb:set package 'arduinobot_msgs' build argument 'cmake_clean_cache' from command line to 'False'
[0.237s] Level 5:colcon.colcon_core.verb:set package 'arduinobot_msgs' build argument 'cmake_clean_first' from command line to 'False'
[0.237s] Level 5:colcon.colcon_core.verb:set package 'arduinobot_msgs' build argument 'cmake_force_configure' from command line to 'False'
[0.237s] Level 5:colcon.colcon_core.verb:set package 'arduinobot_msgs' build argument 'ament_cmake_args' from command line to 'None'
[0.237s] Level 5:colcon.colcon_core.verb:set package 'arduinobot_msgs' build argument 'catkin_cmake_args' from command line to 'None'
[0.237s] Level 5:colcon.colcon_core.verb:set package 'arduinobot_msgs' build argument 'catkin_skip_building_tests' from command line to 'False'
[0.237s] DEBUG:colcon.colcon_core.verb:Building package 'arduinobot_msgs' with the following arguments: {'ament_cmake_args': None, 'build_base': '/home/datvu/robot_arm506_ws/build/arduinobot_msgs', 'catkin_cmake_args': None, 'catkin_skip_building_tests': False, 'cmake_args': None, 'cmake_clean_cache': False, 'cmake_clean_first': False, 'cmake_force_configure': False, 'cmake_target': None, 'cmake_target_skip_unavailable': False, 'install_base': '/home/datvu/robot_arm506_ws/install/arduinobot_msgs', 'merge_install': False, 'path': '/home/datvu/robot_arm506_ws/src/arduinobot_msgs', 'symlink_install': False, 'test_result_base': None}
[0.237s] Level 5:colcon.colcon_core.verb:set package 'arduinobot_remote' build argument 'cmake_args' from command line to 'None'
[0.238s] Level 5:colcon.colcon_core.verb:set package 'arduinobot_remote' build argument 'cmake_target' from command line to 'None'
[0.238s] Level 5:colcon.colcon_core.verb:set package 'arduinobot_remote' build argument 'cmake_target_skip_unavailable' from command line to 'False'
[0.238s] Level 5:colcon.colcon_core.verb:set package 'arduinobot_remote' build argument 'cmake_clean_cache' from command line to 'False'
[0.238s] Level 5:colcon.colcon_core.verb:set package 'arduinobot_remote' build argument 'cmake_clean_first' from command line to 'False'
[0.238s] Level 5:colcon.colcon_core.verb:set package 'arduinobot_remote' build argument 'cmake_force_configure' from command line to 'False'
[0.238s] Level 5:colcon.colcon_core.verb:set package 'arduinobot_remote' build argument 'ament_cmake_args' from command line to 'None'
[0.238s] Level 5:colcon.colcon_core.verb:set package 'arduinobot_remote' build argument 'catkin_cmake_args' from command line to 'None'
[0.238s] Level 5:colcon.colcon_core.verb:set package 'arduinobot_remote' build argument 'catkin_skip_building_tests' from command line to 'False'
[0.238s] DEBUG:colcon.colcon_core.verb:Building package 'arduinobot_remote' with the following arguments: {'ament_cmake_args': None, 'build_base': '/home/datvu/robot_arm506_ws/build/arduinobot_remote', 'catkin_cmake_args': None, 'catkin_skip_building_tests': False, 'cmake_args': None, 'cmake_clean_cache': False, 'cmake_clean_first': False, 'cmake_force_configure': False, 'cmake_target': None, 'cmake_target_skip_unavailable': False, 'install_base': '/home/datvu/robot_arm506_ws/install/arduinobot_remote', 'merge_install': False, 'path': '/home/datvu/robot_arm506_ws/src/arduinobot_remote', 'symlink_install': False, 'test_result_base': None}
[0.238s] INFO:colcon.colcon_core.executor:Executing jobs using 'parallel' executor
[0.238s] DEBUG:colcon.colcon_parallel_executor.executor.parallel:run_until_complete
[0.239s] INFO:colcon.colcon_ros.task.ament_cmake.build:Building ROS package in '/home/datvu/robot_arm506_ws/src/arduinobot_msgs' with build type 'ament_cmake'
[0.239s] INFO:colcon.colcon_cmake.task.cmake.build:Building CMake package in '/home/datvu/robot_arm506_ws/src/arduinobot_msgs'
[0.240s] INFO:colcon.colcon_core.plugin_system:Skipping extension 'colcon_core.shell.bat': Not used on non-Windows systems
[0.240s] INFO:colcon.colcon_core.shell:Skip shell extension 'powershell' for command environment: Not usable outside of PowerShell
[0.240s] DEBUG:colcon.colcon_core.shell:Skip shell extension 'dsv' for command environment
[0.242s] INFO:colcon.colcon_ros.task.ament_cmake.build:Building ROS package in '/home/datvu/robot_arm506_ws/src/arduinobot_bringup' with build type 'ament_cmake'
[0.243s] INFO:colcon.colcon_cmake.task.cmake.build:Building CMake package in '/home/datvu/robot_arm506_ws/src/arduinobot_bringup'
[0.243s] INFO:colcon.colcon_core.shell:Skip shell extension 'powershell' for command environment: Not usable outside of PowerShell
[0.243s] DEBUG:colcon.colcon_core.shell:Skip shell extension 'dsv' for command environment
[0.245s] INFO:colcon.colcon_ros.task.ament_cmake.build:Building ROS package in '/home/datvu/robot_arm506_ws/src/arduinobot_controller' with build type 'ament_cmake'
[0.245s] INFO:colcon.colcon_cmake.task.cmake.build:Building CMake package in '/home/datvu/robot_arm506_ws/src/arduinobot_controller'
[0.245s] INFO:colcon.colcon_core.shell:Skip shell extension 'powershell' for command environment: Not usable outside of PowerShell
[0.245s] DEBUG:colcon.colcon_core.shell:Skip shell extension 'dsv' for command environment
[0.247s] INFO:colcon.colcon_ros.task.ament_cmake.build:Building ROS package in '/home/datvu/robot_arm506_ws/src/arduinobot_description' with build type 'ament_cmake'
[0.247s] INFO:colcon.colcon_cmake.task.cmake.build:Building CMake package in '/home/datvu/robot_arm506_ws/src/arduinobot_description'
[0.247s] INFO:colcon.colcon_core.shell:Skip shell extension 'powershell' for command environment: Not usable outside of PowerShell
[0.247s] DEBUG:colcon.colcon_core.shell:Skip shell extension 'dsv' for command environment
[0.249s] INFO:colcon.colcon_ros.task.ament_cmake.build:Building ROS package in '/home/datvu/robot_arm506_ws/src/arduinobot_firmware' with build type 'ament_cmake'
[0.249s] INFO:colcon.colcon_cmake.task.cmake.build:Building CMake package in '/home/datvu/robot_arm506_ws/src/arduinobot_firmware'
[0.249s] INFO:colcon.colcon_core.shell:Skip shell extension 'powershell' for command environment: Not usable outside of PowerShell
[0.249s] DEBUG:colcon.colcon_core.shell:Skip shell extension 'dsv' for command environment
[0.251s] INFO:colcon.colcon_ros.task.ament_cmake.build:Building ROS package in '/home/datvu/robot_arm506_ws/src/arduinobot_moveit' with build type 'ament_cmake'
[0.251s] INFO:colcon.colcon_cmake.task.cmake.build:Building CMake package in '/home/datvu/robot_arm506_ws/src/arduinobot_moveit'
[0.251s] INFO:colcon.colcon_core.shell:Skip shell extension 'powershell' for command environment: Not usable outside of PowerShell
[0.251s] DEBUG:colcon.colcon_core.shell:Skip shell extension 'dsv' for command environment
[0.256s] DEBUG:colcon.colcon_core.event_handler.log_command:Invoking command in '/home/datvu/robot_arm506_ws/build/arduinobot_msgs': CMAKE_PREFIX_PATH=${CMAKE_PREFIX_PATH}:/home/datvu/ros2_ws/install/my_py_pkg:/opt/ros/humble /usr/bin/cmake /home/datvu/robot_arm506_ws/src/arduinobot_msgs -DCMAKE_INSTALL_PREFIX=/home/datvu/robot_arm506_ws/install/arduinobot_msgs
[0.258s] DEBUG:colcon.colcon_core.event_handler.log_command:Invoking command in '/home/datvu/robot_arm506_ws/build/arduinobot_bringup': CMAKE_PREFIX_PATH=${CMAKE_PREFIX_PATH}:/home/datvu/ros2_ws/install/my_py_pkg:/opt/ros/humble /usr/bin/cmake /home/datvu/robot_arm506_ws/src/arduinobot_bringup -DCMAKE_INSTALL_PREFIX=/home/datvu/robot_arm506_ws/install/arduinobot_bringup
[0.259s] DEBUG:colcon.colcon_core.event_handler.log_command:Invoking command in '/home/datvu/robot_arm506_ws/build/arduinobot_controller': CMAKE_PREFIX_PATH=${CMAKE_PREFIX_PATH}:/home/datvu/ros2_ws/install/my_py_pkg:/opt/ros/humble /usr/bin/cmake /home/datvu/robot_arm506_ws/src/arduinobot_controller -DCMAKE_INSTALL_PREFIX=/home/datvu/robot_arm506_ws/install/arduinobot_controller
[0.262s] DEBUG:colcon.colcon_core.event_handler.log_command:Invoking command in '/home/datvu/robot_arm506_ws/build/arduinobot_description': CMAKE_PREFIX_PATH=${CMAKE_PREFIX_PATH}:/home/datvu/ros2_ws/install/my_py_pkg:/opt/ros/humble /usr/bin/cmake /home/datvu/robot_arm506_ws/src/arduinobot_description -DCMAKE_INSTALL_PREFIX=/home/datvu/robot_arm506_ws/install/arduinobot_description
[0.264s] DEBUG:colcon.colcon_core.event_handler.log_command:Invoking command in '/home/datvu/robot_arm506_ws/build/arduinobot_firmware': CMAKE_PREFIX_PATH=${CMAKE_PREFIX_PATH}:/home/datvu/ros2_ws/install/my_py_pkg:/opt/ros/humble /usr/bin/cmake /home/datvu/robot_arm506_ws/src/arduinobot_firmware -DCMAKE_INSTALL_PREFIX=/home/datvu/robot_arm506_ws/install/arduinobot_firmware
[0.264s] DEBUG:colcon.colcon_core.event_handler.log_command:Invoking command in '/home/datvu/robot_arm506_ws/build/arduinobot_moveit': CMAKE_PREFIX_PATH=${CMAKE_PREFIX_PATH}:/home/datvu/ros2_ws/install/my_py_pkg:/opt/ros/humble /usr/bin/cmake /home/datvu/robot_arm506_ws/src/arduinobot_moveit -DCMAKE_INSTALL_PREFIX=/home/datvu/robot_arm506_ws/install/arduinobot_moveit
[0.703s] DEBUG:colcon.colcon_core.event_handler.log_command:Invoked command in '/home/datvu/robot_arm506_ws/build/arduinobot_bringup' returned '0': CMAKE_PREFIX_PATH=${CMAKE_PREFIX_PATH}:/home/datvu/ros2_ws/install/my_py_pkg:/opt/ros/humble /usr/bin/cmake /home/datvu/robot_arm506_ws/src/arduinobot_bringup -DCMAKE_INSTALL_PREFIX=/home/datvu/robot_arm506_ws/install/arduinobot_bringup
[0.705s] DEBUG:colcon.colcon_core.event_handler.log_command:Invoking command in '/home/datvu/robot_arm506_ws/build/arduinobot_bringup': CMAKE_PREFIX_PATH=${CMAKE_PREFIX_PATH}:/home/datvu/ros2_ws/install/my_py_pkg:/opt/ros/humble /usr/bin/cmake --build /home/datvu/robot_arm506_ws/build/arduinobot_bringup -- -j16 -l16
[0.741s] DEBUG:colcon.colcon_core.event_handler.log_command:Invoked command in '/home/datvu/robot_arm506_ws/build/arduinobot_bringup' returned '0': CMAKE_PREFIX_PATH=${CMAKE_PREFIX_PATH}:/home/datvu/ros2_ws/install/my_py_pkg:/opt/ros/humble /usr/bin/cmake --build /home/datvu/robot_arm506_ws/build/arduinobot_bringup -- -j16 -l16
[0.758s] DEBUG:colcon.colcon_core.event_handler.log_command:Invoked command in '/home/datvu/robot_arm506_ws/build/arduinobot_moveit' returned '0': CMAKE_PREFIX_PATH=${CMAKE_PREFIX_PATH}:/home/datvu/ros2_ws/install/my_py_pkg:/opt/ros/humble /usr/bin/cmake /home/datvu/robot_arm506_ws/src/arduinobot_moveit -DCMAKE_INSTALL_PREFIX=/home/datvu/robot_arm506_ws/install/arduinobot_moveit
[0.759s] DEBUG:colcon.colcon_core.event_handler.log_command:Invoking command in '/home/datvu/robot_arm506_ws/build/arduinobot_moveit': CMAKE_PREFIX_PATH=${CMAKE_PREFIX_PATH}:/home/datvu/ros2_ws/install/my_py_pkg:/opt/ros/humble /usr/bin/cmake --build /home/datvu/robot_arm506_ws/build/arduinobot_moveit -- -j16 -l16
[0.770s] DEBUG:colcon.colcon_core.event_handler.log_command:Invoking command in '/home/datvu/robot_arm506_ws/build/arduinobot_bringup': CMAKE_PREFIX_PATH=${CMAKE_PREFIX_PATH}:/home/datvu/ros2_ws/install/my_py_pkg:/opt/ros/humble /usr/bin/cmake --install /home/datvu/robot_arm506_ws/build/arduinobot_bringup
[0.777s] Level 1:colcon.colcon_core.environment:create_environment_scripts_only(arduinobot_bringup)
[0.778s] DEBUG:colcon.colcon_core.event_handler.log_command:Invoked command in '/home/datvu/robot_arm506_ws/build/arduinobot_bringup' returned '0': CMAKE_PREFIX_PATH=${CMAKE_PREFIX_PATH}:/home/datvu/ros2_ws/install/my_py_pkg:/opt/ros/humble /usr/bin/cmake --install /home/datvu/robot_arm506_ws/build/arduinobot_bringup
[0.780s] Level 1:colcon.colcon_core.environment:checking '/home/datvu/robot_arm506_ws/install/arduinobot_bringup' for CMake module files
[0.781s] Level 1:colcon.colcon_core.environment:checking '/home/datvu/robot_arm506_ws/install/arduinobot_bringup' for CMake config files
[0.781s] Level 1:colcon.colcon_core.shell:create_environment_hook('arduinobot_bringup', 'cmake_prefix_path')
[0.781s] INFO:colcon.colcon_core.shell:Creating environment hook '/home/datvu/robot_arm506_ws/install/arduinobot_bringup/share/arduinobot_bringup/hook/cmake_prefix_path.ps1'
[0.782s] INFO:colcon.colcon_core.shell:Creating environment descriptor '/home/datvu/robot_arm506_ws/install/arduinobot_bringup/share/arduinobot_bringup/hook/cmake_prefix_path.dsv'
[0.782s] INFO:colcon.colcon_core.shell:Creating environment hook '/home/datvu/robot_arm506_ws/install/arduinobot_bringup/share/arduinobot_bringup/hook/cmake_prefix_path.sh'
[0.783s] Level 1:colcon.colcon_core.environment:checking '/home/datvu/robot_arm506_ws/install/arduinobot_bringup/bin'
[0.783s] Level 1:colcon.colcon_core.environment:checking '/home/datvu/robot_arm506_ws/install/arduinobot_bringup/lib/pkgconfig/arduinobot_bringup.pc'
[0.784s] Level 1:colcon.colcon_core.environment:checking '/home/datvu/robot_arm506_ws/install/arduinobot_bringup/lib/python3.10/site-packages'
[0.784s] Level 1:colcon.colcon_core.environment:checking '/home/datvu/robot_arm506_ws/install/arduinobot_bringup/bin'
[0.784s] INFO:colcon.colcon_core.shell:Creating package script '/home/datvu/robot_arm506_ws/install/arduinobot_bringup/share/arduinobot_bringup/package.ps1'
[0.785s] INFO:colcon.colcon_core.shell:Creating package descriptor '/home/datvu/robot_arm506_ws/install/arduinobot_bringup/share/arduinobot_bringup/package.dsv'
[0.785s] INFO:colcon.colcon_core.shell:Creating package script '/home/datvu/robot_arm506_ws/install/arduinobot_bringup/share/arduinobot_bringup/package.sh'
[0.786s] INFO:colcon.colcon_core.shell:Creating package script '/home/datvu/robot_arm506_ws/install/arduinobot_bringup/share/arduinobot_bringup/package.bash'
[0.786s] INFO:colcon.colcon_core.shell:Creating package script '/home/datvu/robot_arm506_ws/install/arduinobot_bringup/share/arduinobot_bringup/package.zsh'
[0.787s] Level 1:colcon.colcon_core.environment:create_file_with_runtime_dependencies(/home/datvu/robot_arm506_ws/install/arduinobot_bringup/share/colcon-core/packages/arduinobot_bringup)
[0.792s] DEBUG:colcon.colcon_core.event_handler.log_command:Invoked command in '/home/datvu/robot_arm506_ws/build/arduinobot_moveit' returned '0': CMAKE_PREFIX_PATH=${CMAKE_PREFIX_PATH}:/home/datvu/ros2_ws/install/my_py_pkg:/opt/ros/humble /usr/bin/cmake --build /home/datvu/robot_arm506_ws/build/arduinobot_moveit -- -j16 -l16
[0.804s] Level 1:colcon.colcon_core.environment:create_environment_scripts_only(arduinobot_bringup)
[0.804s] Level 1:colcon.colcon_core.environment:checking '/home/datvu/robot_arm506_ws/install/arduinobot_bringup' for CMake module files
[0.804s] Level 1:colcon.colcon_core.environment:checking '/home/datvu/robot_arm506_ws/install/arduinobot_bringup' for CMake config files
[0.805s] Level 1:colcon.colcon_core.shell:create_environment_hook('arduinobot_bringup', 'cmake_prefix_path')
[0.805s] INFO:colcon.colcon_core.shell:Creating environment hook '/home/datvu/robot_arm506_ws/install/arduinobot_bringup/share/arduinobot_bringup/hook/cmake_prefix_path.ps1'
[0.806s] INFO:colcon.colcon_core.shell:Creating environment descriptor '/home/datvu/robot_arm506_ws/install/arduinobot_bringup/share/arduinobot_bringup/hook/cmake_prefix_path.dsv'
[0.806s] INFO:colcon.colcon_core.shell:Creating environment hook '/home/datvu/robot_arm506_ws/install/arduinobot_bringup/share/arduinobot_bringup/hook/cmake_prefix_path.sh'
[0.807s] Level 1:colcon.colcon_core.environment:checking '/home/datvu/robot_arm506_ws/install/arduinobot_bringup/bin'
[0.807s] Level 1:colcon.colcon_core.environment:checking '/home/datvu/robot_arm506_ws/install/arduinobot_bringup/lib/pkgconfig/arduinobot_bringup.pc'
[0.807s] Level 1:colcon.colcon_core.environment:checking '/home/datvu/robot_arm506_ws/install/arduinobot_bringup/lib/python3.10/site-packages'
[0.807s] Level 1:colcon.colcon_core.environment:checking '/home/datvu/robot_arm506_ws/install/arduinobot_bringup/bin'
[0.807s] INFO:colcon.colcon_core.shell:Creating package script '/home/datvu/robot_arm506_ws/install/arduinobot_bringup/share/arduinobot_bringup/package.ps1'
[0.808s] INFO:colcon.colcon_core.shell:Creating package descriptor '/home/datvu/robot_arm506_ws/install/arduinobot_bringup/share/arduinobot_bringup/package.dsv'
[0.809s] INFO:colcon.colcon_core.shell:Creating package script '/home/datvu/robot_arm506_ws/install/arduinobot_bringup/share/arduinobot_bringup/package.sh'
[0.809s] INFO:colcon.colcon_core.shell:Creating package script '/home/datvu/robot_arm506_ws/install/arduinobot_bringup/share/arduinobot_bringup/package.bash'
[0.810s] INFO:colcon.colcon_core.shell:Creating package script '/home/datvu/robot_arm506_ws/install/arduinobot_bringup/share/arduinobot_bringup/package.zsh'
[0.810s] Level 1:colcon.colcon_core.environment:create_file_with_runtime_dependencies(/home/datvu/robot_arm506_ws/install/arduinobot_bringup/share/colcon-core/packages/arduinobot_bringup)
[0.813s] DEBUG:colcon.colcon_core.event_handler.log_command:Invoking command in '/home/datvu/robot_arm506_ws/build/arduinobot_moveit': CMAKE_PREFIX_PATH=${CMAKE_PREFIX_PATH}:/home/datvu/ros2_ws/install/my_py_pkg:/opt/ros/humble /usr/bin/cmake --install /home/datvu/robot_arm506_ws/build/arduinobot_moveit
[0.816s] DEBUG:colcon.colcon_core.event_handler.log_command:Invoked command in '/home/datvu/robot_arm506_ws/build/arduinobot_description' returned '0': CMAKE_PREFIX_PATH=${CMAKE_PREFIX_PATH}:/home/datvu/ros2_ws/install/my_py_pkg:/opt/ros/humble /usr/bin/cmake /home/datvu/robot_arm506_ws/src/arduinobot_description -DCMAKE_INSTALL_PREFIX=/home/datvu/robot_arm506_ws/install/arduinobot_description
[0.818s] DEBUG:colcon.colcon_core.event_handler.log_command:Invoking command in '/home/datvu/robot_arm506_ws/build/arduinobot_description': CMAKE_PREFIX_PATH=${CMAKE_PREFIX_PATH}:/home/datvu/ros2_ws/install/my_py_pkg:/opt/ros/humble /usr/bin/cmake --build /home/datvu/robot_arm506_ws/build/arduinobot_description -- -j16 -l16
[0.821s] Level 1:colcon.colcon_core.environment:create_environment_scripts_only(arduinobot_moveit)
[0.821s] Level 1:colcon.colcon_core.environment:checking '/home/datvu/robot_arm506_ws/install/arduinobot_moveit' for CMake module files
[0.821s] DEBUG:colcon.colcon_core.event_handler.log_command:Invoked command in '/home/datvu/robot_arm506_ws/build/arduinobot_moveit' returned '0': CMAKE_PREFIX_PATH=${CMAKE_PREFIX_PATH}:/home/datvu/ros2_ws/install/my_py_pkg:/opt/ros/humble /usr/bin/cmake --install /home/datvu/robot_arm506_ws/build/arduinobot_moveit
[0.821s] Level 1:colcon.colcon_core.environment:checking '/home/datvu/robot_arm506_ws/install/arduinobot_moveit' for CMake config files
[0.822s] Level 1:colcon.colcon_core.shell:create_environment_hook('arduinobot_moveit', 'cmake_prefix_path')
[0.822s] INFO:colcon.colcon_core.shell:Creating environment hook '/home/datvu/robot_arm506_ws/install/arduinobot_moveit/share/arduinobot_moveit/hook/cmake_prefix_path.ps1'
[0.822s] INFO:colcon.colcon_core.shell:Creating environment descriptor '/home/datvu/robot_arm506_ws/install/arduinobot_moveit/share/arduinobot_moveit/hook/cmake_prefix_path.dsv'
[0.822s] INFO:colcon.colcon_core.shell:Creating environment hook '/home/datvu/robot_arm506_ws/install/arduinobot_moveit/share/arduinobot_moveit/hook/cmake_prefix_path.sh'
[0.823s] Level 1:colcon.colcon_core.environment:checking '/home/datvu/robot_arm506_ws/install/arduinobot_moveit/bin'
[0.823s] Level 1:colcon.colcon_core.environment:checking '/home/datvu/robot_arm506_ws/install/arduinobot_moveit/lib/pkgconfig/arduinobot_moveit.pc'
[0.823s] Level 1:colcon.colcon_core.environment:checking '/home/datvu/robot_arm506_ws/install/arduinobot_moveit/lib/python3.10/site-packages'
[0.823s] Level 1:colcon.colcon_core.environment:checking '/home/datvu/robot_arm506_ws/install/arduinobot_moveit/bin'
[0.823s] INFO:colcon.colcon_core.shell:Creating package script '/home/datvu/robot_arm506_ws/install/arduinobot_moveit/share/arduinobot_moveit/package.ps1'
[0.823s] INFO:colcon.colcon_core.shell:Creating package descriptor '/home/datvu/robot_arm506_ws/install/arduinobot_moveit/share/arduinobot_moveit/package.dsv'
[0.823s] INFO:colcon.colcon_core.shell:Creating package script '/home/datvu/robot_arm506_ws/install/arduinobot_moveit/share/arduinobot_moveit/package.sh'
[0.824s] INFO:colcon.colcon_core.shell:Creating package script '/home/datvu/robot_arm506_ws/install/arduinobot_moveit/share/arduinobot_moveit/package.bash'
[0.824s] INFO:colcon.colcon_core.shell:Creating package script '/home/datvu/robot_arm506_ws/install/arduinobot_moveit/share/arduinobot_moveit/package.zsh'
[0.824s] Level 1:colcon.colcon_core.environment:create_file_with_runtime_dependencies(/home/datvu/robot_arm506_ws/install/arduinobot_moveit/share/colcon-core/packages/arduinobot_moveit)
[0.840s] Level 1:colcon.colcon_core.environment:create_environment_scripts_only(arduinobot_moveit)
[0.840s] Level 1:colcon.colcon_core.environment:checking '/home/datvu/robot_arm506_ws/install/arduinobot_moveit' for CMake module files
[0.840s] Level 1:colcon.colcon_core.environment:checking '/home/datvu/robot_arm506_ws/install/arduinobot_moveit' for CMake config files
[0.840s] Level 1:colcon.colcon_core.shell:create_environment_hook('arduinobot_moveit', 'cmake_prefix_path')
[0.840s] INFO:colcon.colcon_core.shell:Creating environment hook '/home/datvu/robot_arm506_ws/install/arduinobot_moveit/share/arduinobot_moveit/hook/cmake_prefix_path.ps1'
[0.841s] INFO:colcon.colcon_core.shell:Creating environment descriptor '/home/datvu/robot_arm506_ws/install/arduinobot_moveit/share/arduinobot_moveit/hook/cmake_prefix_path.dsv'
[0.841s] INFO:colcon.colcon_core.shell:Creating environment hook '/home/datvu/robot_arm506_ws/install/arduinobot_moveit/share/arduinobot_moveit/hook/cmake_prefix_path.sh'
[0.841s] Level 1:colcon.colcon_core.environment:checking '/home/datvu/robot_arm506_ws/install/arduinobot_moveit/bin'
[0.841s] Level 1:colcon.colcon_core.environment:checking '/home/datvu/robot_arm506_ws/install/arduinobot_moveit/lib/pkgconfig/arduinobot_moveit.pc'
[0.841s] Level 1:colcon.colcon_core.environment:checking '/home/datvu/robot_arm506_ws/install/arduinobot_moveit/lib/python3.10/site-packages'
[0.842s] Level 1:colcon.colcon_core.environment:checking '/home/datvu/robot_arm506_ws/install/arduinobot_moveit/bin'
[0.842s] INFO:colcon.colcon_core.shell:Creating package script '/home/datvu/robot_arm506_ws/install/arduinobot_moveit/share/arduinobot_moveit/package.ps1'
[0.842s] INFO:colcon.colcon_core.shell:Creating package descriptor '/home/datvu/robot_arm506_ws/install/arduinobot_moveit/share/arduinobot_moveit/package.dsv'
[0.842s] INFO:colcon.colcon_core.shell:Creating package script '/home/datvu/robot_arm506_ws/install/arduinobot_moveit/share/arduinobot_moveit/package.sh'
[0.843s] INFO:colcon.colcon_core.shell:Creating package script '/home/datvu/robot_arm506_ws/install/arduinobot_moveit/share/arduinobot_moveit/package.bash'
[0.843s] INFO:colcon.colcon_core.shell:Creating package script '/home/datvu/robot_arm506_ws/install/arduinobot_moveit/share/arduinobot_moveit/package.zsh'
[0.843s] Level 1:colcon.colcon_core.environment:create_file_with_runtime_dependencies(/home/datvu/robot_arm506_ws/install/arduinobot_moveit/share/colcon-core/packages/arduinobot_moveit)
[0.844s] DEBUG:colcon.colcon_core.event_handler.log_command:Invoked command in '/home/datvu/robot_arm506_ws/build/arduinobot_description' returned '0': CMAKE_PREFIX_PATH=${CMAKE_PREFIX_PATH}:/home/datvu/ros2_ws/install/my_py_pkg:/opt/ros/humble /usr/bin/cmake --build /home/datvu/robot_arm506_ws/build/arduinobot_description -- -j16 -l16
[0.863s] DEBUG:colcon.colcon_core.event_handler.log_command:Invoking command in '/home/datvu/robot_arm506_ws/build/arduinobot_description': CMAKE_PREFIX_PATH=${CMAKE_PREFIX_PATH}:/home/datvu/ros2_ws/install/my_py_pkg:/opt/ros/humble /usr/bin/cmake --install /home/datvu/robot_arm506_ws/build/arduinobot_description
[0.874s] Level 1:colcon.colcon_core.environment:create_environment_scripts_only(arduinobot_description)
[0.874s] Level 1:colcon.colcon_core.environment:checking '/home/datvu/robot_arm506_ws/install/arduinobot_description' for CMake module files
[0.875s] DEBUG:colcon.colcon_core.event_handler.log_command:Invoked command in '/home/datvu/robot_arm506_ws/build/arduinobot_description' returned '0': CMAKE_PREFIX_PATH=${CMAKE_PREFIX_PATH}:/home/datvu/ros2_ws/install/my_py_pkg:/opt/ros/humble /usr/bin/cmake --install /home/datvu/robot_arm506_ws/build/arduinobot_description
[0.875s] Level 1:colcon.colcon_core.environment:checking '/home/datvu/robot_arm506_ws/install/arduinobot_description' for CMake config files
[0.875s] Level 1:colcon.colcon_core.shell:create_environment_hook('arduinobot_description', 'cmake_prefix_path')
[0.875s] INFO:colcon.colcon_core.shell:Creating environment hook '/home/datvu/robot_arm506_ws/install/arduinobot_description/share/arduinobot_description/hook/cmake_prefix_path.ps1'
[0.875s] INFO:colcon.colcon_core.shell:Creating environment descriptor '/home/datvu/robot_arm506_ws/install/arduinobot_description/share/arduinobot_description/hook/cmake_prefix_path.dsv'
[0.875s] INFO:colcon.colcon_core.shell:Creating environment hook '/home/datvu/robot_arm506_ws/install/arduinobot_description/share/arduinobot_description/hook/cmake_prefix_path.sh'
[0.876s] Level 1:colcon.colcon_core.environment:checking '/home/datvu/robot_arm506_ws/install/arduinobot_description/bin'
[0.876s] Level 1:colcon.colcon_core.environment:checking '/home/datvu/robot_arm506_ws/install/arduinobot_description/lib/pkgconfig/arduinobot_description.pc'
[0.876s] Level 1:colcon.colcon_core.environment:checking '/home/datvu/robot_arm506_ws/install/arduinobot_description/lib/python3.10/site-packages'
[0.876s] Level 1:colcon.colcon_core.environment:checking '/home/datvu/robot_arm506_ws/install/arduinobot_description/bin'
[0.876s] INFO:colcon.colcon_core.shell:Creating package script '/home/datvu/robot_arm506_ws/install/arduinobot_description/share/arduinobot_description/package.ps1'
[0.876s] INFO:colcon.colcon_core.shell:Creating package descriptor '/home/datvu/robot_arm506_ws/install/arduinobot_description/share/arduinobot_description/package.dsv'
[0.877s] INFO:colcon.colcon_core.shell:Creating package script '/home/datvu/robot_arm506_ws/install/arduinobot_description/share/arduinobot_description/package.sh'
[0.877s] INFO:colcon.colcon_core.shell:Creating package script '/home/datvu/robot_arm506_ws/install/arduinobot_description/share/arduinobot_description/package.bash'
[0.877s] INFO:colcon.colcon_core.shell:Creating package script '/home/datvu/robot_arm506_ws/install/arduinobot_description/share/arduinobot_description/package.zsh'
[0.877s] Level 1:colcon.colcon_core.environment:create_file_with_runtime_dependencies(/home/datvu/robot_arm506_ws/install/arduinobot_description/share/colcon-core/packages/arduinobot_description)
[0.896s] Level 1:colcon.colcon_core.environment:create_environment_scripts_only(arduinobot_description)
[0.897s] Level 1:colcon.colcon_core.environment:checking '/home/datvu/robot_arm506_ws/install/arduinobot_description' for CMake module files
[0.897s] Level 1:colcon.colcon_core.environment:checking '/home/datvu/robot_arm506_ws/install/arduinobot_description' for CMake config files
[0.897s] Level 1:colcon.colcon_core.shell:create_environment_hook('arduinobot_description', 'cmake_prefix_path')
[0.897s] INFO:colcon.colcon_core.shell:Creating environment hook '/home/datvu/robot_arm506_ws/install/arduinobot_description/share/arduinobot_description/hook/cmake_prefix_path.ps1'
[0.897s] INFO:colcon.colcon_core.shell:Creating environment descriptor '/home/datvu/robot_arm506_ws/install/arduinobot_description/share/arduinobot_description/hook/cmake_prefix_path.dsv'
[0.898s] INFO:colcon.colcon_core.shell:Creating environment hook '/home/datvu/robot_arm506_ws/install/arduinobot_description/share/arduinobot_description/hook/cmake_prefix_path.sh'
[0.898s] Level 1:colcon.colcon_core.environment:checking '/home/datvu/robot_arm506_ws/install/arduinobot_description/bin'
[0.898s] Level 1:colcon.colcon_core.environment:checking '/home/datvu/robot_arm506_ws/install/arduinobot_description/lib/pkgconfig/arduinobot_description.pc'
[0.898s] Level 1:colcon.colcon_core.environment:checking '/home/datvu/robot_arm506_ws/install/arduinobot_description/lib/python3.10/site-packages'
[0.899s] Level 1:colcon.colcon_core.environment:checking '/home/datvu/robot_arm506_ws/install/arduinobot_description/bin'
[0.899s] INFO:colcon.colcon_core.shell:Creating package script '/home/datvu/robot_arm506_ws/install/arduinobot_description/share/arduinobot_description/package.ps1'
[0.899s] INFO:colcon.colcon_core.shell:Creating package descriptor '/home/datvu/robot_arm506_ws/install/arduinobot_description/share/arduinobot_description/package.dsv'
[0.899s] INFO:colcon.colcon_core.shell:Creating package script '/home/datvu/robot_arm506_ws/install/arduinobot_description/share/arduinobot_description/package.sh'
[0.899s] INFO:colcon.colcon_core.shell:Creating package script '/home/datvu/robot_arm506_ws/install/arduinobot_description/share/arduinobot_description/package.bash'
[0.900s] INFO:colcon.colcon_core.shell:Creating package script '/home/datvu/robot_arm506_ws/install/arduinobot_description/share/arduinobot_description/package.zsh'
[0.900s] Level 1:colcon.colcon_core.environment:create_file_with_runtime_dependencies(/home/datvu/robot_arm506_ws/install/arduinobot_description/share/colcon-core/packages/arduinobot_description)
[1.142s] DEBUG:colcon.colcon_core.event_handler.log_command:Invoked command in '/home/datvu/robot_arm506_ws/build/arduinobot_firmware' returned '0': CMAKE_PREFIX_PATH=${CMAKE_PREFIX_PATH}:/home/datvu/ros2_ws/install/my_py_pkg:/opt/ros/humble /usr/bin/cmake /home/datvu/robot_arm506_ws/src/arduinobot_firmware -DCMAKE_INSTALL_PREFIX=/home/datvu/robot_arm506_ws/install/arduinobot_firmware
[1.143s] DEBUG:colcon.colcon_core.event_handler.log_command:Invoking command in '/home/datvu/robot_arm506_ws/build/arduinobot_firmware': CMAKE_PREFIX_PATH=${CMAKE_PREFIX_PATH}:/home/datvu/ros2_ws/install/my_py_pkg:/opt/ros/humble /usr/bin/cmake --build /home/datvu/robot_arm506_ws/build/arduinobot_firmware -- -j16 -l16
[1.173s] DEBUG:colcon.colcon_core.event_handler.log_command:Invoked command in '/home/datvu/robot_arm506_ws/build/arduinobot_controller' returned '0': CMAKE_PREFIX_PATH=${CMAKE_PREFIX_PATH}:/home/datvu/ros2_ws/install/my_py_pkg:/opt/ros/humble /usr/bin/cmake /home/datvu/robot_arm506_ws/src/arduinobot_controller -DCMAKE_INSTALL_PREFIX=/home/datvu/robot_arm506_ws/install/arduinobot_controller
[1.174s] DEBUG:colcon.colcon_core.event_handler.log_command:Invoking command in '/home/datvu/robot_arm506_ws/build/arduinobot_controller': CMAKE_PREFIX_PATH=${CMAKE_PREFIX_PATH}:/home/datvu/ros2_ws/install/my_py_pkg:/opt/ros/humble /usr/bin/cmake --build /home/datvu/robot_arm506_ws/build/arduinobot_controller -- -j16 -l16
[1.458s] DEBUG:colcon.colcon_core.event_handler.log_command:Invoked command in '/home/datvu/robot_arm506_ws/build/arduinobot_msgs' returned '0': CMAKE_PREFIX_PATH=${CMAKE_PREFIX_PATH}:/home/datvu/ros2_ws/install/my_py_pkg:/opt/ros/humble /usr/bin/cmake /home/datvu/robot_arm506_ws/src/arduinobot_msgs -DCMAKE_INSTALL_PREFIX=/home/datvu/robot_arm506_ws/install/arduinobot_msgs
[1.460s] DEBUG:colcon.colcon_core.event_handler.log_command:Invoking command in '/home/datvu/robot_arm506_ws/build/arduinobot_msgs': CMAKE_PREFIX_PATH=${CMAKE_PREFIX_PATH}:/home/datvu/ros2_ws/install/my_py_pkg:/opt/ros/humble /usr/bin/cmake --build /home/datvu/robot_arm506_ws/build/arduinobot_msgs -- -j16 -l16
[5.713s] DEBUG:colcon.colcon_core.event_handler.log_command:Invoked command in '/home/datvu/robot_arm506_ws/build/arduinobot_msgs' returned '0': CMAKE_PREFIX_PATH=${CMAKE_PREFIX_PATH}:/home/datvu/ros2_ws/install/my_py_pkg:/opt/ros/humble /usr/bin/cmake --build /home/datvu/robot_arm506_ws/build/arduinobot_msgs -- -j16 -l16
[5.829s] DEBUG:colcon.colcon_core.event_handler.log_command:Invoking command in '/home/datvu/robot_arm506_ws/build/arduinobot_msgs': CMAKE_PREFIX_PATH=${CMAKE_PREFIX_PATH}:/home/datvu/ros2_ws/install/my_py_pkg:/opt/ros/humble /usr/bin/cmake --install /home/datvu/robot_arm506_ws/build/arduinobot_msgs
[5.883s] Level 1:colcon.colcon_core.environment:create_environment_scripts_only(arduinobot_msgs)
[5.884s] Level 1:colcon.colcon_core.environment:checking '/home/datvu/robot_arm506_ws/install/arduinobot_msgs' for CMake module files
[5.884s] DEBUG:colcon.colcon_core.event_handler.log_command:Invoked command in '/home/datvu/robot_arm506_ws/build/arduinobot_msgs' returned '0': CMAKE_PREFIX_PATH=${CMAKE_PREFIX_PATH}:/home/datvu/ros2_ws/install/my_py_pkg:/opt/ros/humble /usr/bin/cmake --install /home/datvu/robot_arm506_ws/build/arduinobot_msgs
[5.885s] Level 1:colcon.colcon_core.environment:checking '/home/datvu/robot_arm506_ws/install/arduinobot_msgs' for CMake config files
[5.886s] Level 1:colcon.colcon_core.shell:create_environment_hook('arduinobot_msgs', 'cmake_prefix_path')
[5.886s] INFO:colcon.colcon_core.shell:Creating environment hook '/home/datvu/robot_arm506_ws/install/arduinobot_msgs/share/arduinobot_msgs/hook/cmake_prefix_path.ps1'
[5.886s] INFO:colcon.colcon_core.shell:Creating environment descriptor '/home/datvu/robot_arm506_ws/install/arduinobot_msgs/share/arduinobot_msgs/hook/cmake_prefix_path.dsv'
[5.887s] INFO:colcon.colcon_core.shell:Creating environment hook '/home/datvu/robot_arm506_ws/install/arduinobot_msgs/share/arduinobot_msgs/hook/cmake_prefix_path.sh'
[5.887s] Level 1:colcon.colcon_core.environment:checking '/home/datvu/robot_arm506_ws/install/arduinobot_msgs/lib'
[5.887s] Level 1:colcon.colcon_core.shell:create_environment_hook('arduinobot_msgs', 'ld_library_path_lib')
[5.888s] INFO:colcon.colcon_core.shell:Creating environment hook '/home/datvu/robot_arm506_ws/install/arduinobot_msgs/share/arduinobot_msgs/hook/ld_library_path_lib.ps1'
[5.888s] INFO:colcon.colcon_core.shell:Creating environment descriptor '/home/datvu/robot_arm506_ws/install/arduinobot_msgs/share/arduinobot_msgs/hook/ld_library_path_lib.dsv'
[5.888s] INFO:colcon.colcon_core.shell:Creating environment hook '/home/datvu/robot_arm506_ws/install/arduinobot_msgs/share/arduinobot_msgs/hook/ld_library_path_lib.sh'
[5.889s] Level 1:colcon.colcon_core.environment:checking '/home/datvu/robot_arm506_ws/install/arduinobot_msgs/bin'
[5.889s] Level 1:colcon.colcon_core.environment:checking '/home/datvu/robot_arm506_ws/install/arduinobot_msgs/lib/pkgconfig/arduinobot_msgs.pc'
[5.889s] Level 1:colcon.colcon_core.environment:checking '/home/datvu/robot_arm506_ws/install/arduinobot_msgs/lib/python3.10/site-packages'
[5.889s] Level 1:colcon.colcon_core.environment:checking '/home/datvu/robot_arm506_ws/install/arduinobot_msgs/bin'
[5.889s] INFO:colcon.colcon_core.shell:Creating package script '/home/datvu/robot_arm506_ws/install/arduinobot_msgs/share/arduinobot_msgs/package.ps1'
[5.890s] INFO:colcon.colcon_core.shell:Creating package descriptor '/home/datvu/robot_arm506_ws/install/arduinobot_msgs/share/arduinobot_msgs/package.dsv'
[5.890s] INFO:colcon.colcon_core.shell:Creating package script '/home/datvu/robot_arm506_ws/install/arduinobot_msgs/share/arduinobot_msgs/package.sh'
[5.891s] INFO:colcon.colcon_core.shell:Creating package script '/home/datvu/robot_arm506_ws/install/arduinobot_msgs/share/arduinobot_msgs/package.bash'
[5.891s] INFO:colcon.colcon_core.shell:Creating package script '/home/datvu/robot_arm506_ws/install/arduinobot_msgs/share/arduinobot_msgs/package.zsh'
[5.891s] Level 1:colcon.colcon_core.environment:create_file_with_runtime_dependencies(/home/datvu/robot_arm506_ws/install/arduinobot_msgs/share/colcon-core/packages/arduinobot_msgs)
[6.005s] Level 1:colcon.colcon_core.environment:create_environment_scripts_only(arduinobot_msgs)
[6.005s] Level 1:colcon.colcon_core.environment:checking '/home/datvu/robot_arm506_ws/install/arduinobot_msgs' for CMake module files
[6.005s] Level 1:colcon.colcon_core.environment:checking '/home/datvu/robot_arm506_ws/install/arduinobot_msgs' for CMake config files
[6.006s] Level 1:colcon.colcon_core.shell:create_environment_hook('arduinobot_msgs', 'cmake_prefix_path')
[6.006s] INFO:colcon.colcon_core.shell:Creating environment hook '/home/datvu/robot_arm506_ws/install/arduinobot_msgs/share/arduinobot_msgs/hook/cmake_prefix_path.ps1'
[6.006s] INFO:colcon.colcon_core.shell:Creating environment descriptor '/home/datvu/robot_arm506_ws/install/arduinobot_msgs/share/arduinobot_msgs/hook/cmake_prefix_path.dsv'
[6.006s] INFO:colcon.colcon_core.shell:Creating environment hook '/home/datvu/robot_arm506_ws/install/arduinobot_msgs/share/arduinobot_msgs/hook/cmake_prefix_path.sh'
[6.006s] Level 1:colcon.colcon_core.environment:checking '/home/datvu/robot_arm506_ws/install/arduinobot_msgs/lib'
[6.007s] Level 1:colcon.colcon_core.shell:create_environment_hook('arduinobot_msgs', 'ld_library_path_lib')
[6.007s] INFO:colcon.colcon_core.shell:Creating environment hook '/home/datvu/robot_arm506_ws/install/arduinobot_msgs/share/arduinobot_msgs/hook/ld_library_path_lib.ps1'
[6.007s] INFO:colcon.colcon_core.shell:Creating environment descriptor '/home/datvu/robot_arm506_ws/install/arduinobot_msgs/share/arduinobot_msgs/hook/ld_library_path_lib.dsv'
[6.007s] INFO:colcon.colcon_core.shell:Creating environment hook '/home/datvu/robot_arm506_ws/install/arduinobot_msgs/share/arduinobot_msgs/hook/ld_library_path_lib.sh'
[6.007s] Level 1:colcon.colcon_core.environment:checking '/home/datvu/robot_arm506_ws/install/arduinobot_msgs/bin'
[6.007s] Level 1:colcon.colcon_core.environment:checking '/home/datvu/robot_arm506_ws/install/arduinobot_msgs/lib/pkgconfig/arduinobot_msgs.pc'
[6.008s] Level 1:colcon.colcon_core.environment:checking '/home/datvu/robot_arm506_ws/install/arduinobot_msgs/lib/python3.10/site-packages'
[6.008s] Level 1:colcon.colcon_core.environment:checking '/home/datvu/robot_arm506_ws/install/arduinobot_msgs/bin'
[6.008s] INFO:colcon.colcon_core.shell:Creating package script '/home/datvu/robot_arm506_ws/install/arduinobot_msgs/share/arduinobot_msgs/package.ps1'
[6.008s] INFO:colcon.colcon_core.shell:Creating package descriptor '/home/datvu/robot_arm506_ws/install/arduinobot_msgs/share/arduinobot_msgs/package.dsv'
[6.008s] INFO:colcon.colcon_core.shell:Creating package script '/home/datvu/robot_arm506_ws/install/arduinobot_msgs/share/arduinobot_msgs/package.sh'
[6.009s] INFO:colcon.colcon_core.shell:Creating package script '/home/datvu/robot_arm506_ws/install/arduinobot_msgs/share/arduinobot_msgs/package.bash'
[6.009s] INFO:colcon.colcon_core.shell:Creating package script '/home/datvu/robot_arm506_ws/install/arduinobot_msgs/share/arduinobot_msgs/package.zsh'
[6.009s] Level 1:colcon.colcon_core.environment:create_file_with_runtime_dependencies(/home/datvu/robot_arm506_ws/install/arduinobot_msgs/share/colcon-core/packages/arduinobot_msgs)
[6.009s] INFO:colcon.colcon_ros.task.ament_cmake.build:Building ROS package in '/home/datvu/robot_arm506_ws/src/arduinobot_remote' with build type 'ament_cmake'
[6.009s] INFO:colcon.colcon_cmake.task.cmake.build:Building CMake package in '/home/datvu/robot_arm506_ws/src/arduinobot_remote'
[6.009s] INFO:colcon.colcon_core.shell:Skip shell extension 'powershell' for command environment: Not usable outside of PowerShell
[6.010s] DEBUG:colcon.colcon_core.shell:Skip shell extension 'dsv' for command environment
[6.017s] DEBUG:colcon.colcon_core.event_handler.log_command:Invoking command in '/home/datvu/robot_arm506_ws/build/arduinobot_remote': CMAKE_PREFIX_PATH=/home/datvu/robot_arm506_ws/install/arduinobot_msgs:/home/datvu/robot_arm506_ws/install/arduinobot_remote:/home/datvu/robot_arm506_ws/install/arduinobot_moveit:/home/datvu/robot_arm506_ws/install/arduinobot_firmware:/home/datvu/robot_arm506_ws/install/arduinobot_description:/home/datvu/robot_arm506_ws/install/arduinobot_controller:/home/datvu/robot_arm506_ws/install/arduinobot_bringup:/home/datvu/ros2_ws/install/my_cpp_pkg:/home/datvu/ros2_ws/install/my_py_pkg:/opt/ros/humble LD_LIBRARY_PATH=/home/datvu/robot_arm506_ws/install/arduinobot_msgs/lib:/home/datvu/robot_arm506_ws/install/arduinobot_remote/lib:/home/datvu/robot_arm506_ws/install/arduinobot_controller/lib:/usr/lib/x86_64-linux-gnu/gazebo-11/plugins:/opt/ros/humble/opt/rviz_ogre_vendor/lib:/opt/ros/humble/lib/x86_64-linux-gnu:/opt/ros/humble/lib:/usr/lib/x86_64-linux-gnu/gazebo-11/plugins /usr/bin/cmake /home/datvu/robot_arm506_ws/src/arduinobot_remote -DCMAKE_INSTALL_PREFIX=/home/datvu/robot_arm506_ws/install/arduinobot_remote
[7.000s] DEBUG:colcon.colcon_core.event_handler.log_command:Invoked command in '/home/datvu/robot_arm506_ws/build/arduinobot_firmware' returned '0': CMAKE_PREFIX_PATH=${CMAKE_PREFIX_PATH}:/home/datvu/ros2_ws/install/my_py_pkg:/opt/ros/humble /usr/bin/cmake --build /home/datvu/robot_arm506_ws/build/arduinobot_firmware -- -j16 -l16
[7.027s] DEBUG:colcon.colcon_core.event_handler.log_command:Invoking command in '/home/datvu/robot_arm506_ws/build/arduinobot_firmware': CMAKE_PREFIX_PATH=${CMAKE_PREFIX_PATH}:/home/datvu/ros2_ws/install/my_py_pkg:/opt/ros/humble /usr/bin/cmake --install /home/datvu/robot_arm506_ws/build/arduinobot_firmware
[7.065s] Level 1:colcon.colcon_core.environment:create_environment_scripts_only(arduinobot_firmware)
[7.066s] Level 1:colcon.colcon_core.environment:checking '/home/datvu/robot_arm506_ws/install/arduinobot_firmware' for CMake module files
[7.066s] DEBUG:colcon.colcon_core.event_handler.log_command:Invoked command in '/home/datvu/robot_arm506_ws/build/arduinobot_firmware' returned '0': CMAKE_PREFIX_PATH=${CMAKE_PREFIX_PATH}:/home/datvu/ros2_ws/install/my_py_pkg:/opt/ros/humble /usr/bin/cmake --install /home/datvu/robot_arm506_ws/build/arduinobot_firmware
[7.066s] Level 1:colcon.colcon_core.environment:checking '/home/datvu/robot_arm506_ws/install/arduinobot_firmware' for CMake config files
[7.067s] Level 1:colcon.colcon_core.shell:create_environment_hook('arduinobot_firmware', 'cmake_prefix_path')
[7.067s] INFO:colcon.colcon_core.shell:Creating environment hook '/home/datvu/robot_arm506_ws/install/arduinobot_firmware/share/arduinobot_firmware/hook/cmake_prefix_path.ps1'
[7.067s] INFO:colcon.colcon_core.shell:Creating environment descriptor '/home/datvu/robot_arm506_ws/install/arduinobot_firmware/share/arduinobot_firmware/hook/cmake_prefix_path.dsv'
[7.067s] INFO:colcon.colcon_core.shell:Creating environment hook '/home/datvu/robot_arm506_ws/install/arduinobot_firmware/share/arduinobot_firmware/hook/cmake_prefix_path.sh'
[7.068s] Level 1:colcon.colcon_core.environment:checking '/home/datvu/robot_arm506_ws/install/arduinobot_firmware/lib'
[7.068s] Level 1:colcon.colcon_core.environment:checking '/home/datvu/robot_arm506_ws/install/arduinobot_firmware/bin'
[7.068s] Level 1:colcon.colcon_core.environment:checking '/home/datvu/robot_arm506_ws/install/arduinobot_firmware/lib/pkgconfig/arduinobot_firmware.pc'
[7.068s] Level 1:colcon.colcon_core.environment:checking '/home/datvu/robot_arm506_ws/install/arduinobot_firmware/lib/python3.10/site-packages'
[7.068s] Level 1:colcon.colcon_core.environment:checking '/home/datvu/robot_arm506_ws/install/arduinobot_firmware/bin'
[7.068s] INFO:colcon.colcon_core.shell:Creating package script '/home/datvu/robot_arm506_ws/install/arduinobot_firmware/share/arduinobot_firmware/package.ps1'
[7.068s] INFO:colcon.colcon_core.shell:Creating package descriptor '/home/datvu/robot_arm506_ws/install/arduinobot_firmware/share/arduinobot_firmware/package.dsv'
[7.068s] INFO:colcon.colcon_core.shell:Creating package script '/home/datvu/robot_arm506_ws/install/arduinobot_firmware/share/arduinobot_firmware/package.sh'
[7.069s] INFO:colcon.colcon_core.shell:Creating package script '/home/datvu/robot_arm506_ws/install/arduinobot_firmware/share/arduinobot_firmware/package.bash'
[7.069s] INFO:colcon.colcon_core.shell:Creating package script '/home/datvu/robot_arm506_ws/install/arduinobot_firmware/share/arduinobot_firmware/package.zsh'
[7.069s] Level 1:colcon.colcon_core.environment:create_file_with_runtime_dependencies(/home/datvu/robot_arm506_ws/install/arduinobot_firmware/share/colcon-core/packages/arduinobot_firmware)
[7.094s] Level 1:colcon.colcon_core.environment:create_environment_scripts_only(arduinobot_firmware)
[7.094s] Level 1:colcon.colcon_core.environment:checking '/home/datvu/robot_arm506_ws/install/arduinobot_firmware' for CMake module files
[7.094s] Level 1:colcon.colcon_core.environment:checking '/home/datvu/robot_arm506_ws/install/arduinobot_firmware' for CMake config files
[7.095s] Level 1:colcon.colcon_core.shell:create_environment_hook('arduinobot_firmware', 'cmake_prefix_path')
[7.095s] INFO:colcon.colcon_core.shell:Creating environment hook '/home/datvu/robot_arm506_ws/install/arduinobot_firmware/share/arduinobot_firmware/hook/cmake_prefix_path.ps1'
[7.095s] INFO:colcon.colcon_core.shell:Creating environment descriptor '/home/datvu/robot_arm506_ws/install/arduinobot_firmware/share/arduinobot_firmware/hook/cmake_prefix_path.dsv'
[7.095s] INFO:colcon.colcon_core.shell:Creating environment hook '/home/datvu/robot_arm506_ws/install/arduinobot_firmware/share/arduinobot_firmware/hook/cmake_prefix_path.sh'
[7.095s] Level 1:colcon.colcon_core.environment:checking '/home/datvu/robot_arm506_ws/install/arduinobot_firmware/lib'
[7.096s] Level 1:colcon.colcon_core.environment:checking '/home/datvu/robot_arm506_ws/install/arduinobot_firmware/bin'
[7.096s] Level 1:colcon.colcon_core.environment:checking '/home/datvu/robot_arm506_ws/install/arduinobot_firmware/lib/pkgconfig/arduinobot_firmware.pc'
[7.096s] Level 1:colcon.colcon_core.environment:checking '/home/datvu/robot_arm506_ws/install/arduinobot_firmware/lib/python3.10/site-packages'
[7.096s] Level 1:colcon.colcon_core.environment:checking '/home/datvu/robot_arm506_ws/install/arduinobot_firmware/bin'
[7.096s] INFO:colcon.colcon_core.shell:Creating package script '/home/datvu/robot_arm506_ws/install/arduinobot_firmware/share/arduinobot_firmware/package.ps1'
[7.096s] INFO:colcon.colcon_core.shell:Creating package descriptor '/home/datvu/robot_arm506_ws/install/arduinobot_firmware/share/arduinobot_firmware/package.dsv'
[7.096s] INFO:colcon.colcon_core.shell:Creating package script '/home/datvu/robot_arm506_ws/install/arduinobot_firmware/share/arduinobot_firmware/package.sh'
[7.097s] INFO:colcon.colcon_core.shell:Creating package script '/home/datvu/robot_arm506_ws/install/arduinobot_firmware/share/arduinobot_firmware/package.bash'
[7.097s] INFO:colcon.colcon_core.shell:Creating package script '/home/datvu/robot_arm506_ws/install/arduinobot_firmware/share/arduinobot_firmware/package.zsh'
[7.097s] Level 1:colcon.colcon_core.environment:create_file_with_runtime_dependencies(/home/datvu/robot_arm506_ws/install/arduinobot_firmware/share/colcon-core/packages/arduinobot_firmware)
[7.279s] DEBUG:colcon.colcon_core.event_handler.log_command:Invoked command in '/home/datvu/robot_arm506_ws/build/arduinobot_remote' returned '0': CMAKE_PREFIX_PATH=/home/datvu/robot_arm506_ws/install/arduinobot_msgs:/home/datvu/robot_arm506_ws/install/arduinobot_remote:/home/datvu/robot_arm506_ws/install/arduinobot_moveit:/home/datvu/robot_arm506_ws/install/arduinobot_firmware:/home/datvu/robot_arm506_ws/install/arduinobot_description:/home/datvu/robot_arm506_ws/install/arduinobot_controller:/home/datvu/robot_arm506_ws/install/arduinobot_bringup:/home/datvu/ros2_ws/install/my_cpp_pkg:/home/datvu/ros2_ws/install/my_py_pkg:/opt/ros/humble LD_LIBRARY_PATH=/home/datvu/robot_arm506_ws/install/arduinobot_msgs/lib:/home/datvu/robot_arm506_ws/install/arduinobot_remote/lib:/home/datvu/robot_arm506_ws/install/arduinobot_controller/lib:/usr/lib/x86_64-linux-gnu/gazebo-11/plugins:/opt/ros/humble/opt/rviz_ogre_vendor/lib:/opt/ros/humble/lib/x86_64-linux-gnu:/opt/ros/humble/lib:/usr/lib/x86_64-linux-gnu/gazebo-11/plugins /usr/bin/cmake /home/datvu/robot_arm506_ws/src/arduinobot_remote -DCMAKE_INSTALL_PREFIX=/home/datvu/robot_arm506_ws/install/arduinobot_remote
[7.281s] DEBUG:colcon.colcon_core.event_handler.log_command:Invoking command in '/home/datvu/robot_arm506_ws/build/arduinobot_remote': CMAKE_PREFIX_PATH=/home/datvu/robot_arm506_ws/install/arduinobot_msgs:/home/datvu/robot_arm506_ws/install/arduinobot_remote:/home/datvu/robot_arm506_ws/install/arduinobot_moveit:/home/datvu/robot_arm506_ws/install/arduinobot_firmware:/home/datvu/robot_arm506_ws/install/arduinobot_description:/home/datvu/robot_arm506_ws/install/arduinobot_controller:/home/datvu/robot_arm506_ws/install/arduinobot_bringup:/home/datvu/ros2_ws/install/my_cpp_pkg:/home/datvu/ros2_ws/install/my_py_pkg:/opt/ros/humble LD_LIBRARY_PATH=/home/datvu/robot_arm506_ws/install/arduinobot_msgs/lib:/home/datvu/robot_arm506_ws/install/arduinobot_remote/lib:/home/datvu/robot_arm506_ws/install/arduinobot_controller/lib:/usr/lib/x86_64-linux-gnu/gazebo-11/plugins:/opt/ros/humble/opt/rviz_ogre_vendor/lib:/opt/ros/humble/lib/x86_64-linux-gnu:/opt/ros/humble/lib:/usr/lib/x86_64-linux-gnu/gazebo-11/plugins /usr/bin/cmake --build /home/datvu/robot_arm506_ws/build/arduinobot_remote -- -j16 -l16
[7.492s] DEBUG:colcon.colcon_core.event_handler.log_command:Invoked command in '/home/datvu/robot_arm506_ws/build/arduinobot_controller' returned '0': CMAKE_PREFIX_PATH=${CMAKE_PREFIX_PATH}:/home/datvu/ros2_ws/install/my_py_pkg:/opt/ros/humble /usr/bin/cmake --build /home/datvu/robot_arm506_ws/build/arduinobot_controller -- -j16 -l16
[7.519s] DEBUG:colcon.colcon_core.event_handler.log_command:Invoking command in '/home/datvu/robot_arm506_ws/build/arduinobot_controller': CMAKE_PREFIX_PATH=${CMAKE_PREFIX_PATH}:/home/datvu/ros2_ws/install/my_py_pkg:/opt/ros/humble /usr/bin/cmake --install /home/datvu/robot_arm506_ws/build/arduinobot_controller
[7.556s] Level 1:colcon.colcon_core.environment:create_environment_scripts_only(arduinobot_controller)
[7.556s] Level 1:colcon.colcon_core.environment:checking '/home/datvu/robot_arm506_ws/install/arduinobot_controller' for CMake module files
[7.557s] DEBUG:colcon.colcon_core.event_handler.log_command:Invoked command in '/home/datvu/robot_arm506_ws/build/arduinobot_controller' returned '0': CMAKE_PREFIX_PATH=${CMAKE_PREFIX_PATH}:/home/datvu/ros2_ws/install/my_py_pkg:/opt/ros/humble /usr/bin/cmake --install /home/datvu/robot_arm506_ws/build/arduinobot_controller
[7.557s] Level 1:colcon.colcon_core.environment:checking '/home/datvu/robot_arm506_ws/install/arduinobot_controller' for CMake config files
[7.557s] Level 1:colcon.colcon_core.shell:create_environment_hook('arduinobot_controller', 'cmake_prefix_path')
[7.558s] INFO:colcon.colcon_core.shell:Creating environment hook '/home/datvu/robot_arm506_ws/install/arduinobot_controller/share/arduinobot_controller/hook/cmake_prefix_path.ps1'
[7.558s] INFO:colcon.colcon_core.shell:Creating environment descriptor '/home/datvu/robot_arm506_ws/install/arduinobot_controller/share/arduinobot_controller/hook/cmake_prefix_path.dsv'
[7.558s] INFO:colcon.colcon_core.shell:Creating environment hook '/home/datvu/robot_arm506_ws/install/arduinobot_controller/share/arduinobot_controller/hook/cmake_prefix_path.sh'
[7.559s] Level 1:colcon.colcon_core.environment:checking '/home/datvu/robot_arm506_ws/install/arduinobot_controller/lib'
[7.559s] Level 1:colcon.colcon_core.shell:create_environment_hook('arduinobot_controller', 'ld_library_path_lib')
[7.559s] INFO:colcon.colcon_core.shell:Creating environment hook '/home/datvu/robot_arm506_ws/install/arduinobot_controller/share/arduinobot_controller/hook/ld_library_path_lib.ps1'
[7.559s] INFO:colcon.colcon_core.shell:Creating environment descriptor '/home/datvu/robot_arm506_ws/install/arduinobot_controller/share/arduinobot_controller/hook/ld_library_path_lib.dsv'
[7.559s] INFO:colcon.colcon_core.shell:Creating environment hook '/home/datvu/robot_arm506_ws/install/arduinobot_controller/share/arduinobot_controller/hook/ld_library_path_lib.sh'
[7.559s] Level 1:colcon.colcon_core.environment:checking '/home/datvu/robot_arm506_ws/install/arduinobot_controller/bin'
[7.559s] Level 1:colcon.colcon_core.environment:checking '/home/datvu/robot_arm506_ws/install/arduinobot_controller/lib/pkgconfig/arduinobot_controller.pc'
[7.559s] Level 1:colcon.colcon_core.environment:checking '/home/datvu/robot_arm506_ws/install/arduinobot_controller/lib/python3.10/site-packages'
[7.560s] Level 1:colcon.colcon_core.environment:checking '/home/datvu/robot_arm506_ws/install/arduinobot_controller/bin'
[7.560s] INFO:colcon.colcon_core.shell:Creating package script '/home/datvu/robot_arm506_ws/install/arduinobot_controller/share/arduinobot_controller/package.ps1'
[7.560s] INFO:colcon.colcon_core.shell:Creating package descriptor '/home/datvu/robot_arm506_ws/install/arduinobot_controller/share/arduinobot_controller/package.dsv'
[7.560s] INFO:colcon.colcon_core.shell:Creating package script '/home/datvu/robot_arm506_ws/install/arduinobot_controller/share/arduinobot_controller/package.sh'
[7.560s] INFO:colcon.colcon_core.shell:Creating package script '/home/datvu/robot_arm506_ws/install/arduinobot_controller/share/arduinobot_controller/package.bash'
[7.561s] INFO:colcon.colcon_core.shell:Creating package script '/home/datvu/robot_arm506_ws/install/arduinobot_controller/share/arduinobot_controller/package.zsh'
[7.561s] Level 1:colcon.colcon_core.environment:create_file_with_runtime_dependencies(/home/datvu/robot_arm506_ws/install/arduinobot_controller/share/colcon-core/packages/arduinobot_controller)
[7.588s] Level 1:colcon.colcon_core.environment:create_environment_scripts_only(arduinobot_controller)
[7.588s] Level 1:colcon.colcon_core.environment:checking '/home/datvu/robot_arm506_ws/install/arduinobot_controller' for CMake module files
[7.589s] Level 1:colcon.colcon_core.environment:checking '/home/datvu/robot_arm506_ws/install/arduinobot_controller' for CMake config files
[7.589s] Level 1:colcon.colcon_core.shell:create_environment_hook('arduinobot_controller', 'cmake_prefix_path')
[7.589s] INFO:colcon.colcon_core.shell:Creating environment hook '/home/datvu/robot_arm506_ws/install/arduinobot_controller/share/arduinobot_controller/hook/cmake_prefix_path.ps1'
[7.589s] INFO:colcon.colcon_core.shell:Creating environment descriptor '/home/datvu/robot_arm506_ws/install/arduinobot_controller/share/arduinobot_controller/hook/cmake_prefix_path.dsv'
[7.590s] INFO:colcon.colcon_core.shell:Creating environment hook '/home/datvu/robot_arm506_ws/install/arduinobot_controller/share/arduinobot_controller/hook/cmake_prefix_path.sh'
[7.590s] Level 1:colcon.colcon_core.environment:checking '/home/datvu/robot_arm506_ws/install/arduinobot_controller/lib'
[7.590s] Level 1:colcon.colcon_core.shell:create_environment_hook('arduinobot_controller', 'ld_library_path_lib')
[7.590s] INFO:colcon.colcon_core.shell:Creating environment hook '/home/datvu/robot_arm506_ws/install/arduinobot_controller/share/arduinobot_controller/hook/ld_library_path_lib.ps1'
[7.590s] INFO:colcon.colcon_core.shell:Creating environment descriptor '/home/datvu/robot_arm506_ws/install/arduinobot_controller/share/arduinobot_controller/hook/ld_library_path_lib.dsv'
[7.590s] INFO:colcon.colcon_core.shell:Creating environment hook '/home/datvu/robot_arm506_ws/install/arduinobot_controller/share/arduinobot_controller/hook/ld_library_path_lib.sh'
[7.591s] Level 1:colcon.colcon_core.environment:checking '/home/datvu/robot_arm506_ws/install/arduinobot_controller/bin'
[7.591s] Level 1:colcon.colcon_core.environment:checking '/home/datvu/robot_arm506_ws/install/arduinobot_controller/lib/pkgconfig/arduinobot_controller.pc'
[7.591s] Level 1:colcon.colcon_core.environment:checking '/home/datvu/robot_arm506_ws/install/arduinobot_controller/lib/python3.10/site-packages'
[7.591s] Level 1:colcon.colcon_core.environment:checking '/home/datvu/robot_arm506_ws/install/arduinobot_controller/bin'
[7.591s] INFO:colcon.colcon_core.shell:Creating package script '/home/datvu/robot_arm506_ws/install/arduinobot_controller/share/arduinobot_controller/package.ps1'
[7.591s] INFO:colcon.colcon_core.shell:Creating package descriptor '/home/datvu/robot_arm506_ws/install/arduinobot_controller/share/arduinobot_controller/package.dsv'
[7.592s] INFO:colcon.colcon_core.shell:Creating package script '/home/datvu/robot_arm506_ws/install/arduinobot_controller/share/arduinobot_controller/package.sh'
[7.592s] INFO:colcon.colcon_core.shell:Creating package script '/home/datvu/robot_arm506_ws/install/arduinobot_controller/share/arduinobot_controller/package.bash'
[7.592s] INFO:colcon.colcon_core.shell:Creating package script '/home/datvu/robot_arm506_ws/install/arduinobot_controller/share/arduinobot_controller/package.zsh'
[7.592s] Level 1:colcon.colcon_core.environment:create_file_with_runtime_dependencies(/home/datvu/robot_arm506_ws/install/arduinobot_controller/share/colcon-core/packages/arduinobot_controller)
[12.145s] DEBUG:colcon.colcon_core.event_handler.log_command:Invoked command in '/home/datvu/robot_arm506_ws/build/arduinobot_remote' returned '0': CMAKE_PREFIX_PATH=/home/datvu/robot_arm506_ws/install/arduinobot_msgs:/home/datvu/robot_arm506_ws/install/arduinobot_remote:/home/datvu/robot_arm506_ws/install/arduinobot_moveit:/home/datvu/robot_arm506_ws/install/arduinobot_firmware:/home/datvu/robot_arm506_ws/install/arduinobot_description:/home/datvu/robot_arm506_ws/install/arduinobot_controller:/home/datvu/robot_arm506_ws/install/arduinobot_bringup:/home/datvu/ros2_ws/install/my_cpp_pkg:/home/datvu/ros2_ws/install/my_py_pkg:/opt/ros/humble LD_LIBRARY_PATH=/home/datvu/robot_arm506_ws/install/arduinobot_msgs/lib:/home/datvu/robot_arm506_ws/install/arduinobot_remote/lib:/home/datvu/robot_arm506_ws/install/arduinobot_controller/lib:/usr/lib/x86_64-linux-gnu/gazebo-11/plugins:/opt/ros/humble/opt/rviz_ogre_vendor/lib:/opt/ros/humble/lib/x86_64-linux-gnu:/opt/ros/humble/lib:/usr/lib/x86_64-linux-gnu/gazebo-11/plugins /usr/bin/cmake --build /home/datvu/robot_arm506_ws/build/arduinobot_remote -- -j16 -l16
[12.180s] DEBUG:colcon.colcon_core.event_handler.log_command:Invoking command in '/home/datvu/robot_arm506_ws/build/arduinobot_remote': CMAKE_PREFIX_PATH=/home/datvu/robot_arm506_ws/install/arduinobot_msgs:/home/datvu/robot_arm506_ws/install/arduinobot_remote:/home/datvu/robot_arm506_ws/install/arduinobot_moveit:/home/datvu/robot_arm506_ws/install/arduinobot_firmware:/home/datvu/robot_arm506_ws/install/arduinobot_description:/home/datvu/robot_arm506_ws/install/arduinobot_controller:/home/datvu/robot_arm506_ws/install/arduinobot_bringup:/home/datvu/ros2_ws/install/my_cpp_pkg:/home/datvu/ros2_ws/install/my_py_pkg:/opt/ros/humble LD_LIBRARY_PATH=/home/datvu/robot_arm506_ws/install/arduinobot_msgs/lib:/home/datvu/robot_arm506_ws/install/arduinobot_remote/lib:/home/datvu/robot_arm506_ws/install/arduinobot_controller/lib:/usr/lib/x86_64-linux-gnu/gazebo-11/plugins:/opt/ros/humble/opt/rviz_ogre_vendor/lib:/opt/ros/humble/lib/x86_64-linux-gnu:/opt/ros/humble/lib:/usr/lib/x86_64-linux-gnu/gazebo-11/plugins /usr/bin/cmake --install /home/datvu/robot_arm506_ws/build/arduinobot_remote
[12.213s] Level 1:colcon.colcon_core.environment:create_environment_scripts_only(arduinobot_remote)
[12.213s] Level 1:colcon.colcon_core.environment:checking '/home/datvu/robot_arm506_ws/install/arduinobot_remote' for CMake module files
[12.213s] DEBUG:colcon.colcon_core.event_handler.log_command:Invoked command in '/home/datvu/robot_arm506_ws/build/arduinobot_remote' returned '0': CMAKE_PREFIX_PATH=/home/datvu/robot_arm506_ws/install/arduinobot_msgs:/home/datvu/robot_arm506_ws/install/arduinobot_remote:/home/datvu/robot_arm506_ws/install/arduinobot_moveit:/home/datvu/robot_arm506_ws/install/arduinobot_firmware:/home/datvu/robot_arm506_ws/install/arduinobot_description:/home/datvu/robot_arm506_ws/install/arduinobot_controller:/home/datvu/robot_arm506_ws/install/arduinobot_bringup:/home/datvu/ros2_ws/install/my_cpp_pkg:/home/datvu/ros2_ws/install/my_py_pkg:/opt/ros/humble LD_LIBRARY_PATH=/home/datvu/robot_arm506_ws/install/arduinobot_msgs/lib:/home/datvu/robot_arm506_ws/install/arduinobot_remote/lib:/home/datvu/robot_arm506_ws/install/arduinobot_controller/lib:/usr/lib/x86_64-linux-gnu/gazebo-11/plugins:/opt/ros/humble/opt/rviz_ogre_vendor/lib:/opt/ros/humble/lib/x86_64-linux-gnu:/opt/ros/humble/lib:/usr/lib/x86_64-linux-gnu/gazebo-11/plugins /usr/bin/cmake --install /home/datvu/robot_arm506_ws/build/arduinobot_remote
[12.213s] Level 1:colcon.colcon_core.environment:checking '/home/datvu/robot_arm506_ws/install/arduinobot_remote' for CMake config files
[12.213s] Level 1:colcon.colcon_core.shell:create_environment_hook('arduinobot_remote', 'cmake_prefix_path')
[12.214s] INFO:colcon.colcon_core.shell:Creating environment hook '/home/datvu/robot_arm506_ws/install/arduinobot_remote/share/arduinobot_remote/hook/cmake_prefix_path.ps1'
[12.214s] INFO:colcon.colcon_core.shell:Creating environment descriptor '/home/datvu/robot_arm506_ws/install/arduinobot_remote/share/arduinobot_remote/hook/cmake_prefix_path.dsv'
[12.214s] INFO:colcon.colcon_core.shell:Creating environment hook '/home/datvu/robot_arm506_ws/install/arduinobot_remote/share/arduinobot_remote/hook/cmake_prefix_path.sh'
[12.214s] Level 1:colcon.colcon_core.environment:checking '/home/datvu/robot_arm506_ws/install/arduinobot_remote/lib'
[12.214s] Level 1:colcon.colcon_core.shell:create_environment_hook('arduinobot_remote', 'ld_library_path_lib')
[12.215s] INFO:colcon.colcon_core.shell:Creating environment hook '/home/datvu/robot_arm506_ws/install/arduinobot_remote/share/arduinobot_remote/hook/ld_library_path_lib.ps1'
[12.215s] INFO:colcon.colcon_core.shell:Creating environment descriptor '/home/datvu/robot_arm506_ws/install/arduinobot_remote/share/arduinobot_remote/hook/ld_library_path_lib.dsv'
[12.215s] INFO:colcon.colcon_core.shell:Creating environment hook '/home/datvu/robot_arm506_ws/install/arduinobot_remote/share/arduinobot_remote/hook/ld_library_path_lib.sh'
[12.215s] Level 1:colcon.colcon_core.environment:checking '/home/datvu/robot_arm506_ws/install/arduinobot_remote/bin'
[12.215s] Level 1:colcon.colcon_core.environment:checking '/home/datvu/robot_arm506_ws/install/arduinobot_remote/lib/pkgconfig/arduinobot_remote.pc'
[12.215s] Level 1:colcon.colcon_core.environment:checking '/home/datvu/robot_arm506_ws/install/arduinobot_remote/lib/python3.10/site-packages'
[12.215s] Level 1:colcon.colcon_core.environment:checking '/home/datvu/robot_arm506_ws/install/arduinobot_remote/bin'
[12.216s] INFO:colcon.colcon_core.shell:Creating package script '/home/datvu/robot_arm506_ws/install/arduinobot_remote/share/arduinobot_remote/package.ps1'
[12.216s] INFO:colcon.colcon_core.shell:Creating package descriptor '/home/datvu/robot_arm506_ws/install/arduinobot_remote/share/arduinobot_remote/package.dsv'
[12.216s] INFO:colcon.colcon_core.shell:Creating package script '/home/datvu/robot_arm506_ws/install/arduinobot_remote/share/arduinobot_remote/package.sh'
[12.216s] INFO:colcon.colcon_core.shell:Creating package script '/home/datvu/robot_arm506_ws/install/arduinobot_remote/share/arduinobot_remote/package.bash'
[12.216s] INFO:colcon.colcon_core.shell:Creating package script '/home/datvu/robot_arm506_ws/install/arduinobot_remote/share/arduinobot_remote/package.zsh'
[12.217s] Level 1:colcon.colcon_core.environment:create_file_with_runtime_dependencies(/home/datvu/robot_arm506_ws/install/arduinobot_remote/share/colcon-core/packages/arduinobot_remote)
[12.241s] Level 1:colcon.colcon_core.environment:create_environment_scripts_only(arduinobot_remote)
[12.241s] Level 1:colcon.colcon_core.environment:checking '/home/datvu/robot_arm506_ws/install/arduinobot_remote' for CMake module files
[12.242s] Level 1:colcon.colcon_core.environment:checking '/home/datvu/robot_arm506_ws/install/arduinobot_remote' for CMake config files
[12.242s] Level 1:colcon.colcon_core.shell:create_environment_hook('arduinobot_remote', 'cmake_prefix_path')
[12.242s] INFO:colcon.colcon_core.shell:Creating environment hook '/home/datvu/robot_arm506_ws/install/arduinobot_remote/share/arduinobot_remote/hook/cmake_prefix_path.ps1'
[12.242s] INFO:colcon.colcon_core.shell:Creating environment descriptor '/home/datvu/robot_arm506_ws/install/arduinobot_remote/share/arduinobot_remote/hook/cmake_prefix_path.dsv'
[12.242s] INFO:colcon.colcon_core.shell:Creating environment hook '/home/datvu/robot_arm506_ws/install/arduinobot_remote/share/arduinobot_remote/hook/cmake_prefix_path.sh'
[12.243s] Level 1:colcon.colcon_core.environment:checking '/home/datvu/robot_arm506_ws/install/arduinobot_remote/lib'
[12.243s] Level 1:colcon.colcon_core.shell:create_environment_hook('arduinobot_remote', 'ld_library_path_lib')
[12.243s] INFO:colcon.colcon_core.shell:Creating environment hook '/home/datvu/robot_arm506_ws/install/arduinobot_remote/share/arduinobot_remote/hook/ld_library_path_lib.ps1'
[12.243s] INFO:colcon.colcon_core.shell:Creating environment descriptor '/home/datvu/robot_arm506_ws/install/arduinobot_remote/share/arduinobot_remote/hook/ld_library_path_lib.dsv'
[12.243s] INFO:colcon.colcon_core.shell:Creating environment hook '/home/datvu/robot_arm506_ws/install/arduinobot_remote/share/arduinobot_remote/hook/ld_library_path_lib.sh'
[12.243s] Level 1:colcon.colcon_core.environment:checking '/home/datvu/robot_arm506_ws/install/arduinobot_remote/bin'
[12.243s] Level 1:colcon.colcon_core.environment:checking '/home/datvu/robot_arm506_ws/install/arduinobot_remote/lib/pkgconfig/arduinobot_remote.pc'
[12.244s] Level 1:colcon.colcon_core.environment:checking '/home/datvu/robot_arm506_ws/install/arduinobot_remote/lib/python3.10/site-packages'
[12.244s] Level 1:colcon.colcon_core.environment:checking '/home/datvu/robot_arm506_ws/install/arduinobot_remote/bin'
[12.244s] INFO:colcon.colcon_core.shell:Creating package script '/home/datvu/robot_arm506_ws/install/arduinobot_remote/share/arduinobot_remote/package.ps1'
[12.244s] INFO:colcon.colcon_core.shell:Creating package descriptor '/home/datvu/robot_arm506_ws/install/arduinobot_remote/share/arduinobot_remote/package.dsv'
[12.244s] INFO:colcon.colcon_core.shell:Creating package script '/home/datvu/robot_arm506_ws/install/arduinobot_remote/share/arduinobot_remote/package.sh'
[12.245s] INFO:colcon.colcon_core.shell:Creating package script '/home/datvu/robot_arm506_ws/install/arduinobot_remote/share/arduinobot_remote/package.bash'
[12.245s] INFO:colcon.colcon_core.shell:Creating package script '/home/datvu/robot_arm506_ws/install/arduinobot_remote/share/arduinobot_remote/package.zsh'
[12.245s] Level 1:colcon.colcon_core.environment:create_file_with_runtime_dependencies(/home/datvu/robot_arm506_ws/install/arduinobot_remote/share/colcon-core/packages/arduinobot_remote)
[12.246s] DEBUG:colcon.colcon_parallel_executor.executor.parallel:closing loop
[12.246s] DEBUG:colcon.colcon_parallel_executor.executor.parallel:loop closed
[12.246s] DEBUG:colcon.colcon_parallel_executor.executor.parallel:run_until_complete finished with '0'
[12.246s] DEBUG:colcon.colcon_core.event_reactor:joining thread
[12.249s] INFO:colcon.colcon_core.plugin_system:Skipping extension 'colcon_notification.desktop_notification.terminal_notifier': Not used on non-Darwin systems
[12.250s] INFO:colcon.colcon_core.plugin_system:Skipping extension 'colcon_notification.desktop_notification.win32': Not used on non-Windows systems
[12.250s] INFO:colcon.colcon_notification.desktop_notification:Sending desktop notification using 'notify2'
[12.259s] DEBUG:colcon.colcon_core.event_reactor:joined thread
[12.259s] INFO:colcon.colcon_core.shell:Creating prefix script '/home/datvu/robot_arm506_ws/install/local_setup.ps1'
[12.260s] INFO:colcon.colcon_core.shell:Creating prefix util module '/home/datvu/robot_arm506_ws/install/_local_setup_util_ps1.py'
[12.261s] INFO:colcon.colcon_core.shell:Creating prefix chain script '/home/datvu/robot_arm506_ws/install/setup.ps1'
[12.261s] INFO:colcon.colcon_core.shell:Creating prefix script '/home/datvu/robot_arm506_ws/install/local_setup.sh'
[12.262s] INFO:colcon.colcon_core.shell:Creating prefix util module '/home/datvu/robot_arm506_ws/install/_local_setup_util_sh.py'
[12.262s] INFO:colcon.colcon_core.shell:Creating prefix chain script '/home/datvu/robot_arm506_ws/install/setup.sh'
[12.263s] INFO:colcon.colcon_core.shell:Creating prefix script '/home/datvu/robot_arm506_ws/install/local_setup.bash'
[12.263s] INFO:colcon.colcon_core.shell:Creating prefix chain script '/home/datvu/robot_arm506_ws/install/setup.bash'
[12.263s] INFO:colcon.colcon_core.shell:Creating prefix script '/home/datvu/robot_arm506_ws/install/local_setup.zsh'
[12.264s] INFO:colcon.colcon_core.shell:Creating prefix chain script '/home/datvu/robot_arm506_ws/install/setup.zsh'
