[0.016s] Invoking command in '/home/datvu/robot_arm506_ws/build/arduinobot_msgs': CMAKE_PREFIX_PATH=${CMAKE_PREFIX_PATH}:/home/datvu/ros2_ws/install/my_py_pkg:/opt/ros/humble /usr/bin/cmake /home/datvu/robot_arm506_ws/src/arduinobot_msgs -DCMAKE_INSTALL_PREFIX=/home/datvu/robot_arm506_ws/install/arduinobot_msgs
[0.061s] -- The C compiler identification is GNU 11.4.0
[0.099s] -- The CXX compiler identification is GNU 11.4.0
[0.104s] -- Detecting C compiler ABI info
[0.148s] -- Detecting C compiler ABI info - done
[0.153s] -- Check for working C compiler: /usr/bin/cc - skipped
[0.153s] -- Detecting C compile features
[0.153s] -- Detecting C compile features - done
[0.155s] -- Detecting CXX compiler ABI info
[0.217s] -- Detecting CXX compiler ABI info - done
[0.222s] -- Check for working CXX compiler: /usr/bin/c++ - skipped
[0.222s] -- Detecting CXX compile features
[0.222s] -- Detecting CXX compile features - done
[0.224s] -- Found ament_cmake: 1.3.10 (/opt/ros/humble/share/ament_cmake/cmake)
[0.345s] -- Found Python3: /usr/bin/python3 (found version "3.10.12") found components: Interpreter 
[0.403s] -- Found std_msgs: 4.2.4 (/opt/ros/humble/share/std_msgs/cmake)
[0.425s] -- Found rosidl_generator_c: 3.1.5 (/opt/ros/humble/share/rosidl_generator_c/cmake)
[0.428s] -- Found rosidl_adapter: 3.1.5 (/opt/ros/humble/share/rosidl_adapter/cmake)
[0.434s] -- Found rosidl_generator_cpp: 3.1.5 (/opt/ros/humble/share/rosidl_generator_cpp/cmake)
[0.441s] -- Using all available rosidl_typesupport_c: rosidl_typesupport_fastrtps_c;rosidl_typesupport_introspection_c
[0.451s] -- Using all available rosidl_typesupport_cpp: rosidl_typesupport_fastrtps_cpp;rosidl_typesupport_introspection_cpp
[0.467s] -- Found rosidl_default_generators: 1.2.0 (/opt/ros/humble/share/rosidl_default_generators/cmake)
[0.699s] -- Found ament_cmake_ros: 0.10.0 (/opt/ros/humble/share/ament_cmake_ros/cmake)
[0.932s] -- Using all available rosidl_typesupport_c: rosidl_typesupport_fastrtps_c;rosidl_typesupport_introspection_c
[1.038s] -- Using all available rosidl_typesupport_cpp: rosidl_typesupport_fastrtps_cpp;rosidl_typesupport_introspection_cpp
[1.062s] -- Found PythonInterp: /usr/bin/python3 (found suitable version "3.10.12", minimum required is "3.6") 
[1.065s] -- Found python_cmake_module: 0.10.0 (/opt/ros/humble/share/python_cmake_module/cmake)
[1.092s] -- Found PythonLibs: /usr/lib/x86_64-linux-gnu/libpython3.10.so (found suitable version "3.10.12", minimum required is "3.5") 
[1.092s] -- Using PYTHON_EXECUTABLE: /usr/bin/python3
[1.092s] -- Using PYTHON_INCLUDE_DIRS: /usr/include/python3.10
[1.092s] -- Using PYTHON_LIBRARIES: /usr/lib/x86_64-linux-gnu/libpython3.10.so
[1.115s] -- Found PythonExtra: .so  
[1.168s] -- Configuring done
[1.207s] -- Generating done
[1.209s] -- Build files have been written to: /home/datvu/robot_arm506_ws/build/arduinobot_msgs
[1.219s] Invoked command in '/home/datvu/robot_arm506_ws/build/arduinobot_msgs' returned '0': CMAKE_PREFIX_PATH=${CMAKE_PREFIX_PATH}:/home/datvu/ros2_ws/install/my_py_pkg:/opt/ros/humble /usr/bin/cmake /home/datvu/robot_arm506_ws/src/arduinobot_msgs -DCMAKE_INSTALL_PREFIX=/home/datvu/robot_arm506_ws/install/arduinobot_msgs
[1.221s] Invoking command in '/home/datvu/robot_arm506_ws/build/arduinobot_msgs': CMAKE_PREFIX_PATH=${CMAKE_PREFIX_PATH}:/home/datvu/ros2_ws/install/my_py_pkg:/opt/ros/humble /usr/bin/cmake --build /home/datvu/robot_arm506_ws/build/arduinobot_msgs -- -j16 -l16
[1.260s] [  1%] [34m[1mGenerating C code for ROS interfaces[0m
[1.272s] [  3%] [34m[1mGenerating C++ code for ROS interfaces[0m
[1.272s] [  3%] Built target ament_cmake_python_copy_arduinobot_msgs
[1.559s] running egg_info
[1.560s] creating arduinobot_msgs.egg-info
[1.560s] writing arduinobot_msgs.egg-info/PKG-INFO
[1.560s] writing dependency_links to arduinobot_msgs.egg-info/dependency_links.txt
[1.560s] writing top-level names to arduinobot_msgs.egg-info/top_level.txt
[1.560s] writing manifest file 'arduinobot_msgs.egg-info/SOURCES.txt'
[1.562s] reading manifest file 'arduinobot_msgs.egg-info/SOURCES.txt'
[1.563s] writing manifest file 'arduinobot_msgs.egg-info/SOURCES.txt'
[1.587s] [  3%] Built target ament_cmake_python_build_arduinobot_msgs_egg
[2.185s] [  3%] Built target arduinobot_msgs__cpp
[2.193s] [  4%] [32mBuilding C object CMakeFiles/arduinobot_msgs__rosidl_generator_c.dir/rosidl_generator_c/arduinobot_msgs/srv/detail/add_two_ints__functions.c.o[0m
[2.193s] [  6%] [32mBuilding C object CMakeFiles/arduinobot_msgs__rosidl_generator_c.dir/rosidl_generator_c/arduinobot_msgs/srv/detail/quaternion_to_euler__functions.c.o[0m
[2.194s] [  7%] [34m[1mGenerating C++ type support for eProsima Fast-RTPS[0m
[2.195s] [  9%] [34m[1mGenerating C++ type support dispatch for ROS interfaces[0m
[2.195s] [ 12%] [32mBuilding C object CMakeFiles/arduinobot_msgs__rosidl_generator_c.dir/rosidl_generator_c/arduinobot_msgs/action/detail/fibonacci__functions.c.o[0m
[2.195s] [ 12%] [34m[1mGenerating C++ introspection for ROS interfaces[0m
[2.196s] [ 14%] [32mBuilding C object CMakeFiles/arduinobot_msgs__rosidl_generator_c.dir/rosidl_generator_c/arduinobot_msgs/srv/detail/euler_to_quaternion__functions.c.o[0m
[2.197s] [ 15%] [32mBuilding C object CMakeFiles/arduinobot_msgs__rosidl_generator_c.dir/rosidl_generator_c/arduinobot_msgs/action/detail/arduinobot_task__functions.c.o[0m
[2.333s] [ 17%] [32m[1mLinking C shared library libarduinobot_msgs__rosidl_generator_c.so[0m
[2.376s] [ 17%] Built target arduinobot_msgs__rosidl_generator_c
[2.387s] [ 19%] [34m[1mGenerating C type support dispatch for ROS interfaces[0m
[2.387s] [ 22%] [34m[1mGenerating C type support for eProsima Fast-RTPS[0m
[2.387s] [ 22%] [34m[1mGenerating C introspection for ROS interfaces[0m
[2.670s] [ 28%] [32mBuilding CXX object CMakeFiles/arduinobot_msgs__rosidl_typesupport_cpp.dir/rosidl_typesupport_cpp/arduinobot_msgs/srv/euler_to_quaternion__type_support.cpp.o[0m
[2.670s] [ 28%] [32mBuilding CXX object CMakeFiles/arduinobot_msgs__rosidl_typesupport_cpp.dir/rosidl_typesupport_cpp/arduinobot_msgs/srv/quaternion_to_euler__type_support.cpp.o[0m
[2.670s] [ 28%] [32mBuilding CXX object CMakeFiles/arduinobot_msgs__rosidl_typesupport_cpp.dir/rosidl_typesupport_cpp/arduinobot_msgs/action/arduinobot_task__type_support.cpp.o[0m
[2.670s] [ 28%] [32mBuilding CXX object CMakeFiles/arduinobot_msgs__rosidl_typesupport_cpp.dir/rosidl_typesupport_cpp/arduinobot_msgs/srv/add_two_ints__type_support.cpp.o[0m
[2.671s] [ 30%] [32mBuilding CXX object CMakeFiles/arduinobot_msgs__rosidl_typesupport_cpp.dir/rosidl_typesupport_cpp/arduinobot_msgs/action/fibonacci__type_support.cpp.o[0m
[2.828s] [ 31%] [32mBuilding CXX object CMakeFiles/arduinobot_msgs__rosidl_typesupport_fastrtps_cpp.dir/rosidl_typesupport_fastrtps_cpp/arduinobot_msgs/srv/detail/dds_fastrtps/add_two_ints__type_support.cpp.o[0m
[2.828s] [ 33%] [32mBuilding CXX object CMakeFiles/arduinobot_msgs__rosidl_typesupport_fastrtps_cpp.dir/rosidl_typesupport_fastrtps_cpp/arduinobot_msgs/action/detail/dds_fastrtps/fibonacci__type_support.cpp.o[0m
[2.829s] [ 34%] [32mBuilding CXX object CMakeFiles/arduinobot_msgs__rosidl_typesupport_fastrtps_cpp.dir/rosidl_typesupport_fastrtps_cpp/arduinobot_msgs/srv/detail/dds_fastrtps/euler_to_quaternion__type_support.cpp.o[0m
[2.830s] [ 36%] [32mBuilding CXX object CMakeFiles/arduinobot_msgs__rosidl_typesupport_fastrtps_cpp.dir/rosidl_typesupport_fastrtps_cpp/arduinobot_msgs/action/detail/dds_fastrtps/arduinobot_task__type_support.cpp.o[0m
[2.833s] [ 38%] [32mBuilding CXX object CMakeFiles/arduinobot_msgs__rosidl_typesupport_fastrtps_cpp.dir/rosidl_typesupport_fastrtps_cpp/arduinobot_msgs/srv/detail/dds_fastrtps/quaternion_to_euler__type_support.cpp.o[0m
[3.060s] [ 39%] [32mBuilding CXX object CMakeFiles/arduinobot_msgs__rosidl_typesupport_introspection_cpp.dir/rosidl_typesupport_introspection_cpp/arduinobot_msgs/srv/detail/euler_to_quaternion__type_support.cpp.o[0m
[3.061s] [ 41%] [32mBuilding CXX object CMakeFiles/arduinobot_msgs__rosidl_typesupport_introspection_cpp.dir/rosidl_typesupport_introspection_cpp/arduinobot_msgs/srv/detail/add_two_ints__type_support.cpp.o[0m
[3.066s] [ 42%] [32mBuilding CXX object CMakeFiles/arduinobot_msgs__rosidl_typesupport_introspection_cpp.dir/rosidl_typesupport_introspection_cpp/arduinobot_msgs/srv/detail/quaternion_to_euler__type_support.cpp.o[0m
[3.069s] [ 44%] [32mBuilding CXX object CMakeFiles/arduinobot_msgs__rosidl_typesupport_c.dir/rosidl_typesupport_c/arduinobot_msgs/srv/add_two_ints__type_support.cpp.o[0m
[3.080s] [ 46%] [32mBuilding CXX object CMakeFiles/arduinobot_msgs__rosidl_typesupport_introspection_cpp.dir/rosidl_typesupport_introspection_cpp/arduinobot_msgs/action/detail/fibonacci__type_support.cpp.o[0m
[3.090s] [ 47%] [32mBuilding CXX object CMakeFiles/arduinobot_msgs__rosidl_typesupport_introspection_cpp.dir/rosidl_typesupport_introspection_cpp/arduinobot_msgs/action/detail/arduinobot_task__type_support.cpp.o[0m
[3.140s] [ 49%] [32mBuilding CXX object CMakeFiles/arduinobot_msgs__rosidl_typesupport_c.dir/rosidl_typesupport_c/arduinobot_msgs/srv/euler_to_quaternion__type_support.cpp.o[0m
[3.168s] [ 50%] [32mBuilding CXX object CMakeFiles/arduinobot_msgs__rosidl_typesupport_c.dir/rosidl_typesupport_c/arduinobot_msgs/srv/quaternion_to_euler__type_support.cpp.o[0m
[3.169s] [ 52%] [32mBuilding CXX object CMakeFiles/arduinobot_msgs__rosidl_typesupport_fastrtps_c.dir/rosidl_typesupport_fastrtps_c/arduinobot_msgs/srv/detail/add_two_ints__type_support_c.cpp.o[0m
[3.214s] [ 53%] [32mBuilding CXX object CMakeFiles/arduinobot_msgs__rosidl_typesupport_c.dir/rosidl_typesupport_c/arduinobot_msgs/action/fibonacci__type_support.cpp.o[0m
[3.223s] [ 55%] [32mBuilding CXX object CMakeFiles/arduinobot_msgs__rosidl_typesupport_fastrtps_c.dir/rosidl_typesupport_fastrtps_c/arduinobot_msgs/srv/detail/euler_to_quaternion__type_support_c.cpp.o[0m
[3.246s] [ 57%] [32mBuilding CXX object CMakeFiles/arduinobot_msgs__rosidl_typesupport_fastrtps_c.dir/rosidl_typesupport_fastrtps_c/arduinobot_msgs/srv/detail/quaternion_to_euler__type_support_c.cpp.o[0m
[3.266s] [ 58%] [32m[1mLinking CXX shared library libarduinobot_msgs__rosidl_typesupport_cpp.so[0m
[3.332s] [ 60%] [32mBuilding CXX object CMakeFiles/arduinobot_msgs__rosidl_typesupport_c.dir/rosidl_typesupport_c/arduinobot_msgs/action/arduinobot_task__type_support.cpp.o[0m
[3.343s] [ 61%] [32mBuilding CXX object CMakeFiles/arduinobot_msgs__rosidl_typesupport_fastrtps_c.dir/rosidl_typesupport_fastrtps_c/arduinobot_msgs/action/detail/fibonacci__type_support_c.cpp.o[0m
[3.375s] [ 61%] Built target arduinobot_msgs__rosidl_typesupport_cpp
[3.405s] [ 63%] [32mBuilding CXX object CMakeFiles/arduinobot_msgs__rosidl_typesupport_fastrtps_c.dir/rosidl_typesupport_fastrtps_c/arduinobot_msgs/action/detail/arduinobot_task__type_support_c.cpp.o[0m
[3.440s] [ 65%] [32m[1mLinking CXX shared library libarduinobot_msgs__rosidl_typesupport_c.so[0m
[3.465s] [ 66%] [32mBuilding C object CMakeFiles/arduinobot_msgs__rosidl_typesupport_introspection_c.dir/rosidl_typesupport_introspection_c/arduinobot_msgs/srv/detail/add_two_ints__type_support.c.o[0m
[3.470s] [ 68%] [32mBuilding C object CMakeFiles/arduinobot_msgs__rosidl_typesupport_introspection_c.dir/rosidl_typesupport_introspection_c/arduinobot_msgs/srv/detail/euler_to_quaternion__type_support.c.o[0m
[3.494s] [ 69%] [32mBuilding C object CMakeFiles/arduinobot_msgs__rosidl_typesupport_introspection_c.dir/rosidl_typesupport_introspection_c/arduinobot_msgs/srv/detail/quaternion_to_euler__type_support.c.o[0m
[3.545s] [ 69%] Built target arduinobot_msgs__rosidl_typesupport_c
[3.553s] [ 71%] [32mBuilding C object CMakeFiles/arduinobot_msgs__rosidl_typesupport_introspection_c.dir/rosidl_typesupport_introspection_c/arduinobot_msgs/action/detail/fibonacci__type_support.c.o[0m
[3.558s] [ 73%] [32mBuilding C object CMakeFiles/arduinobot_msgs__rosidl_typesupport_introspection_c.dir/rosidl_typesupport_introspection_c/arduinobot_msgs/action/detail/arduinobot_task__type_support.c.o[0m
[3.621s] [ 74%] [32m[1mLinking C shared library libarduinobot_msgs__rosidl_typesupport_introspection_c.so[0m
[3.638s] [ 76%] [32m[1mLinking CXX shared library libarduinobot_msgs__rosidl_typesupport_fastrtps_cpp.so[0m
[3.659s] [ 76%] Built target arduinobot_msgs__rosidl_typesupport_introspection_c
[3.714s] [ 76%] Built target arduinobot_msgs__rosidl_typesupport_fastrtps_cpp
[3.826s] [ 77%] [32m[1mLinking CXX shared library libarduinobot_msgs__rosidl_typesupport_fastrtps_c.so[0m
[3.883s] [ 77%] Built target arduinobot_msgs__rosidl_typesupport_fastrtps_c
[3.913s] [ 79%] [32m[1mLinking CXX shared library libarduinobot_msgs__rosidl_typesupport_introspection_cpp.so[0m
[3.975s] [ 79%] Built target arduinobot_msgs__rosidl_typesupport_introspection_cpp
[3.992s] [ 79%] Built target arduinobot_msgs
[4.013s] [ 80%] [34m[1mGenerating Python code for ROS interfaces[0m
[5.098s] [ 80%] Built target arduinobot_msgs__py
[5.115s] [ 82%] [32mBuilding C object CMakeFiles/arduinobot_msgs__rosidl_generator_py.dir/rosidl_generator_py/arduinobot_msgs/action/_fibonacci_s.c.o[0m
[5.117s] [ 87%] [32mBuilding C object CMakeFiles/arduinobot_msgs__rosidl_generator_py.dir/rosidl_generator_py/arduinobot_msgs/srv/_quaternion_to_euler_s.c.o[0m
[5.118s] [ 87%] [32mBuilding C object CMakeFiles/arduinobot_msgs__rosidl_generator_py.dir/rosidl_generator_py/arduinobot_msgs/srv/_euler_to_quaternion_s.c.o[0m
[5.118s] [ 87%] [32mBuilding C object CMakeFiles/arduinobot_msgs__rosidl_generator_py.dir/rosidl_generator_py/arduinobot_msgs/srv/_add_two_ints_s.c.o[0m
[5.118s] [ 88%] [32mBuilding C object CMakeFiles/arduinobot_msgs__rosidl_generator_py.dir/rosidl_generator_py/arduinobot_msgs/action/_arduinobot_task_s.c.o[0m
[5.224s] [ 90%] [32m[1mLinking C shared library rosidl_generator_py/arduinobot_msgs/libarduinobot_msgs__rosidl_generator_py.so[0m
[5.261s] [ 90%] Built target arduinobot_msgs__rosidl_generator_py
[5.280s] [ 92%] [32mBuilding C object CMakeFiles/arduinobot_msgs__rosidl_typesupport_introspection_c__pyext.dir/rosidl_generator_py/arduinobot_msgs/_arduinobot_msgs_s.ep.rosidl_typesupport_introspection_c.c.o[0m
[5.280s] [ 95%] [32mBuilding C object CMakeFiles/arduinobot_msgs__rosidl_typesupport_fastrtps_c__pyext.dir/rosidl_generator_py/arduinobot_msgs/_arduinobot_msgs_s.ep.rosidl_typesupport_fastrtps_c.c.o[0m
[5.280s] [ 95%] [32mBuilding C object CMakeFiles/arduinobot_msgs__rosidl_typesupport_c__pyext.dir/rosidl_generator_py/arduinobot_msgs/_arduinobot_msgs_s.ep.rosidl_typesupport_c.c.o[0m
[5.382s] [ 98%] [32m[1mLinking C shared library rosidl_generator_py/arduinobot_msgs/arduinobot_msgs_s__rosidl_typesupport_introspection_c.cpython-310-x86_64-linux-gnu.so[0m
[5.382s] [ 98%] [32m[1mLinking C shared library rosidl_generator_py/arduinobot_msgs/arduinobot_msgs_s__rosidl_typesupport_c.cpython-310-x86_64-linux-gnu.so[0m
[5.413s] [ 98%] Built target arduinobot_msgs__rosidl_typesupport_c__pyext
[5.415s] [ 98%] Built target arduinobot_msgs__rosidl_typesupport_introspection_c__pyext
[5.434s] [100%] [32m[1mLinking C shared library rosidl_generator_py/arduinobot_msgs/arduinobot_msgs_s__rosidl_typesupport_fastrtps_c.cpython-310-x86_64-linux-gnu.so[0m
[5.466s] [100%] Built target arduinobot_msgs__rosidl_typesupport_fastrtps_c__pyext
[5.474s] Invoked command in '/home/datvu/robot_arm506_ws/build/arduinobot_msgs' returned '0': CMAKE_PREFIX_PATH=${CMAKE_PREFIX_PATH}:/home/datvu/ros2_ws/install/my_py_pkg:/opt/ros/humble /usr/bin/cmake --build /home/datvu/robot_arm506_ws/build/arduinobot_msgs -- -j16 -l16
[5.589s] Invoking command in '/home/datvu/robot_arm506_ws/build/arduinobot_msgs': CMAKE_PREFIX_PATH=${CMAKE_PREFIX_PATH}:/home/datvu/ros2_ws/install/my_py_pkg:/opt/ros/humble /usr/bin/cmake --install /home/datvu/robot_arm506_ws/build/arduinobot_msgs
[5.598s] -- Install configuration: ""
[5.598s] -- Installing: /home/datvu/robot_arm506_ws/install/arduinobot_msgs/share/ament_index/resource_index/rosidl_interfaces/arduinobot_msgs
[5.598s] -- Installing: /home/datvu/robot_arm506_ws/install/arduinobot_msgs/include/arduinobot_msgs/arduinobot_msgs
[5.598s] -- Installing: /home/datvu/robot_arm506_ws/install/arduinobot_msgs/include/arduinobot_msgs/arduinobot_msgs/action
[5.598s] -- Installing: /home/datvu/robot_arm506_ws/install/arduinobot_msgs/include/arduinobot_msgs/arduinobot_msgs/action/arduinobot_task.h
[5.598s] -- Installing: /home/datvu/robot_arm506_ws/install/arduinobot_msgs/include/arduinobot_msgs/arduinobot_msgs/action/detail
[5.598s] -- Installing: /home/datvu/robot_arm506_ws/install/arduinobot_msgs/include/arduinobot_msgs/arduinobot_msgs/action/detail/fibonacci__struct.h
[5.598s] -- Installing: /home/datvu/robot_arm506_ws/install/arduinobot_msgs/include/arduinobot_msgs/arduinobot_msgs/action/detail/arduinobot_task__functions.h
[5.598s] -- Installing: /home/datvu/robot_arm506_ws/install/arduinobot_msgs/include/arduinobot_msgs/arduinobot_msgs/action/detail/fibonacci__functions.h
[5.598s] -- Installing: /home/datvu/robot_arm506_ws/install/arduinobot_msgs/include/arduinobot_msgs/arduinobot_msgs/action/detail/arduinobot_task__functions.c
[5.599s] -- Installing: /home/datvu/robot_arm506_ws/install/arduinobot_msgs/include/arduinobot_msgs/arduinobot_msgs/action/detail/arduinobot_task__type_support.h
[5.599s] -- Installing: /home/datvu/robot_arm506_ws/install/arduinobot_msgs/include/arduinobot_msgs/arduinobot_msgs/action/detail/fibonacci__type_support.h
[5.599s] -- Installing: /home/datvu/robot_arm506_ws/install/arduinobot_msgs/include/arduinobot_msgs/arduinobot_msgs/action/detail/arduinobot_task__struct.h
[5.599s] -- Installing: /home/datvu/robot_arm506_ws/install/arduinobot_msgs/include/arduinobot_msgs/arduinobot_msgs/action/detail/fibonacci__functions.c
[5.599s] -- Installing: /home/datvu/robot_arm506_ws/install/arduinobot_msgs/include/arduinobot_msgs/arduinobot_msgs/action/fibonacci.h
[5.599s] -- Installing: /home/datvu/robot_arm506_ws/install/arduinobot_msgs/include/arduinobot_msgs/arduinobot_msgs/msg
[5.599s] -- Installing: /home/datvu/robot_arm506_ws/install/arduinobot_msgs/include/arduinobot_msgs/arduinobot_msgs/msg/rosidl_generator_c__visibility_control.h
[5.599s] -- Installing: /home/datvu/robot_arm506_ws/install/arduinobot_msgs/include/arduinobot_msgs/arduinobot_msgs/srv
[5.599s] -- Installing: /home/datvu/robot_arm506_ws/install/arduinobot_msgs/include/arduinobot_msgs/arduinobot_msgs/srv/euler_to_quaternion.h
[5.599s] -- Installing: /home/datvu/robot_arm506_ws/install/arduinobot_msgs/include/arduinobot_msgs/arduinobot_msgs/srv/quaternion_to_euler.h
[5.599s] -- Installing: /home/datvu/robot_arm506_ws/install/arduinobot_msgs/include/arduinobot_msgs/arduinobot_msgs/srv/detail
[5.599s] -- Installing: /home/datvu/robot_arm506_ws/install/arduinobot_msgs/include/arduinobot_msgs/arduinobot_msgs/srv/detail/quaternion_to_euler__functions.c
[5.599s] -- Installing: /home/datvu/robot_arm506_ws/install/arduinobot_msgs/include/arduinobot_msgs/arduinobot_msgs/srv/detail/quaternion_to_euler__functions.h
[5.599s] -- Installing: /home/datvu/robot_arm506_ws/install/arduinobot_msgs/include/arduinobot_msgs/arduinobot_msgs/srv/detail/euler_to_quaternion__type_support.h
[5.600s] -- Installing: /home/datvu/robot_arm506_ws/install/arduinobot_msgs/include/arduinobot_msgs/arduinobot_msgs/srv/detail/euler_to_quaternion__functions.c
[5.600s] -- Installing: /home/datvu/robot_arm506_ws/install/arduinobot_msgs/include/arduinobot_msgs/arduinobot_msgs/srv/detail/add_two_ints__type_support.h
[5.600s] -- Installing: /home/datvu/robot_arm506_ws/install/arduinobot_msgs/include/arduinobot_msgs/arduinobot_msgs/srv/detail/add_two_ints__functions.h
[5.600s] -- Installing: /home/datvu/robot_arm506_ws/install/arduinobot_msgs/include/arduinobot_msgs/arduinobot_msgs/srv/detail/quaternion_to_euler__struct.h
[5.600s] -- Installing: /home/datvu/robot_arm506_ws/install/arduinobot_msgs/include/arduinobot_msgs/arduinobot_msgs/srv/detail/add_two_ints__struct.h
[5.600s] -- Installing: /home/datvu/robot_arm506_ws/install/arduinobot_msgs/include/arduinobot_msgs/arduinobot_msgs/srv/detail/add_two_ints__functions.c
[5.600s] -- Installing: /home/datvu/robot_arm506_ws/install/arduinobot_msgs/include/arduinobot_msgs/arduinobot_msgs/srv/detail/euler_to_quaternion__struct.h
[5.600s] -- Installing: /home/datvu/robot_arm506_ws/install/arduinobot_msgs/include/arduinobot_msgs/arduinobot_msgs/srv/detail/euler_to_quaternion__functions.h
[5.600s] -- Installing: /home/datvu/robot_arm506_ws/install/arduinobot_msgs/include/arduinobot_msgs/arduinobot_msgs/srv/detail/quaternion_to_euler__type_support.h
[5.600s] -- Installing: /home/datvu/robot_arm506_ws/install/arduinobot_msgs/include/arduinobot_msgs/arduinobot_msgs/srv/add_two_ints.h
[5.600s] -- Installing: /home/datvu/robot_arm506_ws/install/arduinobot_msgs/share/arduinobot_msgs/environment/library_path.sh
[5.600s] -- Installing: /home/datvu/robot_arm506_ws/install/arduinobot_msgs/share/arduinobot_msgs/environment/library_path.dsv
[5.600s] -- Installing: /home/datvu/robot_arm506_ws/install/arduinobot_msgs/lib/libarduinobot_msgs__rosidl_generator_c.so
[5.600s] -- Set runtime path of "/home/datvu/robot_arm506_ws/install/arduinobot_msgs/lib/libarduinobot_msgs__rosidl_generator_c.so" to ""
[5.600s] -- Up-to-date: /home/datvu/robot_arm506_ws/install/arduinobot_msgs/include/arduinobot_msgs/arduinobot_msgs
[5.601s] -- Up-to-date: /home/datvu/robot_arm506_ws/install/arduinobot_msgs/include/arduinobot_msgs/arduinobot_msgs/action
[5.601s] -- Up-to-date: /home/datvu/robot_arm506_ws/install/arduinobot_msgs/include/arduinobot_msgs/arduinobot_msgs/action/detail
[5.601s] -- Installing: /home/datvu/robot_arm506_ws/install/arduinobot_msgs/include/arduinobot_msgs/arduinobot_msgs/action/detail/arduinobot_task__rosidl_typesupport_fastrtps_c.h
[5.601s] -- Installing: /home/datvu/robot_arm506_ws/install/arduinobot_msgs/include/arduinobot_msgs/arduinobot_msgs/action/detail/fibonacci__rosidl_typesupport_fastrtps_c.h
[5.601s] -- Up-to-date: /home/datvu/robot_arm506_ws/install/arduinobot_msgs/include/arduinobot_msgs/arduinobot_msgs/msg
[5.601s] -- Installing: /home/datvu/robot_arm506_ws/install/arduinobot_msgs/include/arduinobot_msgs/arduinobot_msgs/msg/rosidl_typesupport_fastrtps_c__visibility_control.h
[5.601s] -- Up-to-date: /home/datvu/robot_arm506_ws/install/arduinobot_msgs/include/arduinobot_msgs/arduinobot_msgs/srv
[5.601s] -- Up-to-date: /home/datvu/robot_arm506_ws/install/arduinobot_msgs/include/arduinobot_msgs/arduinobot_msgs/srv/detail
[5.601s] -- Installing: /home/datvu/robot_arm506_ws/install/arduinobot_msgs/include/arduinobot_msgs/arduinobot_msgs/srv/detail/add_two_ints__rosidl_typesupport_fastrtps_c.h
[5.601s] -- Installing: /home/datvu/robot_arm506_ws/install/arduinobot_msgs/include/arduinobot_msgs/arduinobot_msgs/srv/detail/euler_to_quaternion__rosidl_typesupport_fastrtps_c.h
[5.601s] -- Installing: /home/datvu/robot_arm506_ws/install/arduinobot_msgs/include/arduinobot_msgs/arduinobot_msgs/srv/detail/quaternion_to_euler__rosidl_typesupport_fastrtps_c.h
[5.601s] -- Installing: /home/datvu/robot_arm506_ws/install/arduinobot_msgs/lib/libarduinobot_msgs__rosidl_typesupport_fastrtps_c.so
[5.601s] -- Set runtime path of "/home/datvu/robot_arm506_ws/install/arduinobot_msgs/lib/libarduinobot_msgs__rosidl_typesupport_fastrtps_c.so" to ""
[5.602s] -- Up-to-date: /home/datvu/robot_arm506_ws/install/arduinobot_msgs/include/arduinobot_msgs/arduinobot_msgs
[5.602s] -- Up-to-date: /home/datvu/robot_arm506_ws/install/arduinobot_msgs/include/arduinobot_msgs/arduinobot_msgs/action
[5.602s] -- Installing: /home/datvu/robot_arm506_ws/install/arduinobot_msgs/include/arduinobot_msgs/arduinobot_msgs/action/arduinobot_task.hpp
[5.602s] -- Up-to-date: /home/datvu/robot_arm506_ws/install/arduinobot_msgs/include/arduinobot_msgs/arduinobot_msgs/action/detail
[5.602s] -- Installing: /home/datvu/robot_arm506_ws/install/arduinobot_msgs/include/arduinobot_msgs/arduinobot_msgs/action/detail/fibonacci__traits.hpp
[5.602s] -- Installing: /home/datvu/robot_arm506_ws/install/arduinobot_msgs/include/arduinobot_msgs/arduinobot_msgs/action/detail/arduinobot_task__builder.hpp
[5.602s] -- Installing: /home/datvu/robot_arm506_ws/install/arduinobot_msgs/include/arduinobot_msgs/arduinobot_msgs/action/detail/fibonacci__struct.hpp
[5.602s] -- Installing: /home/datvu/robot_arm506_ws/install/arduinobot_msgs/include/arduinobot_msgs/arduinobot_msgs/action/detail/arduinobot_task__traits.hpp
[5.602s] -- Installing: /home/datvu/robot_arm506_ws/install/arduinobot_msgs/include/arduinobot_msgs/arduinobot_msgs/action/detail/fibonacci__builder.hpp
[5.602s] -- Installing: /home/datvu/robot_arm506_ws/install/arduinobot_msgs/include/arduinobot_msgs/arduinobot_msgs/action/detail/arduinobot_task__struct.hpp
[5.602s] -- Installing: /home/datvu/robot_arm506_ws/install/arduinobot_msgs/include/arduinobot_msgs/arduinobot_msgs/action/fibonacci.hpp
[5.602s] -- Up-to-date: /home/datvu/robot_arm506_ws/install/arduinobot_msgs/include/arduinobot_msgs/arduinobot_msgs/srv
[5.602s] -- Installing: /home/datvu/robot_arm506_ws/install/arduinobot_msgs/include/arduinobot_msgs/arduinobot_msgs/srv/quaternion_to_euler.hpp
[5.602s] -- Installing: /home/datvu/robot_arm506_ws/install/arduinobot_msgs/include/arduinobot_msgs/arduinobot_msgs/srv/euler_to_quaternion.hpp
[5.602s] -- Up-to-date: /home/datvu/robot_arm506_ws/install/arduinobot_msgs/include/arduinobot_msgs/arduinobot_msgs/srv/detail
[5.603s] -- Installing: /home/datvu/robot_arm506_ws/install/arduinobot_msgs/include/arduinobot_msgs/arduinobot_msgs/srv/detail/quaternion_to_euler__struct.hpp
[5.603s] -- Installing: /home/datvu/robot_arm506_ws/install/arduinobot_msgs/include/arduinobot_msgs/arduinobot_msgs/srv/detail/add_two_ints__traits.hpp
[5.603s] -- Installing: /home/datvu/robot_arm506_ws/install/arduinobot_msgs/include/arduinobot_msgs/arduinobot_msgs/srv/detail/add_two_ints__builder.hpp
[5.603s] -- Installing: /home/datvu/robot_arm506_ws/install/arduinobot_msgs/include/arduinobot_msgs/arduinobot_msgs/srv/detail/add_two_ints__struct.hpp
[5.603s] -- Installing: /home/datvu/robot_arm506_ws/install/arduinobot_msgs/include/arduinobot_msgs/arduinobot_msgs/srv/detail/euler_to_quaternion__traits.hpp
[5.603s] -- Installing: /home/datvu/robot_arm506_ws/install/arduinobot_msgs/include/arduinobot_msgs/arduinobot_msgs/srv/detail/euler_to_quaternion__builder.hpp
[5.603s] -- Installing: /home/datvu/robot_arm506_ws/install/arduinobot_msgs/include/arduinobot_msgs/arduinobot_msgs/srv/detail/euler_to_quaternion__struct.hpp
[5.603s] -- Installing: /home/datvu/robot_arm506_ws/install/arduinobot_msgs/include/arduinobot_msgs/arduinobot_msgs/srv/detail/quaternion_to_euler__traits.hpp
[5.603s] -- Installing: /home/datvu/robot_arm506_ws/install/arduinobot_msgs/include/arduinobot_msgs/arduinobot_msgs/srv/detail/quaternion_to_euler__builder.hpp
[5.603s] -- Installing: /home/datvu/robot_arm506_ws/install/arduinobot_msgs/include/arduinobot_msgs/arduinobot_msgs/srv/add_two_ints.hpp
[5.603s] -- Up-to-date: /home/datvu/robot_arm506_ws/install/arduinobot_msgs/include/arduinobot_msgs/arduinobot_msgs
[5.603s] -- Up-to-date: /home/datvu/robot_arm506_ws/install/arduinobot_msgs/include/arduinobot_msgs/arduinobot_msgs/action
[5.603s] -- Up-to-date: /home/datvu/robot_arm506_ws/install/arduinobot_msgs/include/arduinobot_msgs/arduinobot_msgs/action/detail
[5.603s] -- Installing: /home/datvu/robot_arm506_ws/install/arduinobot_msgs/include/arduinobot_msgs/arduinobot_msgs/action/detail/arduinobot_task__rosidl_typesupport_fastrtps_cpp.hpp
[5.603s] -- Installing: /home/datvu/robot_arm506_ws/install/arduinobot_msgs/include/arduinobot_msgs/arduinobot_msgs/action/detail/dds_fastrtps
[5.604s] -- Installing: /home/datvu/robot_arm506_ws/install/arduinobot_msgs/include/arduinobot_msgs/arduinobot_msgs/action/detail/fibonacci__rosidl_typesupport_fastrtps_cpp.hpp
[5.604s] -- Up-to-date: /home/datvu/robot_arm506_ws/install/arduinobot_msgs/include/arduinobot_msgs/arduinobot_msgs/msg
[5.604s] -- Installing: /home/datvu/robot_arm506_ws/install/arduinobot_msgs/include/arduinobot_msgs/arduinobot_msgs/msg/rosidl_typesupport_fastrtps_cpp__visibility_control.h
[5.604s] -- Up-to-date: /home/datvu/robot_arm506_ws/install/arduinobot_msgs/include/arduinobot_msgs/arduinobot_msgs/srv
[5.604s] -- Up-to-date: /home/datvu/robot_arm506_ws/install/arduinobot_msgs/include/arduinobot_msgs/arduinobot_msgs/srv/detail
[5.604s] -- Installing: /home/datvu/robot_arm506_ws/install/arduinobot_msgs/include/arduinobot_msgs/arduinobot_msgs/srv/detail/euler_to_quaternion__rosidl_typesupport_fastrtps_cpp.hpp
[5.604s] -- Installing: /home/datvu/robot_arm506_ws/install/arduinobot_msgs/include/arduinobot_msgs/arduinobot_msgs/srv/detail/add_two_ints__rosidl_typesupport_fastrtps_cpp.hpp
[5.604s] -- Installing: /home/datvu/robot_arm506_ws/install/arduinobot_msgs/include/arduinobot_msgs/arduinobot_msgs/srv/detail/quaternion_to_euler__rosidl_typesupport_fastrtps_cpp.hpp
[5.604s] -- Installing: /home/datvu/robot_arm506_ws/install/arduinobot_msgs/include/arduinobot_msgs/arduinobot_msgs/srv/detail/dds_fastrtps
[5.604s] -- Installing: /home/datvu/robot_arm506_ws/install/arduinobot_msgs/lib/libarduinobot_msgs__rosidl_typesupport_fastrtps_cpp.so
[5.604s] -- Set runtime path of "/home/datvu/robot_arm506_ws/install/arduinobot_msgs/lib/libarduinobot_msgs__rosidl_typesupport_fastrtps_cpp.so" to ""
[5.604s] -- Up-to-date: /home/datvu/robot_arm506_ws/install/arduinobot_msgs/include/arduinobot_msgs/arduinobot_msgs
[5.604s] -- Up-to-date: /home/datvu/robot_arm506_ws/install/arduinobot_msgs/include/arduinobot_msgs/arduinobot_msgs/action
[5.604s] -- Up-to-date: /home/datvu/robot_arm506_ws/install/arduinobot_msgs/include/arduinobot_msgs/arduinobot_msgs/action/detail
[5.605s] -- Installing: /home/datvu/robot_arm506_ws/install/arduinobot_msgs/include/arduinobot_msgs/arduinobot_msgs/action/detail/fibonacci__rosidl_typesupport_introspection_c.h
[5.605s] -- Installing: /home/datvu/robot_arm506_ws/install/arduinobot_msgs/include/arduinobot_msgs/arduinobot_msgs/action/detail/arduinobot_task__rosidl_typesupport_introspection_c.h
[5.605s] -- Installing: /home/datvu/robot_arm506_ws/install/arduinobot_msgs/include/arduinobot_msgs/arduinobot_msgs/action/detail/fibonacci__type_support.c
[5.605s] -- Installing: /home/datvu/robot_arm506_ws/install/arduinobot_msgs/include/arduinobot_msgs/arduinobot_msgs/action/detail/arduinobot_task__type_support.c
[5.605s] -- Up-to-date: /home/datvu/robot_arm506_ws/install/arduinobot_msgs/include/arduinobot_msgs/arduinobot_msgs/msg
[5.605s] -- Installing: /home/datvu/robot_arm506_ws/install/arduinobot_msgs/include/arduinobot_msgs/arduinobot_msgs/msg/rosidl_typesupport_introspection_c__visibility_control.h
[5.605s] -- Up-to-date: /home/datvu/robot_arm506_ws/install/arduinobot_msgs/include/arduinobot_msgs/arduinobot_msgs/srv
[5.605s] -- Up-to-date: /home/datvu/robot_arm506_ws/install/arduinobot_msgs/include/arduinobot_msgs/arduinobot_msgs/srv/detail
[5.605s] -- Installing: /home/datvu/robot_arm506_ws/install/arduinobot_msgs/include/arduinobot_msgs/arduinobot_msgs/srv/detail/quaternion_to_euler__type_support.c
[5.605s] -- Installing: /home/datvu/robot_arm506_ws/install/arduinobot_msgs/include/arduinobot_msgs/arduinobot_msgs/srv/detail/add_two_ints__type_support.c
[5.605s] -- Installing: /home/datvu/robot_arm506_ws/install/arduinobot_msgs/include/arduinobot_msgs/arduinobot_msgs/srv/detail/quaternion_to_euler__rosidl_typesupport_introspection_c.h
[5.605s] -- Installing: /home/datvu/robot_arm506_ws/install/arduinobot_msgs/include/arduinobot_msgs/arduinobot_msgs/srv/detail/euler_to_quaternion__type_support.c
[5.605s] -- Installing: /home/datvu/robot_arm506_ws/install/arduinobot_msgs/include/arduinobot_msgs/arduinobot_msgs/srv/detail/euler_to_quaternion__rosidl_typesupport_introspection_c.h
[5.605s] -- Installing: /home/datvu/robot_arm506_ws/install/arduinobot_msgs/include/arduinobot_msgs/arduinobot_msgs/srv/detail/add_two_ints__rosidl_typesupport_introspection_c.h
[5.605s] -- Installing: /home/datvu/robot_arm506_ws/install/arduinobot_msgs/lib/libarduinobot_msgs__rosidl_typesupport_introspection_c.so
[5.605s] -- Set runtime path of "/home/datvu/robot_arm506_ws/install/arduinobot_msgs/lib/libarduinobot_msgs__rosidl_typesupport_introspection_c.so" to ""
[5.606s] -- Installing: /home/datvu/robot_arm506_ws/install/arduinobot_msgs/lib/libarduinobot_msgs__rosidl_typesupport_c.so
[5.606s] -- Set runtime path of "/home/datvu/robot_arm506_ws/install/arduinobot_msgs/lib/libarduinobot_msgs__rosidl_typesupport_c.so" to ""
[5.606s] -- Up-to-date: /home/datvu/robot_arm506_ws/install/arduinobot_msgs/include/arduinobot_msgs/arduinobot_msgs
[5.606s] -- Up-to-date: /home/datvu/robot_arm506_ws/install/arduinobot_msgs/include/arduinobot_msgs/arduinobot_msgs/action
[5.606s] -- Up-to-date: /home/datvu/robot_arm506_ws/install/arduinobot_msgs/include/arduinobot_msgs/arduinobot_msgs/action/detail
[5.606s] -- Installing: /home/datvu/robot_arm506_ws/install/arduinobot_msgs/include/arduinobot_msgs/arduinobot_msgs/action/detail/fibonacci__type_support.cpp
[5.606s] -- Installing: /home/datvu/robot_arm506_ws/install/arduinobot_msgs/include/arduinobot_msgs/arduinobot_msgs/action/detail/fibonacci__rosidl_typesupport_introspection_cpp.hpp
[5.606s] -- Installing: /home/datvu/robot_arm506_ws/install/arduinobot_msgs/include/arduinobot_msgs/arduinobot_msgs/action/detail/arduinobot_task__rosidl_typesupport_introspection_cpp.hpp
[5.606s] -- Installing: /home/datvu/robot_arm506_ws/install/arduinobot_msgs/include/arduinobot_msgs/arduinobot_msgs/action/detail/arduinobot_task__type_support.cpp
[5.606s] -- Up-to-date: /home/datvu/robot_arm506_ws/install/arduinobot_msgs/include/arduinobot_msgs/arduinobot_msgs/srv
[5.606s] -- Up-to-date: /home/datvu/robot_arm506_ws/install/arduinobot_msgs/include/arduinobot_msgs/arduinobot_msgs/srv/detail
[5.606s] -- Installing: /home/datvu/robot_arm506_ws/install/arduinobot_msgs/include/arduinobot_msgs/arduinobot_msgs/srv/detail/quaternion_to_euler__type_support.cpp
[5.606s] -- Installing: /home/datvu/robot_arm506_ws/install/arduinobot_msgs/include/arduinobot_msgs/arduinobot_msgs/srv/detail/quaternion_to_euler__rosidl_typesupport_introspection_cpp.hpp
[5.606s] -- Installing: /home/datvu/robot_arm506_ws/install/arduinobot_msgs/include/arduinobot_msgs/arduinobot_msgs/srv/detail/euler_to_quaternion__type_support.cpp
[5.606s] -- Installing: /home/datvu/robot_arm506_ws/install/arduinobot_msgs/include/arduinobot_msgs/arduinobot_msgs/srv/detail/euler_to_quaternion__rosidl_typesupport_introspection_cpp.hpp
[5.606s] -- Installing: /home/datvu/robot_arm506_ws/install/arduinobot_msgs/include/arduinobot_msgs/arduinobot_msgs/srv/detail/add_two_ints__rosidl_typesupport_introspection_cpp.hpp
[5.606s] -- Installing: /home/datvu/robot_arm506_ws/install/arduinobot_msgs/include/arduinobot_msgs/arduinobot_msgs/srv/detail/add_two_ints__type_support.cpp
[5.607s] -- Installing: /home/datvu/robot_arm506_ws/install/arduinobot_msgs/lib/libarduinobot_msgs__rosidl_typesupport_introspection_cpp.so
[5.607s] -- Set runtime path of "/home/datvu/robot_arm506_ws/install/arduinobot_msgs/lib/libarduinobot_msgs__rosidl_typesupport_introspection_cpp.so" to ""
[5.607s] -- Installing: /home/datvu/robot_arm506_ws/install/arduinobot_msgs/lib/libarduinobot_msgs__rosidl_typesupport_cpp.so
[5.607s] -- Set runtime path of "/home/datvu/robot_arm506_ws/install/arduinobot_msgs/lib/libarduinobot_msgs__rosidl_typesupport_cpp.so" to ""
[5.607s] -- Installing: /home/datvu/robot_arm506_ws/install/arduinobot_msgs/share/arduinobot_msgs/environment/pythonpath.sh
[5.607s] -- Installing: /home/datvu/robot_arm506_ws/install/arduinobot_msgs/share/arduinobot_msgs/environment/pythonpath.dsv
[5.607s] -- Installing: /home/datvu/robot_arm506_ws/install/arduinobot_msgs/local/lib/python3.10/dist-packages/arduinobot_msgs-0.0.0-py3.10.egg-info
[5.607s] -- Installing: /home/datvu/robot_arm506_ws/install/arduinobot_msgs/local/lib/python3.10/dist-packages/arduinobot_msgs-0.0.0-py3.10.egg-info/top_level.txt
[5.607s] -- Installing: /home/datvu/robot_arm506_ws/install/arduinobot_msgs/local/lib/python3.10/dist-packages/arduinobot_msgs-0.0.0-py3.10.egg-info/PKG-INFO
[5.607s] -- Installing: /home/datvu/robot_arm506_ws/install/arduinobot_msgs/local/lib/python3.10/dist-packages/arduinobot_msgs-0.0.0-py3.10.egg-info/SOURCES.txt
[5.607s] -- Installing: /home/datvu/robot_arm506_ws/install/arduinobot_msgs/local/lib/python3.10/dist-packages/arduinobot_msgs-0.0.0-py3.10.egg-info/dependency_links.txt
[5.607s] -- Installing: /home/datvu/robot_arm506_ws/install/arduinobot_msgs/local/lib/python3.10/dist-packages/arduinobot_msgs
[5.607s] -- Installing: /home/datvu/robot_arm506_ws/install/arduinobot_msgs/local/lib/python3.10/dist-packages/arduinobot_msgs/_arduinobot_msgs_s.ep.rosidl_typesupport_introspection_c.c
[5.607s] -- Installing: /home/datvu/robot_arm506_ws/install/arduinobot_msgs/local/lib/python3.10/dist-packages/arduinobot_msgs/arduinobot_msgs_s__rosidl_typesupport_fastrtps_c.cpython-310-x86_64-linux-gnu.so
[5.607s] -- Installing: /home/datvu/robot_arm506_ws/install/arduinobot_msgs/local/lib/python3.10/dist-packages/arduinobot_msgs/action
[5.607s] -- Installing: /home/datvu/robot_arm506_ws/install/arduinobot_msgs/local/lib/python3.10/dist-packages/arduinobot_msgs/action/_fibonacci.py
[5.607s] -- Installing: /home/datvu/robot_arm506_ws/install/arduinobot_msgs/local/lib/python3.10/dist-packages/arduinobot_msgs/action/_arduinobot_task_s.c
[5.608s] -- Installing: /home/datvu/robot_arm506_ws/install/arduinobot_msgs/local/lib/python3.10/dist-packages/arduinobot_msgs/action/__init__.py
[5.608s] -- Installing: /home/datvu/robot_arm506_ws/install/arduinobot_msgs/local/lib/python3.10/dist-packages/arduinobot_msgs/action/_fibonacci_s.c
[5.608s] -- Installing: /home/datvu/robot_arm506_ws/install/arduinobot_msgs/local/lib/python3.10/dist-packages/arduinobot_msgs/action/_arduinobot_task.py
[5.608s] -- Installing: /home/datvu/robot_arm506_ws/install/arduinobot_msgs/local/lib/python3.10/dist-packages/arduinobot_msgs/_arduinobot_msgs_s.ep.rosidl_typesupport_fastrtps_c.c
[5.608s] -- Installing: /home/datvu/robot_arm506_ws/install/arduinobot_msgs/local/lib/python3.10/dist-packages/arduinobot_msgs/libarduinobot_msgs__rosidl_generator_py.so
[5.608s] -- Installing: /home/datvu/robot_arm506_ws/install/arduinobot_msgs/local/lib/python3.10/dist-packages/arduinobot_msgs/arduinobot_msgs_s__rosidl_typesupport_c.cpython-310-x86_64-linux-gnu.so
[5.608s] -- Installing: /home/datvu/robot_arm506_ws/install/arduinobot_msgs/local/lib/python3.10/dist-packages/arduinobot_msgs/arduinobot_msgs_s__rosidl_typesupport_introspection_c.cpython-310-x86_64-linux-gnu.so
[5.608s] -- Installing: /home/datvu/robot_arm506_ws/install/arduinobot_msgs/local/lib/python3.10/dist-packages/arduinobot_msgs/srv
[5.608s] -- Installing: /home/datvu/robot_arm506_ws/install/arduinobot_msgs/local/lib/python3.10/dist-packages/arduinobot_msgs/srv/_add_two_ints.py
[5.608s] -- Installing: /home/datvu/robot_arm506_ws/install/arduinobot_msgs/local/lib/python3.10/dist-packages/arduinobot_msgs/srv/_euler_to_quaternion_s.c
[5.608s] -- Installing: /home/datvu/robot_arm506_ws/install/arduinobot_msgs/local/lib/python3.10/dist-packages/arduinobot_msgs/srv/_euler_to_quaternion.py
[5.608s] -- Installing: /home/datvu/robot_arm506_ws/install/arduinobot_msgs/local/lib/python3.10/dist-packages/arduinobot_msgs/srv/_add_two_ints_s.c
[5.608s] -- Installing: /home/datvu/robot_arm506_ws/install/arduinobot_msgs/local/lib/python3.10/dist-packages/arduinobot_msgs/srv/_quaternion_to_euler_s.c
[5.608s] -- Installing: /home/datvu/robot_arm506_ws/install/arduinobot_msgs/local/lib/python3.10/dist-packages/arduinobot_msgs/srv/_quaternion_to_euler.py
[5.608s] -- Installing: /home/datvu/robot_arm506_ws/install/arduinobot_msgs/local/lib/python3.10/dist-packages/arduinobot_msgs/srv/__init__.py
[5.608s] -- Installing: /home/datvu/robot_arm506_ws/install/arduinobot_msgs/local/lib/python3.10/dist-packages/arduinobot_msgs/__init__.py
[5.608s] -- Installing: /home/datvu/robot_arm506_ws/install/arduinobot_msgs/local/lib/python3.10/dist-packages/arduinobot_msgs/_arduinobot_msgs_s.ep.rosidl_typesupport_c.c
[5.636s] Listing '/home/datvu/robot_arm506_ws/install/arduinobot_msgs/local/lib/python3.10/dist-packages/arduinobot_msgs'...
[5.636s] Compiling '/home/datvu/robot_arm506_ws/install/arduinobot_msgs/local/lib/python3.10/dist-packages/arduinobot_msgs/__init__.py'...
[5.636s] Listing '/home/datvu/robot_arm506_ws/install/arduinobot_msgs/local/lib/python3.10/dist-packages/arduinobot_msgs/action'...
[5.636s] Compiling '/home/datvu/robot_arm506_ws/install/arduinobot_msgs/local/lib/python3.10/dist-packages/arduinobot_msgs/action/__init__.py'...
[5.636s] Compiling '/home/datvu/robot_arm506_ws/install/arduinobot_msgs/local/lib/python3.10/dist-packages/arduinobot_msgs/action/_arduinobot_task.py'...
[5.636s] Compiling '/home/datvu/robot_arm506_ws/install/arduinobot_msgs/local/lib/python3.10/dist-packages/arduinobot_msgs/action/_fibonacci.py'...
[5.636s] Listing '/home/datvu/robot_arm506_ws/install/arduinobot_msgs/local/lib/python3.10/dist-packages/arduinobot_msgs/srv'...
[5.636s] Compiling '/home/datvu/robot_arm506_ws/install/arduinobot_msgs/local/lib/python3.10/dist-packages/arduinobot_msgs/srv/__init__.py'...
[5.636s] Compiling '/home/datvu/robot_arm506_ws/install/arduinobot_msgs/local/lib/python3.10/dist-packages/arduinobot_msgs/srv/_add_two_ints.py'...
[5.636s] Compiling '/home/datvu/robot_arm506_ws/install/arduinobot_msgs/local/lib/python3.10/dist-packages/arduinobot_msgs/srv/_euler_to_quaternion.py'...
[5.636s] Compiling '/home/datvu/robot_arm506_ws/install/arduinobot_msgs/local/lib/python3.10/dist-packages/arduinobot_msgs/srv/_quaternion_to_euler.py'...
[5.639s] -- Installing: /home/datvu/robot_arm506_ws/install/arduinobot_msgs/local/lib/python3.10/dist-packages/arduinobot_msgs/arduinobot_msgs_s__rosidl_typesupport_fastrtps_c.cpython-310-x86_64-linux-gnu.so
[5.639s] -- Set runtime path of "/home/datvu/robot_arm506_ws/install/arduinobot_msgs/local/lib/python3.10/dist-packages/arduinobot_msgs/arduinobot_msgs_s__rosidl_typesupport_fastrtps_c.cpython-310-x86_64-linux-gnu.so" to ""
[5.639s] -- Installing: /home/datvu/robot_arm506_ws/install/arduinobot_msgs/local/lib/python3.10/dist-packages/arduinobot_msgs/arduinobot_msgs_s__rosidl_typesupport_introspection_c.cpython-310-x86_64-linux-gnu.so
[5.640s] -- Set runtime path of "/home/datvu/robot_arm506_ws/install/arduinobot_msgs/local/lib/python3.10/dist-packages/arduinobot_msgs/arduinobot_msgs_s__rosidl_typesupport_introspection_c.cpython-310-x86_64-linux-gnu.so" to ""
[5.640s] -- Installing: /home/datvu/robot_arm506_ws/install/arduinobot_msgs/local/lib/python3.10/dist-packages/arduinobot_msgs/arduinobot_msgs_s__rosidl_typesupport_c.cpython-310-x86_64-linux-gnu.so
[5.640s] -- Set runtime path of "/home/datvu/robot_arm506_ws/install/arduinobot_msgs/local/lib/python3.10/dist-packages/arduinobot_msgs/arduinobot_msgs_s__rosidl_typesupport_c.cpython-310-x86_64-linux-gnu.so" to ""
[5.640s] -- Installing: /home/datvu/robot_arm506_ws/install/arduinobot_msgs/lib/libarduinobot_msgs__rosidl_generator_py.so
[5.640s] -- Set runtime path of "/home/datvu/robot_arm506_ws/install/arduinobot_msgs/lib/libarduinobot_msgs__rosidl_generator_py.so" to ""
[5.640s] -- Installing: /home/datvu/robot_arm506_ws/install/arduinobot_msgs/share/arduinobot_msgs/srv/AddTwoInts.idl
[5.640s] -- Installing: /home/datvu/robot_arm506_ws/install/arduinobot_msgs/share/arduinobot_msgs/srv/EulerToQuaternion.idl
[5.640s] -- Installing: /home/datvu/robot_arm506_ws/install/arduinobot_msgs/share/arduinobot_msgs/srv/QuaternionToEuler.idl
[5.640s] -- Installing: /home/datvu/robot_arm506_ws/install/arduinobot_msgs/share/arduinobot_msgs/action/Fibonacci.idl
[5.640s] -- Installing: /home/datvu/robot_arm506_ws/install/arduinobot_msgs/share/arduinobot_msgs/action/ArduinobotTask.idl
[5.640s] -- Installing: /home/datvu/robot_arm506_ws/install/arduinobot_msgs/share/arduinobot_msgs/srv/AddTwoInts.srv
[5.640s] -- Installing: /home/datvu/robot_arm506_ws/install/arduinobot_msgs/share/arduinobot_msgs/srv/AddTwoInts_Request.msg
[5.640s] -- Installing: /home/datvu/robot_arm506_ws/install/arduinobot_msgs/share/arduinobot_msgs/srv/AddTwoInts_Response.msg
[5.641s] -- Installing: /home/datvu/robot_arm506_ws/install/arduinobot_msgs/share/arduinobot_msgs/srv/EulerToQuaternion.srv
[5.641s] -- Installing: /home/datvu/robot_arm506_ws/install/arduinobot_msgs/share/arduinobot_msgs/srv/EulerToQuaternion_Request.msg
[5.641s] -- Installing: /home/datvu/robot_arm506_ws/install/arduinobot_msgs/share/arduinobot_msgs/srv/EulerToQuaternion_Response.msg
[5.641s] -- Installing: /home/datvu/robot_arm506_ws/install/arduinobot_msgs/share/arduinobot_msgs/srv/QuaternionToEuler.srv
[5.641s] -- Installing: /home/datvu/robot_arm506_ws/install/arduinobot_msgs/share/arduinobot_msgs/srv/QuaternionToEuler_Request.msg
[5.641s] -- Installing: /home/datvu/robot_arm506_ws/install/arduinobot_msgs/share/arduinobot_msgs/srv/QuaternionToEuler_Response.msg
[5.641s] -- Installing: /home/datvu/robot_arm506_ws/install/arduinobot_msgs/share/arduinobot_msgs/action/Fibonacci.action
[5.641s] -- Installing: /home/datvu/robot_arm506_ws/install/arduinobot_msgs/share/arduinobot_msgs/action/ArduinobotTask.action
[5.641s] -- Installing: /home/datvu/robot_arm506_ws/install/arduinobot_msgs/share/ament_index/resource_index/package_run_dependencies/arduinobot_msgs
[5.641s] -- Installing: /home/datvu/robot_arm506_ws/install/arduinobot_msgs/share/ament_index/resource_index/parent_prefix_path/arduinobot_msgs
[5.641s] -- Installing: /home/datvu/robot_arm506_ws/install/arduinobot_msgs/share/arduinobot_msgs/environment/ament_prefix_path.sh
[5.641s] -- Installing: /home/datvu/robot_arm506_ws/install/arduinobot_msgs/share/arduinobot_msgs/environment/ament_prefix_path.dsv
[5.641s] -- Installing: /home/datvu/robot_arm506_ws/install/arduinobot_msgs/share/arduinobot_msgs/environment/path.sh
[5.641s] -- Installing: /home/datvu/robot_arm506_ws/install/arduinobot_msgs/share/arduinobot_msgs/environment/path.dsv
[5.641s] -- Installing: /home/datvu/robot_arm506_ws/install/arduinobot_msgs/share/arduinobot_msgs/local_setup.bash
[5.641s] -- Installing: /home/datvu/robot_arm506_ws/install/arduinobot_msgs/share/arduinobot_msgs/local_setup.sh
[5.641s] -- Installing: /home/datvu/robot_arm506_ws/install/arduinobot_msgs/share/arduinobot_msgs/local_setup.zsh
[5.641s] -- Installing: /home/datvu/robot_arm506_ws/install/arduinobot_msgs/share/arduinobot_msgs/local_setup.dsv
[5.641s] -- Installing: /home/datvu/robot_arm506_ws/install/arduinobot_msgs/share/arduinobot_msgs/package.dsv
[5.641s] -- Installing: /home/datvu/robot_arm506_ws/install/arduinobot_msgs/share/ament_index/resource_index/packages/arduinobot_msgs
[5.641s] -- Installing: /home/datvu/robot_arm506_ws/install/arduinobot_msgs/share/arduinobot_msgs/cmake/export_arduinobot_msgs__rosidl_generator_cExport.cmake
[5.641s] -- Installing: /home/datvu/robot_arm506_ws/install/arduinobot_msgs/share/arduinobot_msgs/cmake/export_arduinobot_msgs__rosidl_generator_cExport-noconfig.cmake
[5.641s] -- Installing: /home/datvu/robot_arm506_ws/install/arduinobot_msgs/share/arduinobot_msgs/cmake/export_arduinobot_msgs__rosidl_typesupport_fastrtps_cExport.cmake
[5.642s] -- Installing: /home/datvu/robot_arm506_ws/install/arduinobot_msgs/share/arduinobot_msgs/cmake/export_arduinobot_msgs__rosidl_typesupport_fastrtps_cExport-noconfig.cmake
[5.642s] -- Installing: /home/datvu/robot_arm506_ws/install/arduinobot_msgs/share/arduinobot_msgs/cmake/export_arduinobot_msgs__rosidl_generator_cppExport.cmake
[5.642s] -- Installing: /home/datvu/robot_arm506_ws/install/arduinobot_msgs/share/arduinobot_msgs/cmake/export_arduinobot_msgs__rosidl_typesupport_fastrtps_cppExport.cmake
[5.642s] -- Installing: /home/datvu/robot_arm506_ws/install/arduinobot_msgs/share/arduinobot_msgs/cmake/export_arduinobot_msgs__rosidl_typesupport_fastrtps_cppExport-noconfig.cmake
[5.642s] -- Installing: /home/datvu/robot_arm506_ws/install/arduinobot_msgs/share/arduinobot_msgs/cmake/arduinobot_msgs__rosidl_typesupport_introspection_cExport.cmake
[5.642s] -- Installing: /home/datvu/robot_arm506_ws/install/arduinobot_msgs/share/arduinobot_msgs/cmake/arduinobot_msgs__rosidl_typesupport_introspection_cExport-noconfig.cmake
[5.642s] -- Installing: /home/datvu/robot_arm506_ws/install/arduinobot_msgs/share/arduinobot_msgs/cmake/arduinobot_msgs__rosidl_typesupport_cExport.cmake
[5.642s] -- Installing: /home/datvu/robot_arm506_ws/install/arduinobot_msgs/share/arduinobot_msgs/cmake/arduinobot_msgs__rosidl_typesupport_cExport-noconfig.cmake
[5.642s] -- Installing: /home/datvu/robot_arm506_ws/install/arduinobot_msgs/share/arduinobot_msgs/cmake/arduinobot_msgs__rosidl_typesupport_introspection_cppExport.cmake
[5.642s] -- Installing: /home/datvu/robot_arm506_ws/install/arduinobot_msgs/share/arduinobot_msgs/cmake/arduinobot_msgs__rosidl_typesupport_introspection_cppExport-noconfig.cmake
[5.642s] -- Installing: /home/datvu/robot_arm506_ws/install/arduinobot_msgs/share/arduinobot_msgs/cmake/arduinobot_msgs__rosidl_typesupport_cppExport.cmake
[5.642s] -- Installing: /home/datvu/robot_arm506_ws/install/arduinobot_msgs/share/arduinobot_msgs/cmake/arduinobot_msgs__rosidl_typesupport_cppExport-noconfig.cmake
[5.643s] -- Installing: /home/datvu/robot_arm506_ws/install/arduinobot_msgs/share/arduinobot_msgs/cmake/export_arduinobot_msgs__rosidl_generator_pyExport.cmake
[5.643s] -- Installing: /home/datvu/robot_arm506_ws/install/arduinobot_msgs/share/arduinobot_msgs/cmake/export_arduinobot_msgs__rosidl_generator_pyExport-noconfig.cmake
[5.643s] -- Installing: /home/datvu/robot_arm506_ws/install/arduinobot_msgs/share/arduinobot_msgs/cmake/rosidl_cmake-extras.cmake
[5.643s] -- Installing: /home/datvu/robot_arm506_ws/install/arduinobot_msgs/share/arduinobot_msgs/cmake/ament_cmake_export_dependencies-extras.cmake
[5.643s] -- Installing: /home/datvu/robot_arm506_ws/install/arduinobot_msgs/share/arduinobot_msgs/cmake/ament_cmake_export_include_directories-extras.cmake
[5.643s] -- Installing: /home/datvu/robot_arm506_ws/install/arduinobot_msgs/share/arduinobot_msgs/cmake/ament_cmake_export_libraries-extras.cmake
[5.643s] -- Installing: /home/datvu/robot_arm506_ws/install/arduinobot_msgs/share/arduinobot_msgs/cmake/ament_cmake_export_targets-extras.cmake
[5.643s] -- Installing: /home/datvu/robot_arm506_ws/install/arduinobot_msgs/share/arduinobot_msgs/cmake/rosidl_cmake_export_typesupport_targets-extras.cmake
[5.643s] -- Installing: /home/datvu/robot_arm506_ws/install/arduinobot_msgs/share/arduinobot_msgs/cmake/rosidl_cmake_export_typesupport_libraries-extras.cmake
[5.643s] -- Installing: /home/datvu/robot_arm506_ws/install/arduinobot_msgs/share/arduinobot_msgs/cmake/arduinobot_msgsConfig.cmake
[5.643s] -- Installing: /home/datvu/robot_arm506_ws/install/arduinobot_msgs/share/arduinobot_msgs/cmake/arduinobot_msgsConfig-version.cmake
[5.643s] -- Installing: /home/datvu/robot_arm506_ws/install/arduinobot_msgs/share/arduinobot_msgs/package.xml
[5.645s] Invoked command in '/home/datvu/robot_arm506_ws/build/arduinobot_msgs' returned '0': CMAKE_PREFIX_PATH=${CMAKE_PREFIX_PATH}:/home/datvu/ros2_ws/install/my_py_pkg:/opt/ros/humble /usr/bin/cmake --install /home/datvu/robot_arm506_ws/build/arduinobot_msgs
